[    0.000000] Initializing cgroup subsys cpuset
[    0.000000] Initializing cgroup subsys cpu
[    0.000000] Initializing cgroup subsys cpuacct
[    0.000000] Linux version 4.4.0-173-generic (buildd@lgw01-amd64-037) (gcc version 5.4.0 20160609 (Ubuntu 5.4.0-6ubuntu1~16.04.12) ) #203-Ubuntu SMP Wed Jan 15 02:55:01 UTC 2020 (Ubuntu 4.4.0-173.203-generic 4.4.208)
[    0.000000] Command line: BOOT_IMAGE=/boot/vmlinuz-4.4.0-173-generic root=LABEL=cloudimg-rootfs ro console=tty1 console=ttyS0
[    0.000000] KERNEL supported cpus:
[    0.000000]   Intel GenuineIntel
[    0.000000]   AMD AuthenticAMD
[    0.000000]   Centaur CentaurHauls
[    0.000000] x86/fpu: xstate_offset[2]:  576, xstate_sizes[2]:  256
[    0.000000] x86/fpu: Supporting XSAVE feature 0x01: 'x87 floating point registers'
[    0.000000] x86/fpu: Supporting XSAVE feature 0x02: 'SSE registers'
[    0.000000] x86/fpu: Supporting XSAVE feature 0x04: 'AVX registers'
[    0.000000] x86/fpu: Enabled xstate features 0x7, context size is 832 bytes, using 'standard' format.
[    0.000000] e820: BIOS-provided physical RAM map:
[    0.000000] BIOS-e820: [mem 0x0000000000000000-0x000000000009fbff] usable
[    0.000000] BIOS-e820: [mem 0x000000000009fc00-0x000000000009ffff] reserved
[    0.000000] BIOS-e820: [mem 0x00000000000f0000-0x00000000000fffff] reserved
[    0.000000] BIOS-e820: [mem 0x0000000000100000-0x000000003ffeffff] usable
[    0.000000] BIOS-e820: [mem 0x000000003fff0000-0x000000003fffffff] ACPI data
[    0.000000] BIOS-e820: [mem 0x00000000fec00000-0x00000000fec00fff] reserved
[    0.000000] BIOS-e820: [mem 0x00000000fee00000-0x00000000fee00fff] reserved
[    0.000000] BIOS-e820: [mem 0x00000000fffc0000-0x00000000ffffffff] reserved
[    0.000000] NX (Execute Disable) protection: active
[    0.000000] SMBIOS 2.5 present.
[    0.000000] Hypervisor detected: KVM
[    0.000000] e820: last_pfn = 0x3fff0 max_arch_pfn = 0x400000000
[    0.000000] MTRR: Disabled
[    0.000000] x86/PAT: MTRRs disabled, skipping PAT initialization too.
[    0.000000] CPU MTRRs all blank - virtualized system.
[    0.000000] x86/PAT: Configuration [0-7]: WB  WT  UC- UC  WB  WT  UC- UC  
[    0.000000] found SMP MP-table at [mem 0x0009fff0-0x0009ffff] mapped at [ffff88000009fff0]
[    0.000000] Scanning 1 areas for low memory corruption
[    0.000000] RAMDISK: [mem 0x362e4000-0x37169fff]
[    0.000000] ACPI: Early table checksum verification disabled
[    0.000000] ACPI: RSDP 0x00000000000E0000 000024 (v02 VBOX  )
[    0.000000] ACPI: XSDT 0x000000003FFF0030 00003C (v01 VBOX   VBOXXSDT 00000001 ASL  00000061)
[    0.000000] ACPI: FACP 0x000000003FFF00F0 0000F4 (v04 VBOX   VBOXFACP 00000001 ASL  00000061)
[    0.000000] ACPI: DSDT 0x000000003FFF0470 002325 (v02 VBOX   VBOXBIOS 00000002 INTL 20100528)
[    0.000000] ACPI: FACS 0x000000003FFF0200 000040
[    0.000000] ACPI: FACS 0x000000003FFF0200 000040
[    0.000000] ACPI: APIC 0x000000003FFF0240 00005C (v02 VBOX   VBOXAPIC 00000001 ASL  00000061)
[    0.000000] ACPI: SSDT 0x000000003FFF02A0 0001CC (v01 VBOX   VBOXCPUT 00000002 INTL 20100528)
[    0.000000] No NUMA configuration found
[    0.000000] Faking a node at [mem 0x0000000000000000-0x000000003ffeffff]
[    0.000000] NODE_DATA(0) allocated [mem 0x3ffeb000-0x3ffeffff]
[    0.000000] kvm-clock: Using msrs 4b564d01 and 4b564d00
[    0.000000] kvm-clock: cpu 0, msr 0:3ffe3001, primary cpu clock
[    0.000000] kvm-clock: using sched offset of 4058251875 cycles
[    0.000000] clocksource: kvm-clock: mask: 0xffffffffffffffff max_cycles: 0x1cd42e4dffb, max_idle_ns: 881590591483 ns
[    0.000000] Zone ranges:
[    0.000000]   DMA      [mem 0x0000000000001000-0x0000000000ffffff]
[    0.000000]   DMA32    [mem 0x0000000001000000-0x000000003ffeffff]
[    0.000000]   Normal   empty
[    0.000000]   Device   empty
[    0.000000] Movable zone start for each node
[    0.000000] Early memory node ranges
[    0.000000]   node   0: [mem 0x0000000000001000-0x000000000009efff]
[    0.000000]   node   0: [mem 0x0000000000100000-0x000000003ffeffff]
[    0.000000] Initmem setup node 0 [mem 0x0000000000001000-0x000000003ffeffff]
[    0.000000] ACPI: PM-Timer IO Port: 0x4008
[    0.000000] IOAPIC[0]: apic_id 2, version 32, address 0xfec00000, GSI 0-23
[    0.000000] ACPI: INT_SRC_OVR (bus 0 bus_irq 0 global_irq 2 dfl dfl)
[    0.000000] ACPI: INT_SRC_OVR (bus 0 bus_irq 9 global_irq 9 low level)
[    0.000000] Using ACPI (MADT) for SMP configuration information
[    0.000000] smpboot: Allowing 2 CPUs, 0 hotplug CPUs
[    0.000000] PM: Registered nosave memory: [mem 0x00000000-0x00000fff]
[    0.000000] PM: Registered nosave memory: [mem 0x0009f000-0x0009ffff]
[    0.000000] PM: Registered nosave memory: [mem 0x000a0000-0x000effff]
[    0.000000] PM: Registered nosave memory: [mem 0x000f0000-0x000fffff]
[    0.000000] e820: [mem 0x40000000-0xfebfffff] available for PCI devices
[    0.000000] Booting paravirtualized kernel on KVM
[    0.000000] clocksource: refined-jiffies: mask: 0xffffffff max_cycles: 0xffffffff, max_idle_ns: 7645519600211568 ns
[    0.000000] setup_percpu: NR_CPUS:512 nr_cpumask_bits:512 nr_cpu_ids:2 nr_node_ids:1
[    0.000000] PERCPU: Embedded 33 pages/cpu @ffff88003fc00000 s95448 r8192 d31528 u1048576
[    0.000000] Built 1 zonelists in Node order, mobility grouping on.  Total pages: 257912
[    0.000000] Policy zone: DMA32
[    0.000000] Kernel command line: BOOT_IMAGE=/boot/vmlinuz-4.4.0-173-generic root=LABEL=cloudimg-rootfs ro console=tty1 console=ttyS0
[    0.000000] PID hash table entries: 4096 (order: 3, 32768 bytes)
[    0.000000] Memory: 997680K/1048120K available (8626K kernel code, 1336K rwdata, 4032K rodata, 1488K init, 1292K bss, 50440K reserved, 0K cma-reserved)
[    0.000000] SLUB: HWalign=64, Order=0-3, MinObjects=0, CPUs=2, Nodes=1
[    0.000000] Kernel/User page tables isolation: enabled
[    0.000000] Hierarchical RCU implementation.
[    0.000000] 	Build-time adjustment of leaf fanout to 64.
[    0.000000] 	RCU restricting CPUs from NR_CPUS=512 to nr_cpu_ids=2.
[    0.000000] RCU: Adjusting geometry for rcu_fanout_leaf=64, nr_cpu_ids=2
[    0.000000] NR_IRQS:33024 nr_irqs:440 16
[    0.000000] Console: colour VGA+ 80x25
[    0.000000] console [tty1] enabled
[    0.000000] console [ttyS0] enabled
[    0.000000] tsc: Detected 3192.752 MHz processor
[    0.306008] Calibrating delay loop (skipped) preset value.. 6385.50 BogoMIPS (lpj=12771008)
[    0.309536] pid_max: default: 32768 minimum: 301
[    0.311273] ACPI: Core revision 20150930
[    0.316761] ACPI: 2 ACPI AML tables successfully acquired and loaded
[    0.319393] Security Framework initialized
[    0.320985] Yama: becoming mindful.
[    0.322586] AppArmor: AppArmor initialized
[    0.324454] Dentry cache hash table entries: 131072 (order: 8, 1048576 bytes)
[    0.331746] Inode-cache hash table entries: 65536 (order: 7, 524288 bytes)
[    0.334515] Mount-cache hash table entries: 2048 (order: 2, 16384 bytes)
[    0.336890] Mountpoint-cache hash table entries: 2048 (order: 2, 16384 bytes)
[    0.339730] Initializing cgroup subsys io
[    0.341446] Initializing cgroup subsys memory
[    0.343263] Initializing cgroup subsys devices
[    0.345121] Initializing cgroup subsys freezer
[    0.346838] Initializing cgroup subsys net_cls
[    0.348614] Initializing cgroup subsys perf_event
[    0.350500] Initializing cgroup subsys net_prio
[    0.352362] Initializing cgroup subsys hugetlb
[    0.354159] Initializing cgroup subsys pids
[    0.356361] mce: CPU supports 0 MCE banks
[    0.358130] Last level iTLB entries: 4KB 512, 2MB 8, 4MB 8
[    0.360154] Last level dTLB entries: 4KB 512, 2MB 32, 4MB 32, 1GB 0
[    0.362381] Spectre V1 : Mitigation: usercopy/swapgs barriers and __user pointer sanitization
[    0.365721] Spectre V2 : Mitigation: Full generic retpoline
[    0.367715] Spectre V2 : Spectre v2 / SpectreRSB mitigation: Filling RSB on context switch
[    0.371042] Speculative Store Bypass: Vulnerable
[    0.373061] MDS: Vulnerable: Clear CPU buffers attempted, no microcode
[    0.380609] Freeing SMP alternatives memory: 36K
[    0.393795] ftrace: allocating 32304 entries in 127 pages
[    0.508409] smpboot: APIC(0) Converting physical 0 to logical package 0
[    0.510846] smpboot: Max logical packages: 1
[    0.513398] x2apic enabled
[    0.515334] Switched APIC routing to physical x2apic.
[    0.520159] ..TIMER: vector=0x30 apic1=0 pin1=2 apic2=-1 pin2=-1
[    0.630535] smpboot: CPU0: Intel(R) Core(TM) i5-3470 CPU @ 3.20GHz (family: 0x6, model: 0x3a, stepping: 0x9)
[    0.634717] Performance Events: unsupported p6 CPU model 58 no PMU driver, software events only.
[    0.652841] KVM setup paravirtual spinlock
[    0.655472] x86: Booting SMP configuration:
[    0.657242] .... node  #0, CPUs:      #1
[    0.658906] kvm-clock: cpu 1, msr 0:3ffe3041, secondary cpu clock
[    0.660590] mce: CPU supports 0 MCE banks
[    0.663457] x86: Booted up 1 node, 2 CPUs
[    0.665569] smpboot: Total of 2 processors activated (12771.00 BogoMIPS)
[    0.668962] devtmpfs: initialized
[    0.681228] evm: security.selinux
[    0.682697] evm: security.SMACK64
[    0.684150] evm: security.SMACK64EXEC
[    0.685715] evm: security.SMACK64TRANSMUTE
[    0.687338] evm: security.SMACK64MMAP
[    0.689035] evm: security.ima
[    0.690503] evm: security.capability
[    0.692523] clocksource: jiffies: mask: 0xffffffff max_cycles: 0xffffffff, max_idle_ns: 7645041785100000 ns
[    0.696387] futex hash table entries: 512 (order: 3, 32768 bytes)
[    0.698790] pinctrl core: initialized pinctrl subsystem
[    0.701078] RTC time: 23:37:26, date: 02/26/20
[    0.703094] NET: Registered protocol family 16
[    0.715141] cpuidle: using governor ladder
[    0.727216] cpuidle: using governor menu
[    0.728921] PCCT header not found.
[    0.730755] ACPI: bus type PCI registered
[    0.732464] acpiphp: ACPI Hot Plug PCI Controller Driver version: 0.5
[    0.734929] PCI: Using configuration type 1 for base access
[    0.752807] ACPI: Added _OSI(Module Device)
[    0.754646] ACPI: Added _OSI(Processor Device)
[    0.756773] ACPI: Added _OSI(3.0 _SCP Extensions)
[    0.758613] ACPI: Added _OSI(Processor Aggregator Device)
[    0.762350] ACPI: Executed 1 blocks of module-level executable AML code
[    0.770438] ACPI: Interpreter enabled
[    0.772031] ACPI: (supports S0 S5)
[    0.773595] ACPI: Using IOAPIC for interrupt routing
[    0.775968] PCI: Using host bridge windows from ACPI; if necessary, use "pci=nocrs" and report a bug
[    0.788475] ACPI: PCI Root Bridge [PCI0] (domain 0000 [bus 00-ff])
[    0.790744] acpi PNP0A03:00: _OSC: OS supports [ASPM ClockPM Segments MSI]
[    0.794112] acpi PNP0A03:00: _OSC: not requesting OS control; OS requires [ExtendedConfig ASPM ClockPM MSI]
[    0.797825] acpi PNP0A03:00: fail to add MMCONFIG information, can't access extended PCI configuration space under this bridge.
[    0.802486] PCI host bridge to bus 0000:00
[    0.804201] pci_bus 0000:00: root bus resource [io  0x0000-0x0cf7 window]
[    0.806646] pci_bus 0000:00: root bus resource [io  0x0d00-0xffff window]
[    0.809045] pci_bus 0000:00: root bus resource [mem 0x000a0000-0x000bffff window]
[    0.812103] pci_bus 0000:00: root bus resource [mem 0x40000000-0xfdffffff window]
[    0.815258] pci_bus 0000:00: root bus resource [bus 00-ff]
[    0.820329] pci 0000:00:01.1: legacy IDE quirk: reg 0x10: [io  0x01f0-0x01f7]
[    0.822718] pci 0000:00:01.1: legacy IDE quirk: reg 0x14: [io  0x03f6]
[    0.825243] pci 0000:00:01.1: legacy IDE quirk: reg 0x18: [io  0x0170-0x0177]
[    0.827845] pci 0000:00:01.1: legacy IDE quirk: reg 0x1c: [io  0x0376]
[    0.869659] pci 0000:00:07.0: quirk: [io  0x4000-0x403f] claimed by PIIX4 ACPI
[    0.872957] pci 0000:00:07.0: quirk: [io  0x4100-0x410f] claimed by PIIX4 SMB
[    0.885086] ACPI: PCI Interrupt Link [LNKA] (IRQs 5 9 10 *11)
[    0.888492] ACPI: PCI Interrupt Link [LNKB] (IRQs 5 9 *10 11)
[    0.891670] ACPI: PCI Interrupt Link [LNKC] (IRQs 5 *9 10 11)
[    0.894660] ACPI: PCI Interrupt Link [LNKD] (IRQs 5 9 10 *11)
[    0.897749] ACPI: Enabled 2 GPEs in block 00 to 07
[    0.900233] vgaarb: setting as boot device: PCI:0000:00:02.0
[    0.902482] vgaarb: device added: PCI:0000:00:02.0,decodes=io+mem,owns=io+mem,locks=none
[    0.905734] vgaarb: loaded
[    0.907201] vgaarb: bridge control possible 0000:00:02.0
[    0.909811] SCSI subsystem initialized
[    0.911602] ACPI: bus type USB registered
[    0.913337] usbcore: registered new interface driver usbfs
[    0.915545] usbcore: registered new interface driver hub
[    0.917567] usbcore: registered new device driver usb
[    0.919940] PCI: Using ACPI for IRQ routing
[    0.927139] NetLabel: Initializing
[    0.928684] NetLabel:  domain hash size = 128
[    0.930435] NetLabel:  protocols = UNLABELED CIPSOv4
[    0.932316] NetLabel:  unlabeled traffic allowed by default
[    0.934596] amd_nb: Cannot enumerate AMD northbridges
[    0.936535] clocksource: Switched to clocksource kvm-clock
[    0.960791] AppArmor: AppArmor Filesystem Enabled
[    0.962855] pnp: PnP ACPI init
[    0.965963] pnp: PnP ACPI: found 3 devices
[    0.978698] clocksource: acpi_pm: mask: 0xffffff max_cycles: 0xffffff, max_idle_ns: 2085701024 ns
[    0.982190] NET: Registered protocol family 2
[    0.984252] TCP established hash table entries: 8192 (order: 4, 65536 bytes)
[    0.986925] TCP bind hash table entries: 8192 (order: 5, 131072 bytes)
[    0.989319] TCP: Hash tables configured (established 8192 bind 8192)
[    0.991846] UDP hash table entries: 512 (order: 2, 16384 bytes)
[    0.994137] UDP-Lite hash table entries: 512 (order: 2, 16384 bytes)
[    0.996490] NET: Registered protocol family 1
[    0.998251] pci 0000:00:00.0: Limiting direct PCI/PCI transfers
[    1.000402] pci 0000:00:01.0: Activating ISA DMA hang workarounds
[    1.002837] Unpacking initramfs...
[    1.516445] Freeing initrd memory: 14872K
[    1.518331] RAPL PMU detected, API unit is 2^-32 Joules, 3 fixed counters 10737418240 ms ovfl timer
[    1.521835] hw unit of domain pp0-core 2^-0 Joules
[    1.523798] hw unit of domain package 2^-0 Joules
[    1.525830] hw unit of domain pp1-gpu 2^-0 Joules
[    1.527651] clocksource: tsc: mask: 0xffffffffffffffff max_cycles: 0x2e058af0e4d, max_idle_ns: 440795205522 ns
[    1.531370] platform rtc_cmos: registered platform RTC device (no PNP device found)
[    1.534549] Scanning for low memory corruption every 60 seconds
[    1.537356] audit: initializing netlink subsys (disabled)
[    1.539462] audit: type=2000 audit(1582760252.715:1): initialized
[    1.542340] Initialise system trusted keyring
[    1.544322] HugeTLB registered 2 MB page size, pre-allocated 0 pages
[    1.549793] zbud: loaded
[    1.551744] VFS: Disk quotas dquot_6.6.0
[    1.553576] VFS: Dquot-cache hash table entries: 512 (order 0, 4096 bytes)
[    1.556559] squashfs: version 4.0 (2009/01/31) Phillip Lougher
[    1.559525] fuse init (API version 7.23)
[    1.561706] Key type big_key registered
[    1.563300] Allocating IMA MOK and blacklist keyrings.
[    1.567069] Key type asymmetric registered
[    1.568862] Asymmetric key parser 'x509' registered
[    1.570828] Block layer SCSI generic (bsg) driver version 0.4 loaded (major 249)
[    1.574166] io scheduler noop registered
[    1.575787] io scheduler deadline registered (default)
[    1.577959] io scheduler cfq registered
[    1.579842] pci_hotplug: PCI Hot Plug PCI Core version: 0.5
[    1.582116] pciehp: PCI Express Hot Plug Controller Driver version: 0.4
[    1.584695] ACPI: AC Adapter [AC] (on-line)
[    1.586423] input: Power Button as /devices/LNXSYSTM:00/LNXPWRBN:00/input/input0
[    1.589510] ACPI: Power Button [PWRF]
[    1.591429] input: Sleep Button as /devices/LNXSYSTM:00/LNXSLPBN:00/input/input1
[    1.594622] ACPI: Sleep Button [SLPF]
[    1.596556] GHES: HEST is not enabled!
[    1.598523] Serial: 8250/16550 driver, 32 ports, IRQ sharing enabled
[    1.622038] 00:02: ttyS0 at I/O 0x3f8 (irq = 4, base_baud = 115200) is a 16550A
[    1.629789] Linux agpgart interface v0.103
[    1.634714] loop: module loaded
[    1.637295] scsi host0: ata_piix
[    1.639003] scsi host1: ata_piix
[    1.640951] ata1: PATA max UDMA/33 cmd 0x1f0 ctl 0x3f6 bmdma 0xd000 irq 14
[    1.643431] ata2: PATA max UDMA/33 cmd 0x170 ctl 0x376 bmdma 0xd008 irq 15
[    1.646381] libphy: Fixed MDIO Bus: probed
[    1.648203] tun: Universal TUN/TAP device driver, 1.6
[    1.650282] tun: (C) 1999-2004 Max Krasnyansky <maxk@qualcomm.com>
[    1.652826] PPP generic driver version 2.4.2
[    1.654754] ehci_hcd: USB 2.0 'Enhanced' Host Controller (EHCI) Driver
[    1.657318] ehci-pci: EHCI PCI platform driver
[    1.659068] ehci-platform: EHCI generic platform driver
[    1.660989] ohci_hcd: USB 1.1 'Open' Host Controller (OHCI) Driver
[    1.663569] ohci-pci: OHCI PCI platform driver
[    1.665521] ohci-platform: OHCI generic platform driver
[    1.667593] uhci_hcd: USB Universal Host Controller Interface driver
[    1.670159] i8042: PNP: PS/2 Controller [PNP0303:PS2K,PNP0f03:PS2M] at 0x60,0x64 irq 1,12
[    1.674224] serio: i8042 KBD port at 0x60,0x64 irq 1
[    1.676091] serio: i8042 AUX port at 0x60,0x64 irq 12
[    1.678493] mousedev: PS/2 mouse device common for all mice
[    1.681630] input: AT Translated Set 2 keyboard as /devices/platform/i8042/serio0/input/input2
[    1.685737] rtc_cmos rtc_cmos: rtc core: registered rtc_cmos as rtc0
[    1.688081] rtc_cmos rtc_cmos: alarms up to one day, 114 bytes nvram
[    1.690399] i2c /dev entries driver
[    1.691971] device-mapper: uevent: version 1.0.3
[    1.693911] device-mapper: ioctl: 4.34.0-ioctl (2015-10-28) initialised: dm-devel@redhat.com
[    1.697231] ledtrig-cpu: registered to indicate activity on CPUs
[    1.700839] NET: Registered protocol family 10
[    1.702899] NET: Registered protocol family 17
[    1.704637] Key type dns_resolver registered
[    1.706921] registered taskstats version 1
[    1.708600] Loading compiled-in X.509 certificates
[    1.711363] Loaded X.509 cert 'Build time autogenerated kernel key: 4e6a82653c7e3a258f066f23f1954299de63b157'
[    1.715129] zswap: loaded using pool lzo/zbud
[    1.719833] Key type trusted registered
[    1.727123] Key type encrypted registered
[    1.728901] AppArmor: AppArmor sha1 policy hashing enabled
[    1.731273] ima: No TPM chip found, activating TPM-bypass!
[    1.733355] ima: Allocated hash algorithm: sha1
[    1.735240] evm: HMAC attrs: 0x1
[    1.737358]   Magic number: 8:950:656
[    1.739137] rtc_cmos rtc_cmos: setting system clock to 2020-02-26 23:37:27 UTC (1582760247)
[    1.743089] BIOS EDD facility v0.16 2004-Jun-25, 0 devices found
[    1.745383] EDD information not available.
[    1.836525] Freeing unused kernel memory: 1488K
[    1.839095] Write protecting the kernel read-only data: 14336k
[    1.843348] Freeing unused kernel memory: 1604K
[    1.846366] Freeing unused kernel memory: 64K
Loading, please wait...
starting version 229
[    1.868571] random: systemd-udevd: uninitialized urandom read (16 bytes read, 2 bits of entropy available)
[    1.869643] random: udevadm: uninitialized urandom read (16 bytes read, 2 bits of entropy available)
[    1.869671] random: udevadm: uninitialized urandom read (16 bytes read, 2 bits of entropy available)
[    1.880498] random: systemd-udevd: uninitialized urandom read (16 bytes read, 2 bits of entropy available)
[    1.884437] random: systemd-udevd: uninitialized urandom read (16 bytes read, 2 bits of entropy available)
[    1.886394] random: udevadm: uninitialized urandom read (16 bytes read, 2 bits of entropy available)
[    1.886458] random: udevadm: uninitialized urandom read (16 bytes read, 2 bits of entropy available)
[    1.886704] random: udevadm: uninitialized urandom read (16 bytes read, 2 bits of entropy available)
[    1.886827] random: udevadm: uninitialized urandom read (16 bytes read, 2 bits of entropy available)
[    1.886915] random: udevadm: uninitialized urandom read (16 bytes read, 2 bits of entropy available)
[    1.961097] Fusion MPT base driver 3.04.20
[    1.962833] Copyright (c) 1999-2008 LSI Corporation
[    1.965903] e1000: Intel(R) PRO/1000 Network Driver - version 7.3.21-k8-NAPI
[    1.968392] e1000: Copyright (c) 1999-2006 Intel Corporation.
[    1.979464] Fusion MPT SPI Host driver 3.04.20
[    1.994570] AVX version of gcm_enc/dec engaged.
[    1.996455] AES CTR mode by8 optimization enabled
[    2.171057] input: ImExPS/2 Generic Explorer Mouse as /devices/platform/i8042/serio1/input/input4
[    2.420474] e1000 0000:00:03.0 eth0: (PCI:33MHz:32-bit) 02:bb:f4:57:e9:87
[    2.423032] e1000 0000:00:03.0 eth0: Intel(R) PRO/1000 Network Connection
[    2.427052] mptbase: ioc0: Initiating bringup
[    2.490384] ioc0: LSI53C1030 A0: Capabilities={Initiator}
[    2.658821] scsi host2: ioc0: LSI53C1030 A0, FwRev=00000000h, Ports=1, MaxQ=256, IRQ=20
[    2.777433] scsi 2:0:0:0: Direct-Access     VBOX     HARDDISK         1.0  PQ: 0 ANSI: 5
[    2.781125] scsi target2:0:0: Beginning Domain Validation
[    2.785042] scsi target2:0:0: Domain Validation skipping write tests
[    2.787239] scsi target2:0:0: Ending Domain Validation
[    2.789294] scsi target2:0:0: asynchronous
[    2.791653] scsi 2:0:1:0: Direct-Access     VBOX     HARDDISK         1.0  PQ: 0 ANSI: 5
[    2.794863] scsi target2:0:1: Beginning Domain Validation
[    2.825159] scsi target2:0:1: Domain Validation skipping write tests
[    2.827457] scsi target2:0:1: Ending Domain Validation
[    2.829716] scsi target2:0:1: asynchronous
[    2.836773] scsi 2:0:2:0: Direct-Access     VBOX     HARDDISK         1.0  PQ: 0 ANSI: 5
[    2.840500] scsi target2:0:2: Beginning Domain Validation
[    2.844383] scsi target2:0:2: Domain Validation skipping write tests
[    2.846774] scsi target2:0:2: Ending Domain Validation
[    2.849136] scsi target2:0:2: asynchronous
[    2.851700] scsi 2:0:3:0: Direct-Access     VBOX     HARDDISK         1.0  PQ: 0 ANSI: 5
[    2.855223] scsi target2:0:3: Beginning Domain Validation
[    2.859282] scsi target2:0:3: Domain Validation skipping write tests
[    2.861626] scsi target2:0:3: Ending Domain Validation
[    2.863714] scsi target2:0:3: asynchronous
[    2.877938] sd 2:0:0:0: Attached scsi generic sg0 type 0
[    2.880893] sd 2:0:1:0: Attached scsi generic sg1 type 0
[    2.883325] sd 2:0:1:0: [sdb] 20480 512-byte logical blocks: (10.5 MB/10.0 MiB)
[    2.886784] sd 2:0:0:0: [sda] 20971520 512-byte logical blocks: (10.7 GB/10.0 GiB)
[    2.887530] sd 2:0:2:0: Attached scsi generic sg2 type 0
[    2.887646] sd 2:0:1:0: [sdb] Write Protect is off
[    2.887903] sd 2:0:1:0: [sdb] Incomplete mode parameter data
[    2.887906] sd 2:0:1:0: [sdb] Assuming drive cache: write through
[    2.889306] sd 2:0:3:0: Attached scsi generic sg3 type 0
[    2.889992] sd 2:0:2:0: [sdc] 10485760 512-byte logical blocks: (5.37 GB/5.00 GiB)
[    2.890364] sd 2:0:2:0: [sdc] Write Protect is off
[    2.895861] sd 2:0:2:0: [sdc] Incomplete mode parameter data
[    2.895864] sd 2:0:2:0: [sdc] Assuming drive cache: write through
[    2.896630] sd 2:0:1:0: [sdb] Attached SCSI disk
[    2.896841] sd 2:0:3:0: [sdd] 1048576 512-byte logical blocks: (537 MB/512 MiB)
[    2.897169] sd 2:0:3:0: [sdd] Write Protect is off
[    2.897332] sd 2:0:3:0: [sdd] Incomplete mode parameter data
[    2.897335] sd 2:0:3:0: [sdd] Assuming drive cache: write through
[    2.898990] sd 2:0:2:0: [sdc] Attached SCSI disk
[    2.899123] sd 2:0:3:0: [sdd] Attached SCSI disk
[    2.927342] sd 2:0:0:0: [sda] Write Protect is off
[    2.929655] sd 2:0:0:0: [sda] Incomplete mode parameter data
[    2.931824] sd 2:0:0:0: [sda] Assuming drive cache: write through
[    2.938021]  sda: sda1
[    2.940432] sd 2:0:0:0: [sda] Attached SCSI disk
[    3.540170] e1000 0000:00:08.0 eth1: (PCI:33MHz:32-bit) 08:00:27:b9:bb:5b
[    3.545665] e1000 0000:00:08.0 eth1: Intel(R) PRO/1000 Network Connection
[    3.553738] e1000 0000:00:03.0 enp0s3: renamed from eth0
[    3.570022] e1000 0000:00:08.0 enp0s8: renamed from eth1
Begin: Loading essential drivers ... [    5.428726] md: linear personality registered for level -1
[    5.436308] md: multipath personality registered for level -4
[    5.442208] md: raid0 personality registered for level 0
[    5.450067] md: raid1 personality registered for level 1
[    5.524622] raid6: sse2x1   gen()  2587 MB/s
[    5.592930] raid6: sse2x1   xor()  1857 MB/s
[    5.661279] raid6: sse2x2   gen()  4840 MB/s
[    5.728669] raid6: sse2x2   xor()  3303 MB/s
[    5.796997] raid6: sse2x4   gen()  7473 MB/s
[    5.865313] raid6: sse2x4   xor()  4395 MB/s
[    5.867092] raid6: using algorithm sse2x4 gen() 7473 MB/s
[    5.869439] raid6: .... xor() 4395 MB/s, rmw enabled
[    5.871444] raid6: using ssse3x2 recovery algorithm
[    5.875305] xor: automatically using best checksumming function:
[    5.916553]    avx       : 18241.000 MB/sec
[    5.920054] async_tx: api initialized (async)
[    5.937195] md: raid6 personality registered for level 6
[    5.939435] md: raid5 personality registered for level 5
[    5.941687] md: raid4 personality registered for level 4
[    5.952772] md: raid10 personality registered for level 10
done.
Begin: Running /scripts/init-premount ... done.
Begin: Mounting root file system ... Begin: Running /scripts/local-top ... done.
Begin: Running /scripts/local-premount ... [    6.013484] Btrfs loaded
Scanning for Btrfs filesystems
done.
Warning: fsck not present, so skipping root file system
[    6.058315] EXT4-fs (sda1): mounted filesystem with ordered data mode. Opts: (null)
done.
Begin: Running /scripts/local-bottom ... done.
Begin: Running /scripts/init-bottom ... done.
[    6.180451] systemd[1]: systemd 229 running in system mode. (+PAM +AUDIT +SELINUX +IMA +APPARMOR +SMACK +SYSVINIT +UTMP +LIBCRYPTSETUP +GCRYPT +GNUTLS +ACL +XZ -LZ4 +SECCOMP +BLKID +ELFUTILS +KMOD -IDN)
[    6.187255] systemd[1]: Detected virtualization oracle.
[    6.189210] systemd[1]: Detected architecture x86-64.

Welcome to [1mUbuntu 16.04.6 LTS[0m!

[    6.195257] systemd[1]: Set hostname to <ubuntu>.
[    6.199638] systemd[1]: Initializing machine ID from random generator.
[    6.202056] systemd[1]: Installed transient /etc/machine-id file.
[    6.276306] random: nonblocking pool is initialized
[    6.363386] systemd[1]: Reached target User and Group Name Lookups.
[[0;32m  OK  [0m] Reached target User and Group Name Lookups.
[    6.367753] systemd[1]: Created slice System Slice.
[[0;32m  OK  [0m] Created slice System Slice.
[    6.371013] systemd[1]: Listening on Journal Audit Socket.
[[0;32m  OK  [0m] Listening on Journal Audit Socket.
[    6.380709] systemd[1]: Reached target Encrypted Volumes.
[[0;32m  OK  [0m] Reached target Encrypted Volumes.
[    6.389536] systemd[1]: Started Trigger resolvconf update for networkd DNS.
[[0;32m  OK  [0m] Started Trigger resolvconf update for networkd DNS.
[    6.393655] systemd[1]: Listening on /dev/initctl Compatibility Named Pipe.
[[0;32m  OK  [0m] Listening on /dev/initctl Compatibility Named Pipe.
[    6.397818] systemd[1]: Reached target System Time Synchronized.
[[0;32m  OK  [0m] Reached target System Time Synchronized.
[    6.401434] systemd[1]: Listening on Journal Socket.
[[0;32m  OK  [0m] Listening on Journal Socket.
[    6.417575] systemd[1]: Starting Set console keymap...
         Starting Set console keymap...
[    6.422397] systemd[1]: Starting Uncomplicated firewall...
         Starting Uncomplicated firewall...
[    6.427049] systemd[1]: Mounting Huge Pages File System...
         Mounting Huge Pages File System...
[    6.432713] systemd[1]: Started Forward Password Requests to Wall Directory Watch.
[[0;32m  OK  [0m] Started Forward Password Requests to Wall Directory Watch.
[    6.438905] systemd[1]: Starting Create list of required static device nodes for the current kernel...
         Starting Create list of required st... nodes for the current kernel...
[    6.449008] systemd[1]: Set up automount Arbitrary Executable File Formats File System Automount Point.
[[0;32m  OK  [0m] Set up automount Arbitrary Executab...ats File System Automount Point.
[    6.464068] systemd[1]: Starting Load Kernel Modules...
         Starting Load Kernel Modules...
[    6.468564] systemd[1]: Starting Remount Root and Kernel File Systems...
         Starting Remount Root and Kernel File Systems...
[    6.472731] systemd[1]: Listening on LVM2 metadata daemon socket.
[[0;32m  OK  [0m] Listening on LVM2 metadata daemon socket.
[    6.477759] systemd[1]: Listening on udev Kernel Socket.
[[0;32m  OK  [0m] Listening on udev Kernel Socket.
[    6.484194] Loading iSCSI transport class v2.0-870.
[    6.485518] systemd[1]: Listening on LVM2 poll daemon socket.
[    6.488762] EXT4-fs (sda1): re-mounted. Opts: (null)
[[0;32m  OK  [0m] Listening on LVM2 poll daemon socket.
[    6.493048] systemd[1]: Listening on Syslog Socket.
[[0;32m  OK  [0m] Listening on Syslog Socket.
[    6.502540] iscsi: registered transport (tcp)
[    6.508776] systemd[1]: Mounting POSIX Message Queue File System...
         Mounting POSIX Message Queue File System...
[    6.512761] systemd[1]: Reached target Swap.
[[0;32m  OK  [0m] Reached target Swap.
[    6.516100] systemd[1]: Created slice system-serial\x2dgetty.slice.
[[0;32m  OK  [0m] Created slice system-serial\x2dgetty.slice.
[    6.520350] systemd[1]: Listening on Journal Socket (/dev/log).
[[0;32m  OK  [0m] Listening on Journal Socket (/dev/log).
[    6.525180] systemd[1]: Starting Journal Service...
         Starting Journal Service...
[    6.529677] systemd[1]: Mounting Debug File System...
         Mounting Debug File System...
[    6.533665] systemd[1]: Starting Nameserver information manager...
         Starting Nameserver information manager...
[    6.537573] systemd[1]: Listening on udev Control Socket.
[[0;32m  OK  [0m] Listening on udev Control Socket.
[    6.541610] systemd[1]: Created slice User and Session Slice.
[[0;32m  OK  [0m] Created slice User and Session Slice.
[    6.550995] systemd[1]: Reached target Slices.
[[0;32m  OK  [0m] Reached target Slices.
[    6.554187] systemd[1]: Listening on Device-mapper event daemon FIFOs.
[[0;32m  OK  [0m] Listening on Device-mapper event daemon FIFOs.
[    6.577154] systemd[1]: Starting Monitoring of LVM2 mirrors, snapshots etc. using dmeventd or progress polling...
         Starting Monitoring of LVM2 mirrors... dmeventd or progress polling...
[    6.592712] systemd[1]: Mounted POSIX Message Queue File System.
[[0;32m  OK  [0m] Mounted POSIX Message Queue File System.
[    6.596783] systemd[1]: Mounted Huge Pages File System.
[[0;32m  OK  [0m] Mounted Huge Pages File System.
[    6.600287] systemd[1]: Mounted Debug File System.
[[    6.602883] iscsi: registered transport (iser)
[0;32m  OK  [0m] Mounted Debug File System.
[    6.606565] systemd[1]: Started Journal Service.
[[0;32m  OK  [0m] Started Journal Service.
[[0;32m  OK  [0m] Started Uncomplicated firewall.
[[0;32m  OK  [0m] Started Create list of required sta...ce nodes for the current kernel.
[[0;32m  OK  [0m] Started Load Kernel Modules.
[[0;32m  OK  [0m] Started Remount Root and Kernel File Systems.
[[0;32m  OK  [0m] Started Set console keymap.
[[0;32m  OK  [0m] Started Nameserver information manager.
[[0;32m  OK  [0m] Started LVM2 metadata daemon.
         Starting udev Coldplug all Devices...
         Starting Load/Save Random Seed...
         Mounting FUSE Control File System...
         Starting Apply Kernel Variables...
         Starting Create Static Device Nodes in /dev...
         Starting Flush Journal to Persistent Storage...
[[0;32m  OK  [0m] Mounted FUSE Control File System.
[[0;32m  OK  [0m] Started Load/Save Random Seed.
[[0;32m  OK  [0m] Started Apply Kernel Variables.
[[0;32m  OK  [0m] Started Create Static Device Nodes in /dev.
         Starting udev Kernel Device Manager...
[[0;32m  OK  [0m] Started Flush Journal to Persistent Storage.
[[0;32m  OK  [0m] Started udev Coldplug all Devices.
[[0;32m  OK  [0m] Started udev Kernel Device Manager.
[[0;32m  OK  [0m] Started Dispatch Password Requests to Console Directory Watch.
[[0;32m  OK  [0m] Started Monitoring of LVM2 mirrors,...ng dmeventd or progress polling.
[[0;32m  OK  [0m] Reached target Local File Systems (Pre).
[[0;32m  OK  [0m] Reached target Local File Systems.
         Starting Tell Plymouth To Write Out Runtime Data...
         Starting Set console font and keymap...
         Starting Create Volatile Files and Directories...
         Starting Commit a transient machine-id on disk...
         Starting LSB: AppArmor initialization...
         Starting Initial cloud-init job (pre-networking)...
[[0;32m  OK  [0m] Started Tell Plymouth To Write Out Runtime Data.
[[0;32m  OK  [0m] Started Create Volatile Files and Directories.
         Starting Update UTMP about System Boot/Shutdown...
[[0;32m  OK  [0m] Started Commit a transient machine-id on disk.
[[0;32m  OK  [0m] Started Update UTMP about System Boot/Shutdown.
[[0;32m  OK  [0m] Found device /dev/ttyS0.
[[0;32m  OK  [0m] Listening on Load/Save RF Kill Switch Status /dev/rfkill Watch.
[[0;32m  OK  [0m] Started Set console font and keymap.
[[0;32m  OK  [0m] Created slice system-getty.slice.
[[0;32m  OK  [0m] Started Initial cloud-init job (pre-networking).
[[0;32m  OK  [0m] Reached target Network (Pre).
[    9.108222] cloud-init[501]: Cloud-init v. 19.4-33-gbb4131a2-0ubuntu1~16.04.1 running 'init-local' at Wed, 26 Feb 2020 23:37:34 +0000. Up 8.12 seconds.
[[0;32m  OK  [0m] Started LSB: AppArmor initialization.
         Starting Raise network interfaces...
[[0;32m  OK  [0m] Started Raise network interfaces.
         Starting Initial cloud-init job (metadata service crawler)...
[[0;32m  OK  [0m] Reached target Network.
[   11.999029] cloud-init[997]: Cloud-init v. 19.4-33-gbb4131a2-0ubuntu1~16.04.1 running 'init' at Wed, 26 Feb 2020 23:37:37 +0000. Up 11.17 seconds.
[   12.001943] cloud-init[997]: ci-info: ++++++++++++++++++++++++++++++++++++++Net device info+++++++++++++++++++++++++++++++++++++++
[   12.004258] cloud-init[997]: ci-info: +--------+-------+----------------------------+---------------+--------+-------------------+
[   12.006630] cloud-init[997]: ci-info: | Device |   Up  |          Address           |      Mask     | Scope  |     Hw-Address    |
[   12.009389] cloud-init[997]: ci-info: +--------+-------+----------------------------+---------------+--------+-------------------+
[   12.012411] cloud-init[997]: ci-info: | enp0s3 |  True |         10.0.2.15          | 255.255.255.0 | global | 02:bb:f4:57:e9:87 |
[   12.015641] cloud-init[997]: ci-info: | enp0s3 |  True | fe80::bb:f4ff:fe57:e987/64 |       .       |  link  | 02:bb:f4:57:e9:87 |
[   12.018396] cloud-init[997]: ci-info: | enp0s8 | False |             .              |       .       |   .    | 08:00:27:b9:bb:5b |
[   12.021193] cloud-init[997]: ci-info: |   lo   |  True |         127.0.0.1          |   255.0.0.0   |  host  |         .         |
[   12.023954] cloud-init[997]: ci-info: |   lo   |  True |          ::1/128           |       .       |  host  |         .         |
[   12.026538] cloud-init[997]: ci-info: +--------+-------+----------------------------+---------------+--------+-------------------+
[   12.032534] cloud-init[997]: ci-info: +++++++++++++++++++++++++++Route IPv4 info++++++++++++++++++++++++++++
[   12.035093] cloud-init[997]: ci-info: +-------+-------------+----------+---------------+-----------+-------+
[   12.037524] cloud-init[997]: ci-info: | Route | Destination | Gateway  |    Genmask    | Interface | Flags |
[   12.041479] cloud-init[997]: ci-info: +-------+-------------+----------+---------------+-----------+-------+
[   12.043955] cloud-init[997]: ci-info: |   0   |   0.0.0.0   | 10.0.2.2 |    0.0.0.0    |   enp0s3  |   UG  |
[   12.052835] cloud-init[997]: ci-info: |   1   |   10.0.2.0  | 0.0.0.0  | 255.255.255.0 |   enp0s3  |   U   |
[   12.055475] cloud-init[997]: ci-info: +-------+-------------+----------+---------------+-----------+-------+
[   12.057979] cloud-init[997]: ci-info: +++++++++++++++++++Route IPv6 info+++++++++++++++++++
[   12.060452] cloud-init[997]: ci-info: +-------+-------------+---------+-----------+-------+
[   12.063466] cloud-init[997]: ci-info: | Route | Destination | Gateway | Interface | Flags |
[   12.065580] cloud-init[997]: ci-info: +-------+-------------+---------+-----------+-------+
[   12.068194] cloud-init[997]: ci-info: |   0   |  fe80::/64  |    ::   |   enp0s3  |   U   |
[   12.070447] cloud-init[997]: ci-info: |   3   |   ff00::/8  |    ::   |   enp0s3  |   U   |
[   12.072598] cloud-init[997]: ci-info: +-------+-------------+---------+-----------+-------+
[   12.080654] cloud-init[997]: Generating public/private rsa key pair.
[   12.082472] cloud-init[997]: Your identification has been saved in /etc/ssh/ssh_host_rsa_key.
[   12.084666] cloud-init[997]: Your public key has been saved in /etc/ssh/ssh_host_rsa_key.pub.
[   12.086840] cloud-init[997]: The key fingerprint is:
[   12.088577] cloud-init[997]: SHA256:BaIkfdGhjKl3hFsJVSuPrz+vBHCBu1Uws+NZnM03TF8 root@ubuntu-xenial
[   12.097238] cloud-init[997]: The key's randomart image is:
[   12.098876] cloud-init[997]: +---[RSA 2048]----+
[   12.100361] cloud-init[997]: |  ..ooO=+.  .   E|
[   12.101835] cloud-init[997]: |   ooB.Xo* o . . |
[   12.103291] cloud-init[997]: |    *o@.= + + .  |
[   12.104768] cloud-init[997]: |   ..B.B . . .   |
[   12.106319] cloud-init[997]: |  . oo* S        |
[   12.107810] cloud-init[997]: |   ... o         |
[   12.109364] cloud-init[997]: |        o        |
[   12.110846] cloud-init[997]: |       o.        |
[   12.112360] cloud-init[997]: |      ..o+.      |
[   12.113836] cloud-init[997]: +----[SHA256]-----+
[   12.115322] cloud-init[997]: Generating public/private dsa key pair.
[   12.117001] cloud-init[997]: Your identification has been saved in /etc/ssh/ssh_host_dsa_key.
[[0;32m  OK  [0m] Started Initial cloud-init job (metadata service crawler).
[[0;32m  OK  [0m] Reached target Network is Online.
[   12.119079] cloud-init[997]: Your public key has been saved in /etc/ssh/ssh_host_dsa_key.pub.
[   12.129248] cloud-init[997]: The key fingerprint is:
[   12.130897] cloud-init[997]: SHA256:+itbDrupqaOUj0uTM/unmMYawQm/+sjEVFlxIN36ZS8 root@ubuntu-xenial
[   12.133222] cloud-init[997]: The key's randomart image is:
[   12.134912] cloud-init[997]: +---[DSA 1024]----+         Starting iSCSI initiator daemon (iscsid)...
[[0;32m  OK  [0m] Reached target Cloud-config availability.

[[0;32m  OK  [0m] Reached target System Initialization.
         Starting LXD - unix socket.
[[0;32m  OK  [0m] Started Daily apt download activities.
[[0;32m  OK  [0m] Listening on UUID daemon activation socket.
[[0;32m  OK  [0m] Started Daily Cleanup of Temporary Directories.
[   12.143027] cloud-init[997]: |   ..++.         |
[   12.153466] cloud-init[997]: |    +...         |
[   12.154828] cloud-init[997]: |.  o  .          |
[   12.155205] cloud-init[997]: |o.o  .   o       |
[   12.155888] cloud-init[997]: |.+.   . S .      |
[   12.156322] cloud-init[997]: |o.o.   o E .     |
[[0;32m  OK  [0m] Started ACPI Events Check.
[   12.156424] cloud-init[997]: |o@.   o . .      |
[   12.159391] cloud-init[997]: |=*@  o.B         |
[   12.159838] cloud-init[997]: |BX=*=.=++.       |
[   12.160527] cloud-init[997]: +----[SHA256]-----+
[   12.160972] cloud-init[997]: Generating public/private ecdsa key pair.
[   12.161648] cloud-init[997]: Your identification has been saved in /etc/ssh/ssh_host_ecdsa_key.
[   12.162098] cloud-init[997]: Your public key has been saved in /etc/ssh/ssh_host_ecdsa_key.pub.
[   12.162782] cloud-init[997]: The key fingerprint is:
[   12.163241] cloud-init[997]: SHA256:nYa6Uim+NyP2cPmR9xIMFJNsqQ6bpxsXGBV/d33pwIY root@ubuntu-xenial
[   12.163678] cloud-init[997]: The key's randomart image is:
[   12.164387] cloud-init[997]: +---[ECDSA 256]---+
[   12.164831] cloud-init[997]: |      ooo+       |
[   12.165314] cloud-init[997]: |     . .*.  o  ..|
[   12.165752] cloud-init[997]: |    .  +. .E.+..o|
[   12.166220] cloud-init[997]: |    .o. .+ o..o .|
[   12.166665] cloud-init[997]: |    .=..So+    . |
[   12.167130] cloud-init[997]: |    + =+ oo      |
[   12.167583] cloud-init[997]: |   .o== o ..     |
[   12.168090] cloud-init[997]: |    *=+o o..     |
[   12.168509] cloud-init[997]: |   .oBoo.  ..    |
[   12.168975] cloud-init[997]: +----[SHA256]-----+
[   12.169403] cloud-init[997]: Generating public/private ed25519 key pair.
[   12.169848] cloud-init[997]: Your identification has been saved in /etc/ssh/ssh_host_ed25519_key.
[   12.170537] cloud-init[997]: Your public key has been saved in /etc/ssh/ssh_host_ed25519_key.pub.
[   12.170988] cloud-init[997]: The key fingerprint is:
[   12.171431] cloud-init[997]: SHA256:kxew/wMlDgwP7DckTbmygeUAY+dpTqjkYjoadoawF3g root@ubuntu-xenial
[   12.171889] cloud-init[997]: The key's randomart image is:
[   12.172562] cloud-init[997]: +--[ED25519 256]--+
[[0;32m  OK  [0m] Reached target Paths.
[   12.172960] cloud-init[997]: |  +...ooo.       |
[   12.187689] cloud-init[997]: | . =..+=+o       |
[   12.187986] cloud-init[997]: | .. =* o=.o .    |
[   12.188674] cloud-init[997]: |oo +. = += +     |
[   12.189123] cloud-init[997]: |=oE .  =S.=      |
[   12.189573] cloud-init[997]: |=o..  .  o o     |
[   12.190288] cloud-init[997]: |=o.o        o    |
[   12.190739] cloud-init[997]: |o+o          .   |
[   12.191185] cloud-init[997]: |.                |
[   12.191658] cloud-init[997]: +----[SHA256]-----+
[[0;32m  OK  [0m] Listening on ACPID Listen Socket.
[[0;32m  OK  [0m] Started Message of the Day.
[[0;32m  OK  [0m] Started Daily apt upgrade and clean activities.
[[0;32m  OK  [0m] Reached target Timers.
         Starting Socket activation for snappy daemon.
[[0;32m  OK  [0m] Listening on D-Bus System Message Bus Socket.
[[0;32m  OK  [0m] Listening on LXD - unix socket.
[[0;32m  OK  [0m] Listening on Socket activation for snappy daemon.
[[0;32m  OK  [0m] Started iSCSI initiator daemon (iscsid).
         Starting Login to default iSCSI targets...
[[0;32m  OK  [0m] Reached target Sockets.
[[0;32m  OK  [0m] Reached target Basic System.
         Starting /etc/rc.local Compatibility...
[[0;32m  OK  [0m] Started Regular background program processing daemon.
         Starting Accounts Service...
         Starting Virtualbox guest utils...
         Starting LSB: MD monitoring daemon...
         Starting System Logging Service...
[[0;32m  OK  [0m] Started Deferred execution scheduler.
[[0;32m  OK  [0m] Started D-Bus System Message Bus.
[[0;32m  OK  [0m] Started FUSE filesystem for LXC.
         Starting Login Service...
         Starting Snappy daemon...
         Starting Pollinate to seed the pseudo random number generator...
[[0;32m  OK  [0m] Started ACPI event daemon.
         Starting LSB: Record successful boot for GRUB...
         Starting LXD - container startup/shutdown...
[[0;32m  OK  [0m] Started System Logging Service.
[[0;32m  OK  [0m] Started /etc/rc.local Compatibility.
         Starting Authenticate and Authorize Users to Run Privileged Tasks...
[[0;32m  OK  [0m] Started Login Service.
[[0;32m  OK  [0m] Started Unattended Upgrades Shutdown.
[[0;32m  OK  [0m] Started LSB: MD monitoring daemon.
[[0;32m  OK  [0m] Started Login to default iSCSI targets.
[[0;32m  OK  [0m] Reached target Remote File Systems (Pre).
[[0;32m  OK  [0m] Reached target Remote File Systems.
         Starting Permit User Sessions...
         Starting LSB: Set the CPU Frequency Scaling governor to "ondemand"...
         Starting LSB: daemon to balance interrupts for SMP systems...
         Starting LSB: automatic crash report generation...
[[0;32m  OK  [0m] Started LSB: Record successful boot for GRUB.
[[0;32m  OK  [0m] Started Permit User Sessions.
[[0;32m  OK  [0m] Started Authenticate and Authorize Users to Run Privileged Tasks.
         Starting Hold until boot process finishes up...
         Starting Terminate Plymouth Boot Screen...
[[0;32m  OK  [0m] Started Hold until boot process finishes up.
[[0;32m  OK  [0m] Started Terminate Plymouth Boot Screen.
[[0;32m  OK  [0m] Started LXD - container startup/shutdown.
[[0;32m  OK  [0m] Started Accounts Service.
         Starting Set console scheme...
[[0;32m  OK  [0m] Started Getty on tty1.
[[0;32m  OK  [0m] Started Serial Getty on ttyS0.
[[0;32m  OK  [0m] Reached target Login Prompts.
[[0;32m  OK  [0m] Started LSB: Set the CPU Frequency Scaling governor to "ondemand".
[[0;32m  OK  [0m] Started Set console scheme.
[[0;32m  OK  [0m] Started LSB: automatic crash report generation.
[[0;32m  OK  [0m] Started LSB: daemon to balance interrupts for SMP systems.
[[0;32m  OK  [0m] Started Virtualbox guest utils.
[[0;32m  OK  [0m] Started Snappy daemon.
         Starting Wait until snapd is fully seeded...
[[0;32m  OK  [0m] Started Pollinate to seed the pseudo random number generator.
         Starting OpenBSD Secure Shell server...
[[0;32m  OK  [0m] Started OpenBSD Secure Shell server.
[[0;32m  OK  [0m] Created slice User Slice of vagrant.
         Starting User Manager for UID 1000...
[[0;32m  OK  [0m] Started Session 1 of user vagrant.
[[0;32m  OK  [0m] Started User Manager for UID 1000.
[[0;32m  OK  [0m] Started Wait until snapd is fully seeded.
         Starting Apply the settings specified in cloud-config...
[[0;32m  OK  [0m] Reached target Multi-User System.
[[0;32m  OK  [0m] Reached target Graphical Interface.
         Starting Update UTMP about System Runlevel Changes...
[[0;32m  OK  [0m] Started Update UTMP about System Runlevel Changes.
[   15.563217] cloud-init[1436]: Generating locales (this might take a while)...
         Stopping User Manager for UID 1000...
[[0;32m  OK  [0m] Stopped User Manager for UID 1000.
[[0;32m  OK  [0m] Removed slice User Slice of vagrant.
[[0;32m  OK  [0m] Created slice User Slice of vagrant.
         Starting User Manager for UID 1000...
[[0;32m  OK  [0m] Started Session 2 of user vagrant.
[[0;32m  OK  [0m] Started User Manager for UID 1000.
[   18.090851] cloud-init[1436]:   en_US.UTF-8... done
[   18.091969] cloud-init[1436]: Generation complete.
[   18.631542] cloud-init[1436]: Cloud-init v. 19.4-33-gbb4131a2-0ubuntu1~16.04.1 running 'modules:config' at Wed, 26 Feb 2020 23:37:41 +0000. Up 15.32 seconds.

Ubuntu 16.04.6 LTS ubuntu-xenial ttyS0

ubuntu-xenial login: ci-info: no authorized SSH keys fingerprints found for user ubuntu.
<14>Feb 26 23:37:45 ec2: 
<14>Feb 26 23:37:45 ec2: #############################################################
<14>Feb 26 23:37:45 ec2: -----BEGIN SSH HOST KEY FINGERPRINTS-----
<14>Feb 26 23:37:45 ec2: 1024 SHA256:+itbDrupqaOUj0uTM/unmMYawQm/+sjEVFlxIN36ZS8 root@ubuntu-xenial (DSA)
<14>Feb 26 23:37:45 ec2: 256 SHA256:nYa6Uim+NyP2cPmR9xIMFJNsqQ6bpxsXGBV/d33pwIY root@ubuntu-xenial (ECDSA)
<14>Feb 26 23:37:45 ec2: 256 SHA256:kxew/wMlDgwP7DckTbmygeUAY+dpTqjkYjoadoawF3g root@ubuntu-xenial (ED25519)
<14>Feb 26 23:37:45 ec2: 2048 SHA256:BaIkfdGhjKl3hFsJVSuPrz+vBHCBu1Uws+NZnM03TF8 root@ubuntu-xenial (RSA)
<14>Feb 26 23:37:45 ec2: -----END SSH HOST KEY FINGERPRINTS-----
<14>Feb 26 23:37:45 ec2: #############################################################
-----BEGIN SSH HOST KEY KEYS-----
ecdsa-sha2-nistp256 AAAAE2VjZHNhLXNoYTItbmlzdHAyNTYAAAAIbmlzdHAyNTYAAABBBMwWS1BI/WiN5DWvkMFu0lwm/ul6RWOM1FiMSM3cmaXjrdrVoHF7SWPtcj7CL7XUMfMk76AniOsUH4fwvYtr7wI= root@ubuntu-xenial
ssh-ed25519 AAAAC3NzaC1lZDI1NTE5AAAAIOOFM9gzyA584XhBYkbXo5EgJxfH3ceyw+/yEQXrMuF4 root@ubuntu-xenial
ssh-rsa AAAAB3NzaC1yc2EAAAADAQABAAABAQDgKoBffmVzP/gp7TE3pCmzAoWzczjj5KjF8DrzeqDSk8SqhATGRr//LLb8WHnmb94nQW2RPzLU38GVrYN056JoF11V/5E9+Yq3SKiwrVJWfYyrPRd47GMqpCKtfgx5fkAMPPQ754BF11DBkXRLoW0HyooAzyJKOPuZf8syph1uEqAQdDhxYM5hsEO/RmadIdVLXH+aSN3aqHh/eMAS+dpk8+vW1Pfj8zGW7rbyy7eVGUaWrlcpZLguzFDI1PjNhqUlJe92YNj3GtRH34KEcCbWjDPYiAZuSN19uFCKKOCPUqCZKN9Cfx9LT/a4i4LZN7K29joOcNhyd6rlMQt8ty3F root@ubuntu-xenial
-----END SSH HOST KEY KEYS-----
[   19.595961] cloud-init[1672]: Cloud-init v. 19.4-33-gbb4131a2-0ubuntu1~16.04.1 running 'modules:final' at Wed, 26 Feb 2020 23:37:45 +0000. Up 19.32 seconds.
[   19.596698] cloud-init[1672]: ci-info: no authorized SSH keys fingerprints found for user ubuntu.
[   19.597507] cloud-init[1672]: Cloud-init v. 19.4-33-gbb4131a2-0ubuntu1~16.04.1 finished at Wed, 26 Feb 2020 23:37:45 +0000. Datasource DataSourceNoCloud [seed=/dev/sdb][dsmode=net].  Up 19.58 seconds
[[0;32m  OK  [0m] Stopped target Timers.
[[0;32m  OK  [0m] Stopped Daily Cleanup of Temporary Directories.
         Stopping Authenticate and Authorize Users to Run Privileged Tasks...
         Unmounting /root...
[[0;32m  OK  [0m] Stopped target Graphical Interface.
         Stopping Accounts Service...
         Stopping Session 13 of user vagrant.
         Stopping ACPI event daemon...
[[0;32m  OK  [0m] Closed Load/Save RF Kill Switch Status /dev/rfkill Watch.
[[0;32m  OK  [0m] Stopped Message of the Day.
         Stopping User Manager for UID 1000...
[[0;32m  OK  [0m] Stopped Daily apt upgrade and clean activities.
[[0;32m  OK  [0m] Stopped Daily apt download activities.
[[0;32m  OK  [0m] Stopped target System Time Synchronized.
[[0;32m  OK  [0m] Stopped target Cloud-init target.
[[0;32m  OK  [0m] Stopped Execute cloud user/final scripts.
[[0;32m  OK  [0m] Stopped target Multi-User System.
         Stopping System Logging Service...
         Stopping D-Bus System Message Bus...
         Stopping Virtualbox guest utils...
         Stopping FUSE filesystem for LXC...
         Stopping LSB: Set the CPU Frequency Scaling governor to "ondemand"...
         Stopping LSB: MD monitoring daemon...
         Stopping Regular background program processing daemon...
         Stopping LSB: automatic crash report generation...
         Stopping LSB: daemon to balance interrupts for SMP systems...
         Stopping LSB: Record successful boot for GRUB...
[[0;32m  OK  [0m] Stopped target Login Prompts.
         Stopping Getty on tty1...
         Stopping Serial Getty on ttyS0...
         Stopping LXD - container startup/shutdown...
         Stopping Deferred execution scheduler...
         Stopping Filebeat sends log files t...or directly to Elasticsearch....
         Stopping Unattended Upgrades Shutdown...
         Stopping MySQL Community Server...
         Stopping OpenBSD Secure Shell server...
[[0;32m  OK  [0m] Stopped Apply the settings specified in cloud-config.
[[0;32m  OK  [0m] Stopped target Cloud-config availability.
[[0;32m  OK  [0m] Stopped Wait until snapd is fully seeded.
[[0;32m  OK  [0m] Unmounted /var/lib/lxcfs.
[[0;32m  OK  [0m] Stopped Regular background program processing daemon.
[[0;32m  OK  [0m] Stopped Accounts Service.
[[0;32m  OK  [0m] Stopped System Logging Service.
[[0;32m  OK  [0m] Stopped Deferred execution scheduler.
[[0;32m  OK  [0m] Stopped ACPI event daemon.
[[0;32m  OK  [0m] Stopped Authenticate and Authorize Users to Run Privileged Tasks.
[[0;32m  OK  [0m] Stopped Getty on tty1.
[[0;32m  OK  [0m] Stopped Serial Getty on ttyS0.
[[0;32m  OK  [0m] Stopped OpenBSD Secure Shell server.
[[0;32m  OK  [0m] Stopped Unattended Upgrades Shutdown.
[[0;32m  OK  [0m] Stopped Filebeat sends log files to...h or directly to Elasticsearch..
[[0;32m  OK  [0m] Stopped User Manager for UID 1000.
[[0;32m  OK  [0m] Unmounted /root.
[[0;32m  OK  [0m] Stopped Session 13 of user vagrant.
[[0;32m  OK  [0m] Stopped D-Bus System Message Bus.
[[0;32m  OK  [0m] Stopped FUSE filesystem for LXC.
[[0;32m  OK  [0m] Stopped LXD - container startup/shutdown.
[[0;32m  OK  [0m] Stopped LSB: MD monitoring daemon.
[[0;32m  OK  [0m] Stopped LSB: Record successful boot for GRUB.
[[0;32m  OK  [0m] Stopped LSB: Set the CPU Frequency Scaling governor to "ondemand".
[[0;32m  OK  [0m] Stopped LSB: automatic crash report generation.
[[0;32m  OK  [0m] Stopped LSB: daemon to balance interrupts for SMP systems.
[[0;32m  OK  [0m] Removed slice User Slice of vagrant.
         Stopping Login Service...
[[0;32m  OK  [0m] Removed slice system-serial\x2dgetty.slice.
[[0;32m  OK  [0m] Stopped /etc/rc.local Compatibility.
         Stopping Permit User Sessions...
[[0;32m  OK  [0m] Removed slice system-getty.slice.
[[0;32m  OK  [0m] Stopped Virtualbox guest utils.
[[0;32m  OK  [0m] Stopped Permit User Sessions.
[[0;32m  OK  [0m] Stopped target Remote File Systems.
[[0;32m  OK  [0m] Stopped target Remote File Systems (Pre).
         Stopping Login to default iSCSI targets...
[[0;32m  OK  [0m] Stopped Login Service.
[[0;32m  OK  [0m] Stopped target User and Group Name Lookups.
[[0;32m  OK  [0m] Stopped Login to default iSCSI targets.
         Stopping iSCSI initiator daemon (iscsid)...
[[0;32m  OK  [0m] Stopped iSCSI initiator daemon (iscsid).
[[0;32m  OK  [0m] Stopped target Network is Online.
[[0;32m  OK  [0m] Stopped MySQL Community Server.
[[0;32m  OK  [0m] Stopped target Basic System.
[[0;32m  OK  [0m] Stopped target Paths.
[[0;32m  OK  [0m] Stopped Forward Password Requests to Wall Directory Watch.
[[0;32m  OK  [0m] Stopped Dispatch Password Requests to Console Directory Watch.
[[0;32m  OK  [0m] Stopped ACPI Events Check.
[[0;32m  OK  [0m] Stopped target Sockets.
[[0;32m  OK  [0m] Closed LXD - unix socket.
[[0;32m  OK  [0m] Closed Socket activation for snappy daemon.
[[0;32m  OK  [0m] Closed ACPID Listen Socket.
[[0;32m  OK  [0m] Closed Syslog Socket.
[[0;32m  OK  [0m] Closed UUID daemon activation socket.
[[0;32m  OK  [0m] Closed D-Bus System Message Bus Socket.
[[0;32m  OK  [0m] Stopped target Slices.
[[0;32m  OK  [0m] Removed slice User and Session Slice.
[[0;32m  OK  [0m] Stopped target Network.
[[0;32m  OK  [0m] Stopped target System Initialization.
[[0;32m  OK  [0m] Stopped Commit a transient machine-id on disk.
[[0;32m  OK  [0m] Stopped Initial cloud-init job (metadata service crawler).
         Stopping Raise network interfaces...
         Stopping Update UTMP about System Boot/Shutdown...
         Stopping Load/Save Random Seed...
[[0;32m  OK  [0m] Stopped target Swap.
         Deactivating swap /dev/sdd1...
[[0;32m  OK  [0m] Stopped target Encrypted Volumes.
[[0;32m  OK  [0m] Stopped Load/Save Random Seed.
[[0;32m  OK  [0m] Stopped Update UTMP about System Boot/Shutdown.
[[0;32m  OK  [0m] Stopped Create Volatile Files and Directories.
[[0;32m  OK  [0m] Deactivated swap /dev/disk/by-uuid/...4dd-7188-4437-b869-8c91a74860d2.
[[0;32m  OK  [0m] Deactivated swap /dev/disk/by-path/...0000:00:14.0-scsi-0:0:3:0-part1.
[[0;32m  OK  [0m] Deactivated swap /dev/sdd1.
[[0;32m  OK  [0m] Stopped Raise network interfaces.
[[0;32m  OK  [0m] Stopped target Local File Systems.
         Unmounting /run/user/1000...
         Unmounting /vagrant...
[[0;32m  OK  [0m] Stopped Apply Kernel Variables.
[[0;32m  OK  [0m] Stopped target Network (Pre).
[[0;32m  OK  [0m] Stopped Initial cloud-init job (pre-networking).
         Unmounting /var/lib...
[[0;32m  OK  [0m] Stopped Load Kernel Modules.
[[0;32m  OK  [0m] Unmounted /run/user/1000.
[[0;32m  OK  [0m] Unmounted /vagrant.
[[0;32m  OK  [0m] Unmounted /var/lib.
[[0;32m  OK  [0m] Reached target Unmount All Filesystems.
[[0;32m  OK  [0m] Stopped target Local File Systems (Pre).
[[0;32m  OK  [0m] Stopped Remount Root and Kernel File Systems.
[[0;32m  OK  [0m] Stopped Create Static Device Nodes in /dev.
[[0;32m  OK  [0m] Reached target Shutdown.
[  743.916743] reboot: Power down
