[    0.000000] Initializing cgroup subsys cpuset
[    0.000000] Initializing cgroup subsys cpu
[    0.000000] Initializing cgroup subsys cpuacct
[    0.000000] Linux version 4.4.0-173-generic (buildd@lgw01-amd64-037) (gcc version 5.4.0 20160609 (Ubuntu 5.4.0-6ubuntu1~16.04.12) ) #203-Ubuntu SMP Wed Jan 15 02:55:01 UTC 2020 (Ubuntu 4.4.0-173.203-generic 4.4.208)
[    0.000000] Command line: BOOT_IMAGE=/boot/vmlinuz-4.4.0-173-generic root=LABEL=cloudimg-rootfs ro console=tty1 console=ttyS0
[    0.000000] KERNEL supported cpus:
[    0.000000]   Intel GenuineIntel
[    0.000000]   AMD AuthenticAMD
[    0.000000]   Centaur CentaurHauls
[    0.000000] x86/fpu: xstate_offset[2]:  576, xstate_sizes[2]:  256
[    0.000000] x86/fpu: Supporting XSAVE feature 0x01: 'x87 floating point registers'
[    0.000000] x86/fpu: Supporting XSAVE feature 0x02: 'SSE registers'
[    0.000000] x86/fpu: Supporting XSAVE feature 0x04: 'AVX registers'
[    0.000000] x86/fpu: Enabled xstate features 0x7, context size is 832 bytes, using 'standard' format.
[    0.000000] e820: BIOS-provided physical RAM map:
[    0.000000] BIOS-e820: [mem 0x0000000000000000-0x000000000009fbff] usable
[    0.000000] BIOS-e820: [mem 0x000000000009fc00-0x000000000009ffff] reserved
[    0.000000] BIOS-e820: [mem 0x00000000000f0000-0x00000000000fffff] reserved
[    0.000000] BIOS-e820: [mem 0x0000000000100000-0x000000001ffeffff] usable
[    0.000000] BIOS-e820: [mem 0x000000001fff0000-0x000000001fffffff] ACPI data
[    0.000000] BIOS-e820: [mem 0x00000000fec00000-0x00000000fec00fff] reserved
[    0.000000] BIOS-e820: [mem 0x00000000fee00000-0x00000000fee00fff] reserved
[    0.000000] BIOS-e820: [mem 0x00000000fffc0000-0x00000000ffffffff] reserved
[    0.000000] NX (Execute Disable) protection: active
[    0.000000] SMBIOS 2.5 present.
[    0.000000] Hypervisor detected: KVM
[    0.000000] e820: last_pfn = 0x1fff0 max_arch_pfn = 0x400000000
[    0.000000] MTRR: Disabled
[    0.000000] x86/PAT: MTRRs disabled, skipping PAT initialization too.
[    0.000000] CPU MTRRs all blank - virtualized system.
[    0.000000] x86/PAT: Configuration [0-7]: WB  WT  UC- UC  WB  WT  UC- UC  
[    0.000000] found SMP MP-table at [mem 0x0009fff0-0x0009ffff] mapped at [ffff88000009fff0]
[    0.000000] Scanning 1 areas for low memory corruption
[    0.000000] RAMDISK: [mem 0x1e8b6000-0x1f73bfff]
[    0.000000] ACPI: Early table checksum verification disabled
[    0.000000] ACPI: RSDP 0x00000000000E0000 000024 (v02 VBOX  )
[    0.000000] ACPI: XSDT 0x000000001FFF0030 00003C (v01 VBOX   VBOXXSDT 00000001 ASL  00000061)
[    0.000000] ACPI: FACP 0x000000001FFF00F0 0000F4 (v04 VBOX   VBOXFACP 00000001 ASL  00000061)
[    0.000000] ACPI: DSDT 0x000000001FFF0470 002325 (v02 VBOX   VBOXBIOS 00000002 INTL 20100528)
[    0.000000] ACPI: FACS 0x000000001FFF0200 000040
[    0.000000] ACPI: FACS 0x000000001FFF0200 000040
[    0.000000] ACPI: APIC 0x000000001FFF0240 00005C (v02 VBOX   VBOXAPIC 00000001 ASL  00000061)
[    0.000000] ACPI: SSDT 0x000000001FFF02A0 0001CC (v01 VBOX   VBOXCPUT 00000002 INTL 20100528)
[    0.000000] No NUMA configuration found
[    0.000000] Faking a node at [mem 0x0000000000000000-0x000000001ffeffff]
[    0.000000] NODE_DATA(0) allocated [mem 0x1ffeb000-0x1ffeffff]
[    0.000000] kvm-clock: Using msrs 4b564d01 and 4b564d00
[    0.000000] kvm-clock: cpu 0, msr 0:1ffe3001, primary cpu clock
[    0.000000] kvm-clock: using sched offset of 4163700347 cycles
[    0.000000] clocksource: kvm-clock: mask: 0xffffffffffffffff max_cycles: 0x1cd42e4dffb, max_idle_ns: 881590591483 ns
[    0.000000] Zone ranges:
[    0.000000]   DMA      [mem 0x0000000000001000-0x0000000000ffffff]
[    0.000000]   DMA32    [mem 0x0000000001000000-0x000000001ffeffff]
[    0.000000]   Normal   empty
[    0.000000]   Device   empty
[    0.000000] Movable zone start for each node
[    0.000000] Early memory node ranges
[    0.000000]   node   0: [mem 0x0000000000001000-0x000000000009efff]
[    0.000000]   node   0: [mem 0x0000000000100000-0x000000001ffeffff]
[    0.000000] Initmem setup node 0 [mem 0x0000000000001000-0x000000001ffeffff]
[    0.000000] ACPI: PM-Timer IO Port: 0x4008
[    0.000000] IOAPIC[0]: apic_id 2, version 32, address 0xfec00000, GSI 0-23
[    0.000000] ACPI: INT_SRC_OVR (bus 0 bus_irq 0 global_irq 2 dfl dfl)
[    0.000000] ACPI: INT_SRC_OVR (bus 0 bus_irq 9 global_irq 9 low level)
[    0.000000] Using ACPI (MADT) for SMP configuration information
[    0.000000] smpboot: Allowing 2 CPUs, 0 hotplug CPUs
[    0.000000] PM: Registered nosave memory: [mem 0x00000000-0x00000fff]
[    0.000000] PM: Registered nosave memory: [mem 0x0009f000-0x0009ffff]
[    0.000000] PM: Registered nosave memory: [mem 0x000a0000-0x000effff]
[    0.000000] PM: Registered nosave memory: [mem 0x000f0000-0x000fffff]
[    0.000000] e820: [mem 0x20000000-0xfebfffff] available for PCI devices
[    0.000000] Booting paravirtualized kernel on KVM
[    0.000000] clocksource: refined-jiffies: mask: 0xffffffff max_cycles: 0xffffffff, max_idle_ns: 7645519600211568 ns
[    0.000000] setup_percpu: NR_CPUS:512 nr_cpumask_bits:512 nr_cpu_ids:2 nr_node_ids:1
[    0.000000] PERCPU: Embedded 33 pages/cpu @ffff88001fc00000 s95448 r8192 d31528 u1048576
[    0.000000] Built 1 zonelists in Node order, mobility grouping on.  Total pages: 128888
[    0.000000] Policy zone: DMA32
[    0.000000] Kernel command line: BOOT_IMAGE=/boot/vmlinuz-4.4.0-173-generic root=LABEL=cloudimg-rootfs ro console=tty1 console=ttyS0
[    0.000000] PID hash table entries: 2048 (order: 2, 16384 bytes)
[    0.000000] Memory: 481600K/523832K available (8626K kernel code, 1336K rwdata, 4032K rodata, 1488K init, 1292K bss, 42232K reserved, 0K cma-reserved)
[    0.000000] SLUB: HWalign=64, Order=0-3, MinObjects=0, CPUs=2, Nodes=1
[    0.000000] Kernel/User page tables isolation: enabled
[    0.000000] Hierarchical RCU implementation.
[    0.000000] 	Build-time adjustment of leaf fanout to 64.
[    0.000000] 	RCU restricting CPUs from NR_CPUS=512 to nr_cpu_ids=2.
[    0.000000] RCU: Adjusting geometry for rcu_fanout_leaf=64, nr_cpu_ids=2
[    0.000000] NR_IRQS:33024 nr_irqs:440 16
[    0.000000] Console: colour VGA+ 80x25
[    0.000000] console [tty1] enabled
[    0.000000] console [ttyS0] enabled
[    0.000000] tsc: Detected 3192.752 MHz processor
[    0.298826] Calibrating delay loop (skipped) preset value.. 6385.50 BogoMIPS (lpj=12771008)
[    0.302496] pid_max: default: 32768 minimum: 301
[    0.304388] ACPI: Core revision 20150930
[    0.310048] ACPI: 2 ACPI AML tables successfully acquired and loaded
[    0.312799] Security Framework initialized
[    0.314542] Yama: becoming mindful.
[    0.316120] AppArmor: AppArmor initialized
[    0.317938] Dentry cache hash table entries: 65536 (order: 7, 524288 bytes)
[    0.320749] Inode-cache hash table entries: 32768 (order: 6, 262144 bytes)
[    0.323416] Mount-cache hash table entries: 1024 (order: 1, 8192 bytes)
[    0.325687] Mountpoint-cache hash table entries: 1024 (order: 1, 8192 bytes)
[    0.328498] Initializing cgroup subsys io
[    0.330228] Initializing cgroup subsys memory
[    0.332011] Initializing cgroup subsys devices
[    0.333800] Initializing cgroup subsys freezer
[    0.335596] Initializing cgroup subsys net_cls
[    0.337390] Initializing cgroup subsys perf_event
[    0.339418] Initializing cgroup subsys net_prio
[    0.341164] Initializing cgroup subsys hugetlb
[    0.342977] Initializing cgroup subsys pids
[    0.345265] mce: CPU supports 0 MCE banks
[    0.347034] Last level iTLB entries: 4KB 512, 2MB 8, 4MB 8
[    0.349104] Last level dTLB entries: 4KB 512, 2MB 32, 4MB 32, 1GB 0
[    0.351409] Spectre V1 : Mitigation: usercopy/swapgs barriers and __user pointer sanitization
[    0.354816] Spectre V2 : Mitigation: Full generic retpoline
[    0.356832] Spectre V2 : Spectre v2 / SpectreRSB mitigation: Filling RSB on context switch
[    0.360342] Speculative Store Bypass: Vulnerable
[    0.362251] MDS: Vulnerable: Clear CPU buffers attempted, no microcode
[    0.370084] Freeing SMP alternatives memory: 36K
[    0.383114] ftrace: allocating 32304 entries in 127 pages
[    0.490640] smpboot: APIC(0) Converting physical 0 to logical package 0
[    0.492921] smpboot: Max logical packages: 1
[    0.495265] x2apic enabled
[    0.497125] Switched APIC routing to physical x2apic.
[    0.501754] ..TIMER: vector=0x30 apic1=0 pin1=2 apic2=-1 pin2=-1
[    0.612319] smpboot: CPU0: Intel(R) Core(TM) i5-3470 CPU @ 3.20GHz (family: 0x6, model: 0x3a, stepping: 0x9)
[    0.616319] Performance Events: unsupported p6 CPU model 58 no PMU driver, software events only.
[    0.633985] KVM setup paravirtual spinlock
[    0.636730] x86: Booting SMP configuration:
[    0.638511] .... node  #0, CPUs:      #1
[    0.639994] kvm-clock: cpu 1, msr 0:1ffe3041, secondary cpu clock
[    0.641586] mce: CPU supports 0 MCE banks
[    0.644423] x86: Booted up 1 node, 2 CPUs
[    0.646795] smpboot: Total of 2 processors activated (12771.00 BogoMIPS)
[    0.656536] devtmpfs: initialized
[    0.669109] evm: security.selinux
[    0.670731] evm: security.SMACK64
[    0.672268] evm: security.SMACK64EXEC
[    0.673811] evm: security.SMACK64TRANSMUTE
[    0.675588] evm: security.SMACK64MMAP
[    0.677293] evm: security.ima
[    0.678695] evm: security.capability
[    0.680616] clocksource: jiffies: mask: 0xffffffff max_cycles: 0xffffffff, max_idle_ns: 7645041785100000 ns
[    0.684383] futex hash table entries: 512 (order: 3, 32768 bytes)
[    0.687103] pinctrl core: initialized pinctrl subsystem
[    0.689253] RTC time: 23:39:36, date: 02/26/20
[    0.691250] NET: Registered protocol family 16
[    0.704110] cpuidle: using governor ladder
[    0.719828] cpuidle: using governor menu
[    0.721498] PCCT header not found.
[    0.723155] ACPI: bus type PCI registered
[    0.724974] acpiphp: ACPI Hot Plug PCI Controller Driver version: 0.5
[    0.727789] PCI: Using configuration type 1 for base access
[    0.745207] ACPI: Added _OSI(Module Device)
[    0.746994] ACPI: Added _OSI(Processor Device)
[    0.748823] ACPI: Added _OSI(3.0 _SCP Extensions)
[    0.750739] ACPI: Added _OSI(Processor Aggregator Device)
[    0.754610] ACPI: Executed 1 blocks of module-level executable AML code
[    0.762783] ACPI: Interpreter enabled
[    0.764431] ACPI: (supports S0 S5)
[    0.765959] ACPI: Using IOAPIC for interrupt routing
[    0.768424] PCI: Using host bridge windows from ACPI; if necessary, use "pci=nocrs" and report a bug
[    0.780832] ACPI: PCI Root Bridge [PCI0] (domain 0000 [bus 00-ff])
[    0.782988] acpi PNP0A03:00: _OSC: OS supports [ASPM ClockPM Segments MSI]
[    0.786452] acpi PNP0A03:00: _OSC: not requesting OS control; OS requires [ExtendedConfig ASPM ClockPM MSI]
[    0.790323] acpi PNP0A03:00: fail to add MMCONFIG information, can't access extended PCI configuration space under this bridge.
[    0.795198] PCI host bridge to bus 0000:00
[    0.797021] pci_bus 0000:00: root bus resource [io  0x0000-0x0cf7 window]
[    0.799433] pci_bus 0000:00: root bus resource [io  0x0d00-0xffff window]
[    0.801850] pci_bus 0000:00: root bus resource [mem 0x000a0000-0x000bffff window]
[    0.804937] pci_bus 0000:00: root bus resource [mem 0x20000000-0xfdffffff window]
[    0.807994] pci_bus 0000:00: root bus resource [bus 00-ff]
[    0.812924] pci 0000:00:01.1: legacy IDE quirk: reg 0x10: [io  0x01f0-0x01f7]
[    0.815326] pci 0000:00:01.1: legacy IDE quirk: reg 0x14: [io  0x03f6]
[    0.817785] pci 0000:00:01.1: legacy IDE quirk: reg 0x18: [io  0x0170-0x0177]
[    0.820374] pci 0000:00:01.1: legacy IDE quirk: reg 0x1c: [io  0x0376]
[    0.859426] pci 0000:00:07.0: quirk: [io  0x4000-0x403f] claimed by PIIX4 ACPI
[    0.862651] pci 0000:00:07.0: quirk: [io  0x4100-0x410f] claimed by PIIX4 SMB
[    0.872993] ACPI: PCI Interrupt Link [LNKA] (IRQs 5 9 10 *11)
[    0.876353] ACPI: PCI Interrupt Link [LNKB] (IRQs 5 9 *10 11)
[    0.879495] ACPI: PCI Interrupt Link [LNKC] (IRQs 5 *9 10 11)
[    0.882554] ACPI: PCI Interrupt Link [LNKD] (IRQs 5 9 10 *11)
[    0.885590] ACPI: Enabled 2 GPEs in block 00 to 07
[    0.887967] vgaarb: setting as boot device: PCI:0000:00:02.0
[    0.889956] vgaarb: device added: PCI:0000:00:02.0,decodes=io+mem,owns=io+mem,locks=none
[    0.893219] vgaarb: loaded
[    0.894545] vgaarb: bridge control possible 0000:00:02.0
[    0.896950] SCSI subsystem initialized
[    0.898644] ACPI: bus type USB registered
[    0.900266] usbcore: registered new interface driver usbfs
[    0.902992] usbcore: registered new interface driver hub
[    0.905191] usbcore: registered new device driver usb
[    0.907707] PCI: Using ACPI for IRQ routing
[    0.909995] NetLabel: Initializing
[    0.911700] NetLabel:  domain hash size = 128
[    0.913419] NetLabel:  protocols = UNLABELED CIPSOv4
[    0.915338] NetLabel:  unlabeled traffic allowed by default
[    0.917605] amd_nb: Cannot enumerate AMD northbridges
[    0.919903] clocksource: Switched to clocksource kvm-clock
[    0.942265] AppArmor: AppArmor Filesystem Enabled
[    0.944430] pnp: PnP ACPI init
[    0.947595] pnp: PnP ACPI: found 3 devices
[    0.960412] clocksource: acpi_pm: mask: 0xffffff max_cycles: 0xffffff, max_idle_ns: 2085701024 ns
[    0.964024] NET: Registered protocol family 2
[    0.966098] TCP established hash table entries: 4096 (order: 3, 32768 bytes)
[    0.968672] TCP bind hash table entries: 4096 (order: 4, 65536 bytes)
[    0.971146] TCP: Hash tables configured (established 4096 bind 4096)
[    0.973425] UDP hash table entries: 256 (order: 1, 8192 bytes)
[    0.975408] UDP-Lite hash table entries: 256 (order: 1, 8192 bytes)
[    0.977735] NET: Registered protocol family 1
[    0.979387] pci 0000:00:00.0: Limiting direct PCI/PCI transfers
[    0.981488] pci 0000:00:01.0: Activating ISA DMA hang workarounds
[    0.992567] Unpacking initramfs...
[    1.558265] Freeing initrd memory: 14872K
[    1.560583] RAPL PMU detected, API unit is 2^-32 Joules, 3 fixed counters 10737418240 ms ovfl timer
[    1.564624] hw unit of domain pp0-core 2^-0 Joules
[    1.566487] hw unit of domain package 2^-0 Joules
[    1.568689] hw unit of domain pp1-gpu 2^-0 Joules
[    1.570912] clocksource: tsc: mask: 0xffffffffffffffff max_cycles: 0x2e058af0e4d, max_idle_ns: 440795205522 ns
[    1.574849] platform rtc_cmos: registered platform RTC device (no PNP device found)
[    1.578247] Scanning for low memory corruption every 60 seconds
[    1.581175] audit: initializing netlink subsys (disabled)
[    1.583215] audit: type=2000 audit(1582760382.878:1): initialized
[    1.586172] Initialise system trusted keyring
[    1.588439] HugeTLB registered 2 MB page size, pre-allocated 0 pages
[    1.593803] zbud: loaded
[    1.595734] VFS: Disk quotas dquot_6.6.0
[    1.597446] VFS: Dquot-cache hash table entries: 512 (order 0, 4096 bytes)
[    1.600450] squashfs: version 4.0 (2009/01/31) Phillip Lougher
[    1.603355] fuse init (API version 7.23)
[    1.605630] Key type big_key registered
[    1.607211] Allocating IMA MOK and blacklist keyrings.
[    1.610588] Key type asymmetric registered
[    1.612295] Asymmetric key parser 'x509' registered
[    1.614283] Block layer SCSI generic (bsg) driver version 0.4 loaded (major 249)
[    1.617481] io scheduler noop registered
[    1.619243] io scheduler deadline registered (default)
[    1.621328] io scheduler cfq registered
[    1.623125] pci_hotplug: PCI Hot Plug PCI Core version: 0.5
[    1.625215] pciehp: PCI Express Hot Plug Controller Driver version: 0.4
[    1.627983] ACPI: AC Adapter [AC] (on-line)
[    1.629897] input: Power Button as /devices/LNXSYSTM:00/LNXPWRBN:00/input/input0
[    1.632976] ACPI: Power Button [PWRF]
[    1.634622] input: Sleep Button as /devices/LNXSYSTM:00/LNXSLPBN:00/input/input1
[    1.637692] ACPI: Sleep Button [SLPF]
[    1.639516] GHES: HEST is not enabled!
[    1.641367] Serial: 8250/16550 driver, 32 ports, IRQ sharing enabled
[    1.664821] 00:02: ttyS0 at I/O 0x3f8 (irq = 4, base_baud = 115200) is a 16550A
[    1.672351] Linux agpgart interface v0.103
[    1.676994] loop: module loaded
[    1.679389] scsi host0: ata_piix
[    1.681118] scsi host1: ata_piix
[    1.682762] ata1: PATA max UDMA/33 cmd 0x1f0 ctl 0x3f6 bmdma 0xd000 irq 14
[    1.685360] ata2: PATA max UDMA/33 cmd 0x170 ctl 0x376 bmdma 0xd008 irq 15
[    1.688700] libphy: Fixed MDIO Bus: probed
[    1.690497] tun: Universal TUN/TAP device driver, 1.6
[    1.692372] tun: (C) 1999-2004 Max Krasnyansky <maxk@qualcomm.com>
[    1.694686] PPP generic driver version 2.4.2
[    1.696590] ehci_hcd: USB 2.0 'Enhanced' Host Controller (EHCI) Driver
[    1.698822] ehci-pci: EHCI PCI platform driver
[    1.700693] ehci-platform: EHCI generic platform driver
[    1.702898] ohci_hcd: USB 1.1 'Open' Host Controller (OHCI) Driver
[    1.705340] ohci-pci: OHCI PCI platform driver
[    1.707294] ohci-platform: OHCI generic platform driver
[    1.709759] uhci_hcd: USB Universal Host Controller Interface driver
[    1.712123] i8042: PNP: PS/2 Controller [PNP0303:PS2K,PNP0f03:PS2M] at 0x60,0x64 irq 1,12
[    1.716735] serio: i8042 KBD port at 0x60,0x64 irq 1
[    1.718906] serio: i8042 AUX port at 0x60,0x64 irq 12
[    1.721654] mousedev: PS/2 mouse device common for all mice
[    1.724461] input: AT Translated Set 2 keyboard as /devices/platform/i8042/serio0/input/input2
[    1.728724] rtc_cmos rtc_cmos: rtc core: registered rtc_cmos as rtc0
[    1.731019] rtc_cmos rtc_cmos: alarms up to one day, 114 bytes nvram
[    1.733244] i2c /dev entries driver
[    1.734787] device-mapper: uevent: version 1.0.3
[    1.737054] device-mapper: ioctl: 4.34.0-ioctl (2015-10-28) initialised: dm-devel@redhat.com
[    1.740399] ledtrig-cpu: registered to indicate activity on CPUs
[    1.743407] NET: Registered protocol family 10
[    1.745514] NET: Registered protocol family 17
[    1.747234] Key type dns_resolver registered
[    1.749703] registered taskstats version 1
[    1.751370] Loading compiled-in X.509 certificates
[    1.754225] Loaded X.509 cert 'Build time autogenerated kernel key: 4e6a82653c7e3a258f066f23f1954299de63b157'
[    1.757970] zswap: loaded using pool lzo/zbud
[    1.762045] Key type trusted registered
[    1.767655] Key type encrypted registered
[    1.769583] AppArmor: AppArmor sha1 policy hashing enabled
[    1.771689] ima: No TPM chip found, activating TPM-bypass!
[    1.773847] ima: Allocated hash algorithm: sha1
[    1.775782] evm: HMAC attrs: 0x1
[    1.777851]   Magic number: 8:503:707
[    1.779498] rtc_cmos rtc_cmos: setting system clock to 2020-02-26 23:39:37 UTC (1582760377)
[    1.782928] BIOS EDD facility v0.16 2004-Jun-25, 0 devices found
[    1.785375] EDD information not available.
[    1.940037] Freeing unused kernel memory: 1488K
[    1.941927] Write protecting the kernel read-only data: 14336k
[    1.945033] Freeing unused kernel memory: 1604K
[    1.947188] Freeing unused kernel memory: 64K
Loading, please wait...
starting version 229
[    1.966647] random: systemd-udevd: uninitialized urandom read (16 bytes read, 2 bits of entropy available)
[    1.967460] random: udevadm: uninitialized urandom read (16 bytes read, 2 bits of entropy available)
[    1.967484] random: udevadm: uninitialized urandom read (16 bytes read, 2 bits of entropy available)
[    1.982748] random: systemd-udevd: uninitialized urandom read (16 bytes read, 2 bits of entropy available)
[    1.986524] random: systemd-udevd: uninitialized urandom read (16 bytes read, 2 bits of entropy available)
[    1.989544] random: udevadm: uninitialized urandom read (16 bytes read, 2 bits of entropy available)
[    1.989611] random: udevadm: uninitialized urandom read (16 bytes read, 2 bits of entropy available)
[    1.989890] random: udevadm: uninitialized urandom read (16 bytes read, 2 bits of entropy available)
[    1.989977] random: udevadm: uninitialized urandom read (16 bytes read, 2 bits of entropy available)
[    1.990064] random: udevadm: uninitialized urandom read (16 bytes read, 2 bits of entropy available)
[    2.063108] Fusion MPT base driver 3.04.20
[    2.065115] Copyright (c) 1999-2008 LSI Corporation
[    2.073478] e1000: Intel(R) PRO/1000 Network Driver - version 7.3.21-k8-NAPI
[    2.076035] e1000: Copyright (c) 1999-2006 Intel Corporation.
[    2.095744] AVX version of gcm_enc/dec engaged.
[    2.097723] AES CTR mode by8 optimization enabled
[    2.109586] Fusion MPT SPI Host driver 3.04.20
[    2.295385] input: ImExPS/2 Generic Explorer Mouse as /devices/platform/i8042/serio1/input/input4
[    2.525746] e1000 0000:00:03.0 eth0: (PCI:33MHz:32-bit) 02:bb:f4:57:e9:87
[    2.528288] e1000 0000:00:03.0 eth0: Intel(R) PRO/1000 Network Connection
[    2.532281] mptbase: ioc0: Initiating bringup
[    2.600612] ioc0: LSI53C1030 A0: Capabilities={Initiator}
[    2.770203] scsi host2: ioc0: LSI53C1030 A0, FwRev=00000000h, Ports=1, MaxQ=256, IRQ=20
[    2.885295] scsi 2:0:0:0: Direct-Access     VBOX     HARDDISK         1.0  PQ: 0 ANSI: 5
[    2.889841] scsi target2:0:0: Beginning Domain Validation
[    2.894849] scsi target2:0:0: Domain Validation skipping write tests
[    2.898193] scsi target2:0:0: Ending Domain Validation
[    2.900622] scsi target2:0:0: asynchronous
[    2.903629] scsi 2:0:1:0: Direct-Access     VBOX     HARDDISK         1.0  PQ: 0 ANSI: 5
[    2.907591] scsi target2:0:1: Beginning Domain Validation
[    2.939599] scsi target2:0:1: Domain Validation skipping write tests
[    2.941937] scsi target2:0:1: Ending Domain Validation
[    2.944060] scsi target2:0:1: asynchronous
[    2.960102] scsi 2:0:2:0: Direct-Access     VBOX     HARDDISK         1.0  PQ: 0 ANSI: 5
[    2.963539] scsi target2:0:2: Beginning Domain Validation
[    2.967414] scsi target2:0:2: Domain Validation skipping write tests
[    2.969937] scsi target2:0:2: Ending Domain Validation
[    2.972137] scsi target2:0:2: asynchronous
[    2.974631] scsi 2:0:3:0: Direct-Access     VBOX     HARDDISK         1.0  PQ: 0 ANSI: 5
[    2.978042] scsi target2:0:3: Beginning Domain Validation
[    2.981462] scsi target2:0:3: Domain Validation skipping write tests
[    2.983768] scsi target2:0:3: Ending Domain Validation
[    2.985861] scsi target2:0:3: asynchronous
[    2.997483] sd 2:0:0:0: Attached scsi generic sg0 type 0
[    2.999847] sd 2:0:0:0: [sda] 20971520 512-byte logical blocks: (10.7 GB/10.0 GiB)
[    3.004145] sd 2:0:1:0: Attached scsi generic sg1 type 0
[    3.007102] sd 2:0:2:0: Attached scsi generic sg2 type 0
[    3.009653] sd 2:0:0:0: [sda] Write Protect is off
[    3.009783] sd 2:0:1:0: [sdb] 20480 512-byte logical blocks: (10.5 MB/10.0 MiB)
[    3.015046] sd 2:0:2:0: [sdc] 10485760 512-byte logical blocks: (5.37 GB/5.00 GiB)
[    3.015888] sd 2:0:3:0: Attached scsi generic sg3 type 0
[    3.020799] sd 2:0:1:0: [sdb] Write Protect is off
[    3.022801] sd 2:0:0:0: [sda] Incomplete mode parameter data
[    3.025000] sd 2:0:0:0: [sda] Assuming drive cache: write through
[    3.027330] sd 2:0:2:0: [sdc] Write Protect is off
[    3.029411] sd 2:0:3:0: [sdd] 1048576 512-byte logical blocks: (537 MB/512 MiB)
[    3.032799] sd 2:0:1:0: [sdb] Incomplete mode parameter data
[    3.034981] sd 2:0:1:0: [sdb] Assuming drive cache: write through
[    3.037418] sd 2:0:2:0: [sdc] Incomplete mode parameter data
[    3.039633] sd 2:0:2:0: [sdc] Assuming drive cache: write through
[    3.042406] sd 2:0:3:0: [sdd] Write Protect is off
[    3.045547] sd 2:0:3:0: [sdd] Incomplete mode parameter data
[    3.047841] sd 2:0:3:0: [sdd] Assuming drive cache: write through
[    3.050754]  sda: sda1
[    3.054334] sd 2:0:0:0: [sda] Attached SCSI disk
[    3.056712] sd 2:0:1:0: [sdb] Attached SCSI disk
[    3.059040] sd 2:0:2:0: [sdc] Attached SCSI disk
[    3.062610] sd 2:0:3:0: [sdd] Attached SCSI disk
[    3.597850] e1000 0000:00:08.0 eth1: (PCI:33MHz:32-bit) 08:00:27:5d:14:aa
[    3.600425] e1000 0000:00:08.0 eth1: Intel(R) PRO/1000 Network Connection
[    3.603941] e1000 0000:00:08.0 enp0s8: renamed from eth1
[    3.620486] e1000 0000:00:03.0 enp0s3: renamed from eth0
Begin: Loading essential drivers ... [    5.500521] md: linear personality registered for level -1
[    5.505966] md: multipath personality registered for level -4
[    5.511001] md: raid0 personality registered for level 0
[    5.517714] md: raid1 personality registered for level 1
[    5.591947] raid6: sse2x1   gen()  2666 MB/s
[    5.660181] raid6: sse2x1   xor()  1841 MB/s
[    5.728483] raid6: sse2x2   gen()  4914 MB/s
[    5.795932] raid6: sse2x2   xor()  3147 MB/s
[    5.864205] raid6: sse2x4   gen()  7766 MB/s
[    5.932522] raid6: sse2x4   xor()  4441 MB/s
[    5.934221] raid6: using algorithm sse2x4 gen() 7766 MB/s
[    5.936363] raid6: .... xor() 4441 MB/s, rmw enabled
[    5.938407] raid6: using ssse3x2 recovery algorithm
[    5.942173] xor: automatically using best checksumming function:
[    5.984249]    avx       : 18710.000 MB/sec
[    5.987598] async_tx: api initialized (async)
[    6.004443] md: raid6 personality registered for level 6
[    6.006575] md: raid5 personality registered for level 5
[    6.008709] md: raid4 personality registered for level 4
[    6.020510] md: raid10 personality registered for level 10
done.
Begin: Running /scripts/init-premount ... done.
Begin: Mounting root file system ... Begin: Running /scripts/local-top ... done.
Begin: Running /scripts/local-premount ... [    6.076872] Btrfs loaded
Scanning for Btrfs filesystems
done.
Warning: fsck not present, so skipping root file system
[    6.123488] EXT4-fs (sda1): mounted filesystem with ordered data mode. Opts: (null)
done.
Begin: Running /scripts/local-bottom ... done.
Begin: Running /scripts/init-bottom ... done.
[    6.250050] systemd[1]: systemd 229 running in system mode. (+PAM +AUDIT +SELINUX +IMA +APPARMOR +SMACK +SYSVINIT +UTMP +LIBCRYPTSETUP +GCRYPT +GNUTLS +ACL +XZ -LZ4 +SECCOMP +BLKID +ELFUTILS +KMOD -IDN)
[    6.256897] systemd[1]: Detected virtualization oracle.
[    6.258989] systemd[1]: Detected architecture x86-64.

Welcome to [1mUbuntu 16.04.6 LTS[0m!

[    6.264375] systemd[1]: Set hostname to <ubuntu>.
[    6.269261] systemd[1]: Initializing machine ID from random generator.
[    6.271627] systemd[1]: Installed transient /etc/machine-id file.
[    6.376198] random: nonblocking pool is initialized
[    6.458258] systemd[1]: Listening on LVM2 metadata daemon socket.
[[0;32m  OK  [0m] Listening on LVM2 metadata daemon socket.
[    6.461996] systemd[1]: Started Forward Password Requests to Wall Directory Watch.
[[0;32m  OK  [0m] Started Forward Password Requests to Wall Directory Watch.
[    6.467129] systemd[1]: Listening on Device-mapper event daemon FIFOs.
[[0;32m  OK  [0m] Listening on Device-mapper event daemon FIFOs.
[    6.471220] systemd[1]: Reached target System Time Synchronized.
[[0;32m  OK  [0m] Reached target System Time Synchronized.
[    6.475097] systemd[1]: Listening on Syslog Socket.
[[0;32m  OK  [0m] Listening on Syslog Socket.
[    6.478446] systemd[1]: Reached target User and Group Name Lookups.
[[0;32m  OK  [0m] Reached target User and Group Name Lookups.
[    6.482376] systemd[1]: Listening on udev Kernel Socket.
[[0;32m  OK  [0m] Listening on udev Kernel Socket.
[    6.485910] systemd[1]: Reached target Encrypted Volumes.
[[0;32m  OK  [0m] Reached target Encrypted Volumes.
[    6.489471] systemd[1]: Listening on udev Control Socket.
[[0;32m  OK  [0m] Listening on udev Control Socket.
[    6.493087] systemd[1]: Listening on Journal Socket (/dev/log).
[[0;32m  OK  [0m] Listening on Journal Socket (/dev/log).
[    6.496498] systemd[1]: Listening on /dev/initctl Compatibility Named Pipe.
[[0;32m  OK  [0m] Listening on /dev/initctl Compatibility Named Pipe.
[    6.500429] systemd[1]: Listening on Journal Audit Socket.
[[0;32m  OK  [0m] Listening on Journal Audit Socket.
[    6.504241] systemd[1]: Created slice System Slice.
[[0;32m  OK  [0m] Created slice System Slice.
[    6.507841] systemd[1]: Created slice User and Session Slice.
[[0;32m  OK  [0m] Created slice User and Session Slice.
[    6.511745] systemd[1]: Reached target Slices.
[[0;32m  OK  [0m] Reached target Slices.
[    6.514884] systemd[1]: Listening on Journal Socket.
[[0;32m  OK  [0m] Listening on Journal Socket.
[    6.528192] systemd[1]: Starting Set console keymap...
         Starting Set console keymap...
[    6.533451] systemd[1]: Mounting POSIX Message Queue File System...
         Mounting POSIX Message Queue File System...
[    6.538365] systemd[1]: Starting Nameserver information manager...
         Starting Nameserver information manager...
[    6.543342] systemd[1]: Starting Create list of required static device nodes for the current kernel...
         Starting Create list of required st... nodes for the current kernel...
[    6.551554] systemd[1]: Mounting Huge Pages File System...
         Mounting Huge Pages File System...
[    6.556992] systemd[1]: Mounting Debug File System...
         Mounting Debug File System...
[    6.561282] systemd[1]: Starting Monitoring of LVM2 mirrors, snapshots etc. using dmeventd or progress polling...
         Starting Monitoring of LVM2 mirrors... dmeventd or progress polling...
[    6.572446] systemd[1]: Starting Remount Root and Kernel File Systems...
         Starting Remount Root and Kernel File Systems...
[    6.577961] systemd[1]: Created slice system-serial\x2dgetty.slice.
[[0;32m  OK  [0m] Created slice system-serial\x2dgetty.slice.
[    6.585605] systemd[1]: Listening on LVM2 poll daemon socket.
[    6.587936] EXT4-fs (sda1): re-mounted. Opts: (null)
[[0;32m  OK  [0m] Listening on LVM2 poll daemon socket.
[    6.590387] systemd[1]: Reached target Swap.
[[0;32m  OK  [0m] Reached target Swap.
[    6.593863] systemd[1]: Started Trigger resolvconf update for networkd DNS.
[[0;32m  OK  [0m] Started Trigger resolvconf update for networkd DNS.
[    6.599360] systemd[1]: Set up automount Arbitrary Executable File Formats File System Automount Point.
[[0;32m  OK  [0m] Set up automount Arbitrary Executab...ats File System Automount Point.
[    6.612097] systemd[1]: Starting Journal Service...
         Starting Journal Service...
[    6.616671] systemd[1]: Starting Uncomplicated firewall...
         Starting Uncomplicated firewall...
[    6.631188] systemd[1]: Starting Load Kernel Modules...
         Starting Load Kernel Modules...
[    6.644211] systemd[1]: Mounted POSIX Message Queue File System.
[    6.646905] Loading iSCSI transport class v2.0-870.
[[0;32m  OK  [0m] Mounted POSIX Message Queue File System.
[    6.649038] systemd[1]: Mounted Huge Pages File System.
[[0;32m  OK  [0m] Mounted Huge Pages File System.
[    6.654332] systemd[1]: Mounted Debug File System.
[[0;32m  OK  [0m] Mounted Debug File System.
[    6.659332] systemd[1]: Started Create list of required static device nodes for the current kernel.
[[0;32m  OK  [0m] Started Create list of required sta...ce nodes for the current kernel.
[    6.669527] iscsi: registered transport (tcp)
[    6.672787] systemd[1]: Started Remount Root and Kernel File Systems.
[[0;32m  OK  [0m] Started Remount Root and Kernel File Systems.
[    6.677274] systemd[1]: Started Uncomplicated firewall.
[[0;32m  OK  [0m] Started Uncomplicated firewall.
[    6.683102] systemd[1]: Started Nameserver information manager.
[[0;32m  OK  [0m] Started Nameserver information manager.
[    6.703857] systemd[1]: Started LVM2 metadata daemon.
[[0;32m  OK  [0m] Started LVM2 metadata daemon.
[    6.722404] systemd[1]: Starting udev Coldplug all Devices...
         Starting udev Coldplug all Devices...
[    6.730468] systemd[1]: Starting Load/Save Random Seed...
         Starting Load/Save Random Seed...
[    6.744097] systemd[1]: Starting Create Static Device Nodes in /dev...
         Starting Create Static Device Nodes in /dev...
[    6.755591] systemd[1]: Started Load/Save Random Seed.
[[0;32m  OK  [0m] Started Load/Save Random Seed.
[    6.761584] systemd[1]: Started Create Static Device Nodes in /dev.
[[0;32m  OK  [0m] Started Create Static Device Nodes in /dev.
[    6.767628] systemd[1]: Started Journal Service.
[[0;32m  OK  [0m] Started Journal Service.
         Starting Flush Journal to Persistent Storage...
         Starting udev Kernel Device Manager...
[[0;32m  OK  [0m] Started Set console keymap.
[    6.817154] systemd-journald[411]: Received request to flush runtime journal from PID 1
[[0;32m  OK  [0m] Started Flush Journal to Persistent Storage.
[    6.831039] iscsi: registered transport (iser)
[[0;32m  OK  [0m] Started Load Kernel Modules.
         Mounting FUSE Control File System...
         Starting Apply Kernel Variables...
[[0;32m  OK  [0m] Started udev Kernel Device Manager.
[[0;32m  OK  [0m] Started Monitoring of LVM2 mirrors,...ng dmeventd or progress polling.
[[0;32m  OK  [0m] Reached target Local File Systems (Pre).
[[0;32m  OK  [0m] Reached target Local File Systems.
         Starting LSB: AppArmor initialization...
         Starting Initial cloud-init job (pre-networking)...
         Starting Set console font and keymap...
         Starting Commit a transient machine-id on disk...
         Starting Tell Plymouth To Write Out Runtime Data...
         Starting Create Volatile Files and Directories...
[[0;32m  OK  [0m] Mounted FUSE Control File System.
[[0;32m  OK  [0m] Started udev Coldplug all Devices.
[[0;32m  OK  [0m] Started Apply Kernel Variables.
[[0;32m  OK  [0m] Started Create Volatile Files and Directories.
         Starting Update UTMP about System Boot/Shutdown...
[[0;32m  OK  [0m] Started Dispatch Password Requests to Console Directory Watch.
[[0;32m  OK  [0m] Started Commit a transient machine-id on disk.
[[0;32m  OK  [0m] Started Tell Plymouth To Write Out Runtime Data.
[[0;32m  OK  [0m] Started Update UTMP about System Boot/Shutdown.
[[0;32m  OK  [0m] Found device /dev/ttyS0.
[[0;32m  OK  [0m] Listening on Load/Save RF Kill Switch Status /dev/rfkill Watch.
[    9.012500] cloud-init[495]: Cloud-init v. 19.4-33-gbb4131a2-0ubuntu1~16.04.1 running 'init-local' at Wed, 26 Feb 2020 23:39:44 +0000. Up 8.28 seconds.
[[0;32m  OK  [0m] Started Initial cloud-init job (pre-networking).
[[0;32m  OK  [0m] Reached target Network (Pre).
[[0;32m  OK  [0m] Started Set console font and keymap.
[[0;32m  OK  [0m] Created slice system-getty.slice.
[[0;32m  OK  [0m] Started LSB: AppArmor initialization.
         Starting Raise network interfaces...
[[0;32m  OK  [0m] Started Raise network interfaces.
         Starting Initial cloud-init job (metadata service crawler)...
[[0;32m  OK  [0m] Reached target Network.
[   12.356143] cloud-init[1017]: Cloud-init v. 19.4-33-gbb4131a2-0ubuntu1~16.04.1 running 'init' at Wed, 26 Feb 2020 23:39:47 +0000. Up 11.36 seconds.
[   12.363268] cloud-init[1017]: ci-info: ++++++++++++++++++++++++++++++++++++++Net device info+++++++++++++++++++++++++++++++++++++++
[   12.366085] cloud-init[1017]: ci-info: +--------+-------+----------------------------+---------------+--------+-------------------+
[   12.368743] cloud-init[1017]: ci-info: | Device |   Up  |          Address           |      Mask     | Scope  |     Hw-Address    |
[   12.371342] cloud-init[1017]: ci-info: +--------+-------+----------------------------+---------------+--------+-------------------+
[   12.374131] cloud-init[1017]: ci-info: | enp0s3 |  True |         10.0.2.15          | 255.255.255.0 | global | 02:bb:f4:57:e9:87 |
[   12.377262] cloud-init[1017]: ci-info: | enp0s3 |  True | fe80::bb:f4ff:fe57:e987/64 |       .       |  link  | 02:bb:f4:57:e9:87 |
[   12.380269] cloud-init[1017]: ci-info: | enp0s8 | False |             .              |       .       |   .    | 08:00:27:5d:14:aa |
[   12.383514] cloud-init[1017]: ci-info: |   lo   |  True |         127.0.0.1          |   255.0.0.0   |  host  |         .         |
[   12.386198] cloud-init[1017]: ci-info: |   lo   |  True |          ::1/128           |       .       |  host  |         .         |
[   12.388926] cloud-init[1017]: ci-info: +--------+-------+----------------------------+---------------+--------+-------------------+
[   12.391608] cloud-init[1017]: ci-info: +++++++++++++++++++++++++++Route IPv4 info++++++++++++++++++++++++++++
[   12.394015] cloud-init[1017]: ci-info: +-------+-------------+----------+---------------+-----------+-------+
[   12.401096] cloud-init[1017]: ci-info: | Route | Destination | Gateway  |    Genmask    | Interface | Flags |
[   12.403532] cloud-init[1017]: ci-info: +-------+-------------+----------+---------------+-----------+-------+
[   12.408876] cloud-init[1017]: ci-info: |   0   |   0.0.0.0   | 10.0.2.2 |    0.0.0.0    |   enp0s3  |   UG  |
[   12.411339] cloud-init[1017]: ci-info: |   1   |   10.0.2.0  | 0.0.0.0  | 255.255.255.0 |   enp0s3  |   U   |
[   12.413790] cloud-init[1017]: ci-info: +-------+-------------+----------+---------------+-----------+-------+
[   12.416281] cloud-init[1017]: ci-info: +++++++++++++++++++Route IPv6 info+++++++++++++++++++
[   12.418501] cloud-init[1017]: ci-info: +-------+-------------+---------+-----------+-------+
[   12.420707] cloud-init[1017]: ci-info: | Route | Destination | Gateway | Interface | Flags |
[   12.422801] cloud-init[1017]: ci-info: +-------+-------------+---------+-----------+-------+
[   12.424865] cloud-init[1017]: ci-info: |   0   |  fe80::/64  |    ::   |   enp0s3  |   U   |
[   12.427038] cloud-init[1017]: ci-info: |   3   |   ff00::/8  |    ::   |   enp0s3  |   U   |
[   12.433275] cloud-init[1017]: ci-info: +-------+-------------+---------+-----------+-------+
[   12.441129] cloud-init[1017]: Generating public/private rsa key pair.
[   12.448925] cloud-init[1017]: Your identification has been saved in /etc/ssh/ssh_host_rsa_key.
[   12.451905] cloud-init[1017]: Your public key has been saved in /etc/ssh/ssh_host_rsa_key.pub.
[   12.454105] cloud-init[1017]: The key fingerprint is:
[   12.464615] cloud-init[1017]: SHA256:Y1/VUAZHQWhwHbLsro0kw1c4RD43sfNe5547A7WJ910 root@ubuntu-xenial
[   12.468589] cloud-init[1017]: The key's randomart image is:
[   12.470563] cloud-init[1017]: +---[RSA 2048]----+
[   12.472211] cloud-init[1017]: |           o.+*BB|
[   12.474277] cloud-init[1017]: |          o oo=* |
[   12.476218] cloud-init[1017]: |           +.B. .|
[   12.478141] cloud-init[1017]: |          . =.+. |
[   12.479712] cloud-init[1017]: |        S  o.oo.=|
[   12.481238] cloud-init[1017]: |       ..o .+o.=E|
[   12.482713] cloud-init[1017]: |         +.o .o.=|
[   12.484130] cloud-init[1017]: |          = +  ++|
[   12.485694] cloud-init[1017]: |           o . o=|
[   12.487146] cloud-init[1017]: +----[SHA256]-----+
[   12.488456] cloud-init[1017]: Generating public/private dsa key pair.
[[0;32m  OK  [0m] Started Initial cloud-init job (metadata service crawler).
[[0;32m  OK  [0m] Reached target Network is Online.
[   12.491833] cloud-init[1017]: Your identification has been saved in /etc/ssh/ssh_host_dsa_key.
[   12.497197] cloud-init[1017]: Your public key has been saved in /etc/ssh/ssh_host_dsa_key.pub.
[   12.499768] cloud-init[1017]: The key fingerprint is:
[   12.501336] cloud-init[1017]: SHA256:BFJJFG2vkIE7Mfs6vdtjUpzBBWXdbnetdmiBJVl60b0 root@ubuntu-xenial
[   12.503331] cloud-init[1017]: The key's randomart image is:
[   12.506949]          Starting iSCSI initiator daemon (iscsid)...
[[0;32m  OK  [0m] Reached target Cloud-config availability.
[[0;32m  OK  [0m] Reached target System Initialization.
[[0;32m  OK  [0m] Listening on ACPID Listen Socket.
[[0;32m  OK  [0m] Started Daily Cleanup of Temporary Directories.
cloud-init[[0;32m  OK  [0m] Started ACPI Events Check.
[[0;32m  OK  [0m] Reached target Paths.
[[0;32m  OK  [0m] Listening on D-Bus System Message Bus Socket.
[1017]: +---[DSA 1024]----+
[   12.517286] cloud-init         Starting Socket activation for snappy daemon.
[[0;32m  OK  [0m] Started Message of the Day.
[[0;32m  OK  [0m] Listening on UUID daemon activation socket.
[[0;32m  OK  [0m] Started Daily apt download activities.
[[0;32m  OK  [0m] Started Daily apt upgrade and clean activities.
[[0;32m  OK  [0m] Reached target Timers.
[1017]: |    .=*+.oo. +o..|         Starting LXD - unix socket.

[   12.525557] [[0;32m  OK  [0m] Listening on Socket activation for snappy daemon.
cloud-init[1017]: [|    +.o.o.. +.o.o|[0;32m  OK  [0m
] Listening on LXD - unix socket.
[   12.528586] [[0;32m  OK  [0m] Reached target Sockets.
[[0;32m  OK  [0m] Reached target Basic System.
cloud-init         Starting Virtualbox guest utils...
[1017]: |     = =.o  .=. o|         Starting LSB: MD monitoring daemon...

[   12.533206] [[0;32m  OK  [0m] Started D-Bus System Message Bus.
cloud-init[1017]: |    + o.o . ..+E+|
[   12.540407] cloud-init[1017]: |     o oS+   . =.|
[   12.542899] cloud-init[1017]: |      . =     = .|
[   12.544678] cloud-init[1017]: |     o .     o . |
[   12.546557] cloud-init[1017]: |    o o.o        |
[   12.548670] cloud-init[1017]: |     .o=..       |
[   12.550465] cloud-init[1017]: +----[SHA256]-----+
[   12.552013] cloud-init[1017]: Generating public/private ecdsa key pair.
[   12.554194] cloud-init[1017]: Your identification has been saved in /etc/ssh/ssh_host_ecdsa_key.
[   12.556794] cloud-init[1017]: Your public key has been saved in /etc/ssh/ssh_host_ecdsa_key.pub.
[   12.559341] cloud-init[1017]: The key fingerprint is:
[   12.561302] cloud-init[1017]: SHA256:snQKm8otgFoudPFqElqCIf0sAIiZiY0PhQ4ZX3anHEM root@ubuntu-xenial
[   12.563852] cloud-init[1017]: The key's randomart image is:
[   12.565957] cloud-init[1017]: +---[ECDSA 256]---+
[   12.567943] cloud-init[1017]: |=@. o.E .        |
[   12.569750] cloud-init[1017]: |#..o o =         |
[   12.571317] cloud-init[1017]: |++.   o          |
[   12.572918] cloud-init[1017]: |+.o.             |
[   12.574526] cloud-init[1017]: |+o o+ o S        |
[   12.576089] cloud-init[1017]: |=o+.o* =         |
[   12.577692] cloud-init[1017]: |+*o.+ o          |
[   12.579289] cloud-init[1017]: |+oo=             |         Starting System Logging Service...

[   12.581542]          Starting /etc/rc.local Compatibility...
cloud-init[1017]: | .=..            |
[   12.583907] [[0;32m  OK  [0m] Started ACPI event daemon.
cloud-init[1017]: +----[SHA256]-----+
[   12.586930] cloud-init[1017]: Generating public/private ed25519 key pair.         Starting LSB: Record successful boot for GRUB...
[[0;32m  OK  [0m] Started Regular background program processing daemon.
[[0;32m  OK  [0m] Started Deferred execution scheduler.

         Starting Pollinate to seed the pseudo random number generator...
[   12.599328] [cloud-init[0;32m  OK  [0m[1017]: ] Your identification has been saved in /etc/ssh/ssh_host_ed25519_key.Started FUSE filesystem for LXC.

         Starting Accounts Service...
         Starting Snappy daemon...
         Starting Login Service...
         Starting LXD - container startup/shutdown...
[[0;32m  OK  [0m] Started /etc/rc.local Compatibility.
[   12.599931] cloud-init[1017]: Your public key has been saved in /etc/ssh/ssh_host_ed25519_key.pub.
[[0;32m  OK  [0m] Started iSCSI initiator daemon (iscsid).
[   12.645348] cloud-init[1017]: The key fingerprint is:
         Starting Login to default iSCSI targets...
[[0;32m  OK  [0m] Started System Logging Service.
[   12.655188] cloud-init[[0;32m  OK  [0m] Started Login Service.
[[0;32m  OK  [0m] Started Unattended Upgrades Shutdown.
[1017]: SHA256:hvbicMmMRcqnNeYq+oM4RVmRyASjf950FqwVgwUcCo8 root@ubuntu-xenial
[   12.684472] cloud-init[1017]: The key's randomart image is:
[   12.687572] cloud-init[1017]: +--[ED25519 256]--+
[   12.694813] cloud-init[1017]: |o+o..+o=+        |
[   12.696912] cloud-init[1017]: |..o+o.o. o       |
[[0;32m  OK  [0m] Started LSB: MD monitoring daemon.
[[0;32m  OK  [0m] Started LSB: Record successful boot for GRUB.
[   12.723841] cloud-init[1017]: |. Eoo . +        |
[   12.728366] cloud-init[1017]: | .o. o + .       |
[   12.729046] cloud-init[1017]: | .. + @ S        |
[   12.729479] cloud-init[1017]: |  .o # B         |
[   12.730140] cloud-init[1017]: |.o  = O .        |
[   12.730594] cloud-init[1017]: |+ o  = .         |
[   12.731019] cloud-init[1017]: |.+.o. .          |
[   12.731457] cloud-init[1017]: +----[SHA256]-----+
[[0;32m  OK  [0m] Started Login to default iSCSI targets.
[[0;32m  OK  [0m] Reached target Remote File Systems (Pre).
[[0;32m  OK  [0m] Reached target Remote File Systems.
         Starting Permit User Sessions...
         Starting LSB: daemon to balance interrupts for SMP systems...
         Starting LSB: Set the CPU Frequency Scaling governor to "ondemand"...
         Starting LSB: automatic crash report generation...
[[0;32m  OK  [0m] Started Permit User Sessions.
         Starting Hold until boot process finishes up...
         Starting Terminate Plymouth Boot Screen...
[[0;32m  OK  [0m] Started Hold until boot process finishes up.
         Starting Set console scheme...
[[0;32m  OK  [0m] Started Getty on tty1.
[[0;32m  OK  [0m] Started Serial Getty on ttyS0.
[[0;32m  OK  [0m] Reached target Login Prompts.
[[0;32m  OK  [0m] Started Terminate Plymouth Boot Screen.
[[0;32m  OK  [0m] Started Set console scheme.
[[0;32m  OK  [0m] Started LSB: Set the CPU Frequency Scaling governor to "ondemand".
         Starting Authenticate and Authorize Users to Run Privileged Tasks...
[[0;32m  OK  [0m] Started LSB: daemon to balance interrupts for SMP systems.
[[0;32m  OK  [0m] Started LSB: automatic crash report generation.
[[0;32m  OK  [0m] Started Virtualbox guest utils.
[[0;32m  OK  [0m] Started LXD - container startup/shutdown.
[[0;32m  OK  [0m] Started Authenticate and Authorize Users to Run Privileged Tasks.
[[0;32m  OK  [0m] Started Accounts Service.
[[0;32m  OK  [0m] Started Snappy daemon.
         Starting Wait until snapd is fully seeded...
[[0;32m  OK  [0m] Started Pollinate to seed the pseudo random number generator.
         Starting OpenBSD Secure Shell server...
[[0;32m  OK  [0m] Started OpenBSD Secure Shell server.
[[0;32m  OK  [0m] Created slice User Slice of vagrant.
         Starting User Manager for UID 1000...
[[0;32m  OK  [0m] Started Session 1 of user vagrant.
[[0;32m  OK  [0m] Started User Manager for UID 1000.
[[0;32m  OK  [0m] Started Wait until snapd is fully seeded.
         Starting Apply the settings specified in cloud-config...
[[0;32m  OK  [0m] Reached target Multi-User System.
[[0;32m  OK  [0m] Reached target Graphical Interface.
         Starting Update UTMP about System Runlevel Changes...
[[0;32m  OK  [0m] Started Update UTMP about System Runlevel Changes.
[   15.927655] cloud-init[1472]: Generating locales (this might take a while)...
[   18.549775] cloud-init[1472]:   en_US.UTF-8... done
[   18.551461] cloud-init[1472]: Generation complete.

Ubuntu 16.04.6 LTS ubuntu-xenial ttyS0

ubuntu-xenial login: [   19.084191] cloud-init[1472]: Cloud-init v. 19.4-33-gbb4131a2-0ubuntu1~16.04.1 running 'modules:config' at Wed, 26 Feb 2020 23:39:51 +0000. Up 15.69 seconds.
ci-info: no authorized SSH keys fingerprints found for user ubuntu.
<14>Feb 26 23:39:56 ec2: 
<14>Feb 26 23:39:56 ec2: #############################################################
<14>Feb 26 23:39:56 ec2: -----BEGIN SSH HOST KEY FINGERPRINTS-----
<14>Feb 26 23:39:56 ec2: 1024 SHA256:BFJJFG2vkIE7Mfs6vdtjUpzBBWXdbnetdmiBJVl60b0 root@ubuntu-xenial (DSA)
<14>Feb 26 23:39:56 ec2: 256 SHA256:snQKm8otgFoudPFqElqCIf0sAIiZiY0PhQ4ZX3anHEM root@ubuntu-xenial (ECDSA)
<14>Feb 26 23:39:56 ec2: 256 SHA256:hvbicMmMRcqnNeYq+oM4RVmRyASjf950FqwVgwUcCo8 root@ubuntu-xenial (ED25519)
<14>Feb 26 23:39:56 ec2: 2048 SHA256:Y1/VUAZHQWhwHbLsro0kw1c4RD43sfNe5547A7WJ910 root@ubuntu-xenial (RSA)
<14>Feb 26 23:39:56 ec2: -----END SSH HOST KEY FINGERPRINTS-----
<14>Feb 26 23:39:56 ec2: #############################################################
-----BEGIN SSH HOST KEY KEYS-----
ecdsa-sha2-nistp256 AAAAE2VjZHNhLXNoYTItbmlzdHAyNTYAAAAIbmlzdHAyNTYAAABBBPwhO7MZAP+kSRUZEY4voqa0/A3sKIfYJxMJ3/Xvzrqs+XUq0rtpGtgQHFXD6fYn+gac+e9WxMzIkD1zClQy13k= root@ubuntu-xenial
ssh-ed25519 AAAAC3NzaC1lZDI1NTE5AAAAILRs+tjgb3F/rh7ZQG6lg1FUmHTiIrVST6pwUr5bstH/ root@ubuntu-xenial
ssh-rsa AAAAB3NzaC1yc2EAAAADAQABAAABAQDoKpwRYIMKrmykTO+p6mpmBHHIhLgjKizkMGxsUshUmHa43oJBVAZqt4Ti5mYOOZyv8yRsLw4KPq8AHGa8gjBzu97NVttlQB0hp24PtpeKUNz9/XawiBBAvW+uJpfunZ3Jwbp04he+GSbrjkqGYjCsCeQzR5i0K0kA1YHAS4e36EAEDBgsIckGwez1WZvn1u8SJ/Fbm0jwwtQLJyDjZrh7EqAEctToFauisVSVebTCJ5GYClU3REZ0rCD7ULQ0MvQYXe3POg2QvOnVgDKV8esVHF5vVyJyKwYbAPnN0RTo+esE5sbHQo/EzMLzw6MM2LdCI+rm16SGT+UMtIVryvht root@ubuntu-xenial
-----END SSH HOST KEY KEYS-----
[   19.976531] cloud-init[1702]: Cloud-init v. 19.4-33-gbb4131a2-0ubuntu1~16.04.1 running 'modules:final' at Wed, 26 Feb 2020 23:39:55 +0000. Up 19.72 seconds.
[   19.976915] cloud-init[1702]: ci-info: no authorized SSH keys fingerprints found for user ubuntu.
[   19.977746] cloud-init[1702]: Cloud-init v. 19.4-33-gbb4131a2-0ubuntu1~16.04.1 finished at Wed, 26 Feb 2020 23:39:56 +0000. Datasource DataSourceNoCloud [seed=/dev/sdb][dsmode=net].  Up 19.95 seconds
         Stopping Session 3 of user vagrant.
         Stopping User Manager for UID 1000...
         Stopping ACPI event daemon...
         Unmounting /root...
[[0;32m  OK  [0m] Stopped target Timers.
[[0;32m  OK  [0m] Stopped Message of the Day.
[[0;32m  OK  [0m] Stopped Daily Cleanup of Temporary Directories.
[[0;32m  OK  [0m] Stopped Daily apt upgrade and clean activities.
[[0;32m  OK  [0m] Stopped Daily apt download activities.
         Stopping Authenticate and Authorize Users to Run Privileged Tasks...
[[0;32m  OK  [0m] Stopped target Graphical Interface.
         Stopping Accounts Service...
[[0;32m  OK  [0m] Stopped target System Time Synchronized.
[[0;32m  OK  [0m] Stopped target Cloud-init target.
[[0;32m  OK  [0m] Stopped Execute cloud user/final scripts.
[[0;32m  OK  [0m] Stopped target Multi-User System.
         Stopping Deferred execution scheduler...
         Stopping FUSE filesystem for LXC...
         Stopping Virtualbox guest utils...
         Stopping Kibana...
         Stopping D-Bus System Message Bus...
         Stopping System Logging Service...
         Stopping LXD - container startup/shutdown...
         Stopping LSB: MD monitoring daemon...
[[0;32m  OK  [0m] Stopped target Login Prompts.
         Stopping Getty on tty1...
         Stopping Serial Getty on ttyS0...
         Stopping LSB: automatic crash report generation...
         Stopping OpenBSD Secure Shell server...
         Stopping LSB: Set the CPU Frequency Scaling governor to "ondemand"...
         Stopping Regular background program processing daemon...
         Stopping Unattended Upgrades Shutdown...
         Stopping LSB: Record successful boot for GRUB...
         Stopping LSB: daemon to balance interrupts for SMP systems...
[[0;32m  OK  [0m] Stopped Apply the settings specified in cloud-config.
[[0;32m  OK  [0m] Stopped Wait until snapd is fully seeded.
[[0;32m  OK  [0m] Stopped target Cloud-config availability.
[[0;32m  OK  [0m] Closed Load/Save RF Kill Switch Status /dev/rfkill Watch.
[[0;32m  OK  [0m] Unmounted /var/lib/lxcfs.
[[0;32m  OK  [0m] Stopped System Logging Service.
[[0;32m  OK  [0m] Stopped ACPI event daemon.
[[0;32m  OK  [0m] Stopped Regular background program processing daemon.
[[0;32m  OK  [0m] Stopped Deferred execution scheduler.
[[0;32m  OK  [0m] Stopped Accounts Service.
[[0;32m  OK  [0m] Stopped Getty on tty1.
[[0;32m  OK  [0m] Stopped Serial Getty on ttyS0.
[[0;32m  OK  [0m] Stopped Authenticate and Authorize Users to Run Privileged Tasks.
[[0;32m  OK  [0m] Stopped OpenBSD Secure Shell server.
[[0;32m  OK  [0m] Stopped User Manager for UID 1000.
[[0;32m  OK  [0m] Unmounted /root.
[[0;32m  OK  [0m] Stopped Session 3 of user vagrant.
[[0;32m  OK  [0m] Stopped D-Bus System Message Bus.
[[0;32m  OK  [0m] Stopped FUSE filesystem for LXC.
[[0;32m  OK  [0m] Stopped LXD - container startup/shutdown.
[[0;32m  OK  [0m] Stopped LSB: MD monitoring daemon.
[[0;32m  OK  [0m] Stopped LSB: automatic crash report generation.
[[0;32m  OK  [0m] Stopped LSB: Record successful boot for GRUB.
[[0;32m  OK  [0m] Stopped LSB: daemon to balance interrupts for SMP systems.
[[0;32m  OK  [0m] Stopped Virtualbox guest utils.
[[0;32m  OK  [0m] Stopped LSB: Set the CPU Frequency Scaling governor to "ondemand".
[[0;32m  OK  [0m] Removed slice User Slice of vagrant.
[[0;32m  OK  [0m] Removed slice system-serial\x2dgetty.slice.
         Stopping Permit User Sessions...
[[0;32m  OK  [0m] Removed slice system-getty.slice.
[[0;32m  OK  [0m] Stopped /etc/rc.local Compatibility.
[[0;32m  OK  [0m] Stopped Permit User Sessions.
[[0;32m  OK  [0m] Stopped target Remote File Systems.
[[0;32m  OK  [0m] Stopped target Remote File Systems (Pre).
         Stopping Login to default iSCSI targets...
[[0;32m  OK  [0m] Stopped User Manager for UID 1000.
[[0;32m  OK  [0m] Removed slice user-1000.slice.
[[0;32m  OK  [0m] Unmounted /run/user/1000.
[[0;32m  OK  [0m] Stopped Unattended Upgrades Shutdown.
         Stopping Login Service...
[[0;32m  OK  [0m] Stopped Login to default iSCSI targets.
         Stopping iSCSI initiator daemon (iscsid)...
[[0;32m  OK  [0m] Stopped iSCSI initiator daemon (iscsid).
[[0;32m  OK  [0m] Stopped target Network is Online.
[[0;32m  OK  [0m] Stopped target Network.
[[0;32m  OK  [0m] Stopped Login Service.
[[0;32m  OK  [0m] Stopped target User and Group Name Lookups.
[[0;32m  OK  [0m] Stopped Kibana.
[[0;32m  OK  [0m] Stopped target Basic System.
[[0;32m  OK  [0m] Stopped target Paths.
[[0;32m  OK  [0m] Stopped ACPI Events Check.
[[0;32m  OK  [0m] Stopped Dispatch Password Requests to Console Directory Watch.
[[0;32m  OK  [0m] Stopped Forward Password Requests to Wall Directory Watch.
[[0;32m  OK  [0m] Stopped target Slices.
[[0;32m  OK  [0m] Removed slice User and Session Slice.
[[0;32m  OK  [0m] Stopped target Sockets.
[[0;32m  OK  [0m] Closed LXD - unix socket.
[[0;32m  OK  [0m] Closed Syslog Socket.
[[0;32m  OK  [0m] Closed Socket activation for snappy daemon.
[[0;32m  OK  [0m] Closed D-Bus System Message Bus Socket.
[[0;32m  OK  [0m] Closed UUID daemon activation socket.
[[0;32m  OK  [0m] Closed ACPID Listen Socket.
[[0;32m  OK  [0m] Stopped target System Initialization.
         Stopping Load/Save Random Seed...
[[0;32m  OK  [0m] Stopped target Swap.
         Deactivating swap /dev/disk/by-path...00:00:14.0-scsi-0:0:3:0-part1...
[[0;32m  OK  [0m] Stopped target Encrypted Volumes.
[[0;32m  OK  [0m] Stopped Create Volatile Files and Directories.
[[0;32m  OK  [0m] Stopped Initial cloud-init job (metadata service crawler).
         Stopping Raise network interfaces...
[[0;32m  OK  [0m] Stopped Commit a transient machine-id on disk.
[[0;32m  OK  [0m] Stopped Load/Save Random Seed.
[[0;32m  OK  [0m] Deactivated swap /dev/disk/by-uuid/...295-0d0c-4601-a90b-0ce004999ca9.
[[0;32m  OK  [0m] Deactivated swap /dev/disk/by-path/...0000:00:14.0-scsi-0:0:3:0-part1.
[[0;32m  OK  [0m] Deactivated swap /dev/sdd1.
[[0;32m  OK  [0m] Stopped Raise network interfaces.
[[0;32m  OK  [0m] Stopped target Local File Systems.
         Unmounting /vagrant...
[[0;32m  OK  [0m] Stopped Apply Kernel Variables.
[[0;32m  OK  [0m] Stopped Load Kernel Modules.
[[0;32m  OK  [0m] Stopped target Network (Pre).
[[0;32m  OK  [0m] Stopped Initial cloud-init job (pre-networking).
         Unmounting /var/lib...
[[0;32m  OK  [0m] Unmounted /vagrant.
[[0;32m  OK  [0m] Unmounted /var/lib.
[[0;32m  OK  [0m] Reached target Unmount All Filesystems.
[[0;32m  OK  [0m] Stopped target Local File Systems (Pre).
         Stopping Monitoring of LVM2 mirrors... dmeventd or progress polling...
[[0;32m  OK  [0m] Stopped Remount Root and Kernel File Systems.
[[0;32m  OK  [0m] Stopped Create Static Device Nodes in /dev.
[[0;32m  OK  [0m] Reached target Shutdown.
[  631.124738] reboot: Power down
