[    0.000000] Initializing cgroup subsys cpuset
[    0.000000] Initializing cgroup subsys cpu
[    0.000000] Initializing cgroup subsys cpuacct
[    0.000000] Linux version 4.4.0-173-generic (buildd@lgw01-amd64-037) (gcc version 5.4.0 20160609 (Ubuntu 5.4.0-6ubuntu1~16.04.12) ) #203-Ubuntu SMP Wed Jan 15 02:55:01 UTC 2020 (Ubuntu 4.4.0-173.203-generic 4.4.208)
[    0.000000] Command line: BOOT_IMAGE=/boot/vmlinuz-4.4.0-173-generic root=LABEL=cloudimg-rootfs ro console=tty1 console=ttyS0
[    0.000000] KERNEL supported cpus:
[    0.000000]   Intel GenuineIntel
[    0.000000]   AMD AuthenticAMD
[    0.000000]   Centaur CentaurHauls
[    0.000000] x86/fpu: xstate_offset[2]:  576, xstate_sizes[2]:  256
[    0.000000] x86/fpu: Supporting XSAVE feature 0x01: 'x87 floating point registers'
[    0.000000] x86/fpu: Supporting XSAVE feature 0x02: 'SSE registers'
[    0.000000] x86/fpu: Supporting XSAVE feature 0x04: 'AVX registers'
[    0.000000] x86/fpu: Enabled xstate features 0x7, context size is 832 bytes, using 'standard' format.
[    0.000000] e820: BIOS-provided physical RAM map:
[    0.000000] BIOS-e820: [mem 0x0000000000000000-0x000000000009fbff] usable
[    0.000000] BIOS-e820: [mem 0x000000000009fc00-0x000000000009ffff] reserved
[    0.000000] BIOS-e820: [mem 0x00000000000f0000-0x00000000000fffff] reserved
[    0.000000] BIOS-e820: [mem 0x0000000000100000-0x00000000dffeffff] usable
[    0.000000] BIOS-e820: [mem 0x00000000dfff0000-0x00000000dfffffff] ACPI data
[    0.000000] BIOS-e820: [mem 0x00000000fec00000-0x00000000fec00fff] reserved
[    0.000000] BIOS-e820: [mem 0x00000000fee00000-0x00000000fee00fff] reserved
[    0.000000] BIOS-e820: [mem 0x00000000fffc0000-0x00000000ffffffff] reserved
[    0.000000] BIOS-e820: [mem 0x0000000100000000-0x000000011fffffff] usable
[    0.000000] NX (Execute Disable) protection: active
[    0.000000] SMBIOS 2.5 present.
[    0.000000] Hypervisor detected: KVM
[    0.000000] e820: last_pfn = 0x120000 max_arch_pfn = 0x400000000
[    0.000000] MTRR: Disabled
[    0.000000] x86/PAT: MTRRs disabled, skipping PAT initialization too.
[    0.000000] CPU MTRRs all blank - virtualized system.
[    0.000000] x86/PAT: Configuration [0-7]: WB  WT  UC- UC  WB  WT  UC- UC  
[    0.000000] e820: last_pfn = 0xdfff0 max_arch_pfn = 0x400000000
[    0.000000] found SMP MP-table at [mem 0x0009fff0-0x0009ffff] mapped at [ffff88000009fff0]
[    0.000000] Scanning 1 areas for low memory corruption
[    0.000000] RAMDISK: [mem 0x362e4000-0x37169fff]
[    0.000000] ACPI: Early table checksum verification disabled
[    0.000000] ACPI: RSDP 0x00000000000E0000 000024 (v02 VBOX  )
[    0.000000] ACPI: XSDT 0x00000000DFFF0030 00003C (v01 VBOX   VBOXXSDT 00000001 ASL  00000061)
[    0.000000] ACPI: FACP 0x00000000DFFF00F0 0000F4 (v04 VBOX   VBOXFACP 00000001 ASL  00000061)
[    0.000000] ACPI: DSDT 0x00000000DFFF0470 002325 (v02 VBOX   VBOXBIOS 00000002 INTL 20100528)
[    0.000000] ACPI: FACS 0x00000000DFFF0200 000040
[    0.000000] ACPI: FACS 0x00000000DFFF0200 000040
[    0.000000] ACPI: APIC 0x00000000DFFF0240 00005C (v02 VBOX   VBOXAPIC 00000001 ASL  00000061)
[    0.000000] ACPI: SSDT 0x00000000DFFF02A0 0001CC (v01 VBOX   VBOXCPUT 00000002 INTL 20100528)
[    0.000000] No NUMA configuration found
[    0.000000] Faking a node at [mem 0x0000000000000000-0x000000011fffffff]
[    0.000000] NODE_DATA(0) allocated [mem 0x11fff7000-0x11fffbfff]
[    0.000000] kvm-clock: Using msrs 4b564d01 and 4b564d00
[    0.000000] kvm-clock: cpu 0, msr 1:1ffef001, primary cpu clock
[    0.000000] kvm-clock: using sched offset of 4206725661 cycles
[    0.000000] clocksource: kvm-clock: mask: 0xffffffffffffffff max_cycles: 0x1cd42e4dffb, max_idle_ns: 881590591483 ns
[    0.000000] Zone ranges:
[    0.000000]   DMA      [mem 0x0000000000001000-0x0000000000ffffff]
[    0.000000]   DMA32    [mem 0x0000000001000000-0x00000000ffffffff]
[    0.000000]   Normal   [mem 0x0000000100000000-0x000000011fffffff]
[    0.000000]   Device   empty
[    0.000000] Movable zone start for each node
[    0.000000] Early memory node ranges
[    0.000000]   node   0: [mem 0x0000000000001000-0x000000000009efff]
[    0.000000]   node   0: [mem 0x0000000000100000-0x00000000dffeffff]
[    0.000000]   node   0: [mem 0x0000000100000000-0x000000011fffffff]
[    0.000000] Initmem setup node 0 [mem 0x0000000000001000-0x000000011fffffff]
[    0.000000] ACPI: PM-Timer IO Port: 0x4008
[    0.000000] IOAPIC[0]: apic_id 2, version 32, address 0xfec00000, GSI 0-23
[    0.000000] ACPI: INT_SRC_OVR (bus 0 bus_irq 0 global_irq 2 dfl dfl)
[    0.000000] ACPI: INT_SRC_OVR (bus 0 bus_irq 9 global_irq 9 low level)
[    0.000000] Using ACPI (MADT) for SMP configuration information
[    0.000000] smpboot: Allowing 2 CPUs, 0 hotplug CPUs
[    0.000000] PM: Registered nosave memory: [mem 0x00000000-0x00000fff]
[    0.000000] PM: Registered nosave memory: [mem 0x0009f000-0x0009ffff]
[    0.000000] PM: Registered nosave memory: [mem 0x000a0000-0x000effff]
[    0.000000] PM: Registered nosave memory: [mem 0x000f0000-0x000fffff]
[    0.000000] PM: Registered nosave memory: [mem 0xdfff0000-0xdfffffff]
[    0.000000] PM: Registered nosave memory: [mem 0xe0000000-0xfebfffff]
[    0.000000] PM: Registered nosave memory: [mem 0xfec00000-0xfec00fff]
[    0.000000] PM: Registered nosave memory: [mem 0xfec01000-0xfedfffff]
[    0.000000] PM: Registered nosave memory: [mem 0xfee00000-0xfee00fff]
[    0.000000] PM: Registered nosave memory: [mem 0xfee01000-0xfffbffff]
[    0.000000] PM: Registered nosave memory: [mem 0xfffc0000-0xffffffff]
[    0.000000] e820: [mem 0xe0000000-0xfebfffff] available for PCI devices
[    0.000000] Booting paravirtualized kernel on KVM
[    0.000000] clocksource: refined-jiffies: mask: 0xffffffff max_cycles: 0xffffffff, max_idle_ns: 7645519600211568 ns
[    0.000000] setup_percpu: NR_CPUS:512 nr_cpumask_bits:512 nr_cpu_ids:2 nr_node_ids:1
[    0.000000] PERCPU: Embedded 33 pages/cpu @ffff88011fc00000 s95448 r8192 d31528 u1048576
[    0.000000] Built 1 zonelists in Node order, mobility grouping on.  Total pages: 1032056
[    0.000000] Policy zone: Normal
[    0.000000] Kernel command line: BOOT_IMAGE=/boot/vmlinuz-4.4.0-173-generic root=LABEL=cloudimg-rootfs ro console=tty1 console=ttyS0
[    0.000000] PID hash table entries: 4096 (order: 3, 32768 bytes)
[    0.000000] Memory: 4028192K/4193848K available (8626K kernel code, 1336K rwdata, 4032K rodata, 1488K init, 1292K bss, 165656K reserved, 0K cma-reserved)
[    0.000000] SLUB: HWalign=64, Order=0-3, MinObjects=0, CPUs=2, Nodes=1
[    0.000000] Kernel/User page tables isolation: enabled
[    0.000000] Hierarchical RCU implementation.
[    0.000000] 	Build-time adjustment of leaf fanout to 64.
[    0.000000] 	RCU restricting CPUs from NR_CPUS=512 to nr_cpu_ids=2.
[    0.000000] RCU: Adjusting geometry for rcu_fanout_leaf=64, nr_cpu_ids=2
[    0.000000] NR_IRQS:33024 nr_irqs:440 16
[    0.000000] Console: colour VGA+ 80x25
[    0.000000] console [tty1] enabled
[    0.000000] console [ttyS0] enabled
[    0.000000] tsc: Detected 3192.752 MHz processor
[    0.781034] Calibrating delay loop (skipped) preset value.. 6385.50 BogoMIPS (lpj=12771008)
[    0.784477] pid_max: default: 32768 minimum: 301
[    0.786313] ACPI: Core revision 20150930
[    0.791971] ACPI: 2 ACPI AML tables successfully acquired and loaded
[    0.795027] Security Framework initialized
[    0.796744] Yama: becoming mindful.
[    0.798271] AppArmor: AppArmor initialized
[    0.807660] Dentry cache hash table entries: 524288 (order: 10, 4194304 bytes)
[    0.829239] Inode-cache hash table entries: 262144 (order: 9, 2097152 bytes)
[    0.833223] Mount-cache hash table entries: 8192 (order: 4, 65536 bytes)
[    0.836189] Mountpoint-cache hash table entries: 8192 (order: 4, 65536 bytes)
[    0.847195] Initializing cgroup subsys io
[    0.849054] Initializing cgroup subsys memory
[    0.850783] Initializing cgroup subsys devices
[    0.852596] Initializing cgroup subsys freezer
[    0.854315] Initializing cgroup subsys net_cls
[    0.856197] Initializing cgroup subsys perf_event
[    0.858245] Initializing cgroup subsys net_prio
[    0.860125] Initializing cgroup subsys hugetlb
[    0.862000] Initializing cgroup subsys pids
[    0.864156] mce: CPU supports 0 MCE banks
[    0.865843] Last level iTLB entries: 4KB 512, 2MB 8, 4MB 8
[    0.867924] Last level dTLB entries: 4KB 512, 2MB 32, 4MB 32, 1GB 0
[    0.870351] Spectre V1 : Mitigation: usercopy/swapgs barriers and __user pointer sanitization
[    0.873731] Spectre V2 : Mitigation: Full generic retpoline
[    0.875811] Spectre V2 : Spectre v2 / SpectreRSB mitigation: Filling RSB on context switch
[    0.879125] Speculative Store Bypass: Vulnerable
[    0.881088] MDS: Vulnerable: Clear CPU buffers attempted, no microcode
[    0.888791] Freeing SMP alternatives memory: 36K
[    0.902058] ftrace: allocating 32304 entries in 127 pages
[    1.014177] smpboot: APIC(0) Converting physical 0 to logical package 0
[    1.016565] smpboot: Max logical packages: 1
[    1.018908] x2apic enabled
[    1.020866] Switched APIC routing to physical x2apic.
[    1.025747] ..TIMER: vector=0x30 apic1=0 pin1=2 apic2=-1 pin2=-1
[    1.136261] smpboot: CPU0: Intel(R) Core(TM) i5-3470 CPU @ 3.20GHz (family: 0x6, model: 0x3a, stepping: 0x9)
[    1.141362] Performance Events: unsupported p6 CPU model 58 no PMU driver, software events only.
[    1.160541] KVM setup paravirtual spinlock
[    1.163404] x86: Booting SMP configuration:
[    1.165185] .... node  #0, CPUs:      #1
[    1.167115] kvm-clock: cpu 1, msr 1:1ffef041, secondary cpu clock
[    1.168748] mce: CPU supports 0 MCE banks
[    1.171566] x86: Booted up 1 node, 2 CPUs
[    1.173813] smpboot: Total of 2 processors activated (12771.00 BogoMIPS)
[    1.177142] devtmpfs: initialized
[    1.189969] evm: security.selinux
[    1.191662] evm: security.SMACK64
[    1.193344] evm: security.SMACK64EXEC
[    1.194987] evm: security.SMACK64TRANSMUTE
[    1.196816] evm: security.SMACK64MMAP
[    1.198467] evm: security.ima
[    1.199957] evm: security.capability
[    1.201864] clocksource: jiffies: mask: 0xffffffff max_cycles: 0xffffffff, max_idle_ns: 7645041785100000 ns
[    1.205535] futex hash table entries: 512 (order: 3, 32768 bytes)
[    1.207980] pinctrl core: initialized pinctrl subsystem
[    1.210249] RTC time: 23:42:40, date: 02/26/20
[    1.212236] NET: Registered protocol family 16
[    1.225071] cpuidle: using governor ladder
[    1.237775] cpuidle: using governor menu
[    1.239469] PCCT header not found.
[    1.241314] ACPI: bus type PCI registered
[    1.242997] acpiphp: ACPI Hot Plug PCI Controller Driver version: 0.5
[    1.246008] PCI: Using configuration type 1 for base access
[    1.271171] ACPI: Added _OSI(Module Device)
[    1.273245] ACPI: Added _OSI(Processor Device)
[    1.276232] ACPI: Added _OSI(3.0 _SCP Extensions)
[    1.278406] ACPI: Added _OSI(Processor Aggregator Device)
[    1.282015] ACPI: Executed 1 blocks of module-level executable AML code
[    1.290211] ACPI: Interpreter enabled
[    1.291928] ACPI: (supports S0 S5)
[    1.293571] ACPI: Using IOAPIC for interrupt routing
[    1.296082] PCI: Using host bridge windows from ACPI; if necessary, use "pci=nocrs" and report a bug
[    1.308941] ACPI: PCI Root Bridge [PCI0] (domain 0000 [bus 00-ff])
[    1.311520] acpi PNP0A03:00: _OSC: OS supports [ASPM ClockPM Segments MSI]
[    1.314843] acpi PNP0A03:00: _OSC: not requesting OS control; OS requires [ExtendedConfig ASPM ClockPM MSI]
[    1.318722] acpi PNP0A03:00: fail to add MMCONFIG information, can't access extended PCI configuration space under this bridge.
[    1.324291] PCI host bridge to bus 0000:00
[    1.352435] pci_bus 0000:00: root bus resource [io  0x0000-0x0cf7 window]
[    1.355166] pci_bus 0000:00: root bus resource [io  0x0d00-0xffff window]
[    1.357670] pci_bus 0000:00: root bus resource [mem 0x000a0000-0x000bffff window]
[    1.361036] pci_bus 0000:00: root bus resource [mem 0xe0000000-0xfdffffff window]
[    1.365612] pci_bus 0000:00: root bus resource [bus 00-ff]
[    1.371222] pci 0000:00:01.1: legacy IDE quirk: reg 0x10: [io  0x01f0-0x01f7]
[    1.373833] pci 0000:00:01.1: legacy IDE quirk: reg 0x14: [io  0x03f6]
[    1.376827] pci 0000:00:01.1: legacy IDE quirk: reg 0x18: [io  0x0170-0x0177]
[    1.379576] pci 0000:00:01.1: legacy IDE quirk: reg 0x1c: [io  0x0376]
[    1.428831] pci 0000:00:07.0: quirk: [io  0x4000-0x403f] claimed by PIIX4 ACPI
[    1.431884] pci 0000:00:07.0: quirk: [io  0x4100-0x410f] claimed by PIIX4 SMB
[    1.467326] ACPI: PCI Interrupt Link [LNKA] (IRQs 5 9 10 *11)
[    1.470660] ACPI: PCI Interrupt Link [LNKB] (IRQs 5 9 *10 11)
[    1.473617] ACPI: PCI Interrupt Link [LNKC] (IRQs 5 *9 10 11)
[    1.476552] ACPI: PCI Interrupt Link [LNKD] (IRQs 5 9 10 *11)
[    1.479563] ACPI: Enabled 2 GPEs in block 00 to 07
[    1.481961] vgaarb: setting as boot device: PCI:0000:00:02.0
[    1.484036] vgaarb: device added: PCI:0000:00:02.0,decodes=io+mem,owns=io+mem,locks=none
[    1.487324] vgaarb: loaded
[    1.488678] vgaarb: bridge control possible 0000:00:02.0
[    1.491119] SCSI subsystem initialized
[    1.493058] ACPI: bus type USB registered
[    1.494865] usbcore: registered new interface driver usbfs
[    1.496920] usbcore: registered new interface driver hub
[    1.498913] usbcore: registered new device driver usb
[    1.501145] PCI: Using ACPI for IRQ routing
[    1.503339] NetLabel: Initializing
[    1.504860] NetLabel:  domain hash size = 128
[    1.506584] NetLabel:  protocols = UNLABELED CIPSOv4
[    1.508632] NetLabel:  unlabeled traffic allowed by default
[    1.511066] amd_nb: Cannot enumerate AMD northbridges
[    1.521818] clocksource: Switched to clocksource kvm-clock
[    1.549874] AppArmor: AppArmor Filesystem Enabled
[    1.551847] pnp: PnP ACPI init
[    1.554880] pnp: PnP ACPI: found 3 devices
[    1.570291] clocksource: acpi_pm: mask: 0xffffff max_cycles: 0xffffff, max_idle_ns: 2085701024 ns
[    1.575254] NET: Registered protocol family 2
[    1.577374] TCP established hash table entries: 32768 (order: 6, 262144 bytes)
[    1.581642] TCP bind hash table entries: 32768 (order: 7, 524288 bytes)
[    1.592749] TCP: Hash tables configured (established 32768 bind 32768)
[    1.596005] UDP hash table entries: 2048 (order: 4, 65536 bytes)
[    1.598190] UDP-Lite hash table entries: 2048 (order: 4, 65536 bytes)
[    1.600576] NET: Registered protocol family 1
[    1.602326] pci 0000:00:00.0: Limiting direct PCI/PCI transfers
[    1.604536] pci 0000:00:01.0: Activating ISA DMA hang workarounds
[    1.607011] Unpacking initramfs...
[    2.172425] Freeing initrd memory: 14872K
[    2.174237] PCI-DMA: Using software bounce buffering for IO (SWIOTLB)
[    2.176592] software IO TLB: mapped [mem 0xdbff0000-0xdfff0000] (64MB)
[    2.179168] RAPL PMU detected, API unit is 2^-32 Joules, 3 fixed counters 10737418240 ms ovfl timer
[    2.182710] hw unit of domain pp0-core 2^-0 Joules
[    2.184643] hw unit of domain package 2^-0 Joules
[    2.186591] hw unit of domain pp1-gpu 2^-0 Joules
[    2.188648] clocksource: tsc: mask: 0xffffffffffffffff max_cycles: 0x2e058af0e4d, max_idle_ns: 440795205522 ns
[    2.192415] platform rtc_cmos: registered platform RTC device (no PNP device found)
[    2.195654] Scanning for low memory corruption every 60 seconds
[    2.198511] audit: initializing netlink subsys (disabled)
[    2.200495] audit: type=2000 audit(1582760566.857:1): initialized
[    2.203260] Initialise system trusted keyring
[    2.205177] HugeTLB registered 2 MB page size, pre-allocated 0 pages
[    2.210746] zbud: loaded
[    2.212662] VFS: Disk quotas dquot_6.6.0
[    2.214371] VFS: Dquot-cache hash table entries: 512 (order 0, 4096 bytes)
[    2.217311] squashfs: version 4.0 (2009/01/31) Phillip Lougher
[    2.220020] fuse init (API version 7.23)
[    2.221952] Key type big_key registered
[    2.223567] Allocating IMA MOK and blacklist keyrings.
[    2.234196] Key type asymmetric registered
[    2.235894] Asymmetric key parser 'x509' registered
[    2.237989] Block layer SCSI generic (bsg) driver version 0.4 loaded (major 249)
[    2.242219] io scheduler noop registered
[    2.243986] io scheduler deadline registered (default)
[    2.245919] io scheduler cfq registered
[    2.247704] pci_hotplug: PCI Hot Plug PCI Core version: 0.5
[    2.249805] pciehp: PCI Express Hot Plug Controller Driver version: 0.4
[    2.252415] ACPI: AC Adapter [AC] (on-line)
[    2.254413] input: Power Button as /devices/LNXSYSTM:00/LNXPWRBN:00/input/input0
[    2.257699] ACPI: Power Button [PWRF]
[    2.259633] input: Sleep Button as /devices/LNXSYSTM:00/LNXSLPBN:00/input/input1
[    2.263232] ACPI: Sleep Button [SLPF]
[    2.265222] GHES: HEST is not enabled!
[    2.267181] Serial: 8250/16550 driver, 32 ports, IRQ sharing enabled
[    2.290835] 00:02: ttyS0 at I/O 0x3f8 (irq = 4, base_baud = 115200) is a 16550A
[    2.298167] Linux agpgart interface v0.103
[    2.302642] loop: module loaded
[    2.305178] scsi host0: ata_piix
[    2.306941] scsi host1: ata_piix
[    2.308492] ata1: PATA max UDMA/33 cmd 0x1f0 ctl 0x3f6 bmdma 0xd000 irq 14
[    2.311861] ata2: PATA max UDMA/33 cmd 0x170 ctl 0x376 bmdma 0xd008 irq 15
[    2.314417] libphy: Fixed MDIO Bus: probed
[    2.316937] tun: Universal TUN/TAP device driver, 1.6
[    2.319125] tun: (C) 1999-2004 Max Krasnyansky <maxk@qualcomm.com>
[    2.321380] PPP generic driver version 2.4.2
[    2.323208] ehci_hcd: USB 2.0 'Enhanced' Host Controller (EHCI) Driver
[    2.325641] ehci-pci: EHCI PCI platform driver
[    2.327684] ehci-platform: EHCI generic platform driver
[    2.329838] ohci_hcd: USB 1.1 'Open' Host Controller (OHCI) Driver
[    2.332120] ohci-pci: OHCI PCI platform driver
[    2.333857] ohci-platform: OHCI generic platform driver
[    2.335915] uhci_hcd: USB Universal Host Controller Interface driver
[    2.338279] i8042: PNP: PS/2 Controller [PNP0303:PS2K,PNP0f03:PS2M] at 0x60,0x64 irq 1,12
[    2.342320] serio: i8042 KBD port at 0x60,0x64 irq 1
[    2.344964] serio: i8042 AUX port at 0x60,0x64 irq 12
[    2.347299] mousedev: PS/2 mouse device common for all mice
[    2.350273] input: AT Translated Set 2 keyboard as /devices/platform/i8042/serio0/input/input2
[    2.353735] rtc_cmos rtc_cmos: rtc core: registered rtc_cmos as rtc0
[    2.356281] rtc_cmos rtc_cmos: alarms up to one day, 114 bytes nvram
[    2.358834] i2c /dev entries driver
[    2.361577] device-mapper: uevent: version 1.0.3
[    2.364186] device-mapper: ioctl: 4.34.0-ioctl (2015-10-28) initialised: dm-devel@redhat.com
[    2.367567] ledtrig-cpu: registered to indicate activity on CPUs
[    2.370243] NET: Registered protocol family 10
[    2.372297] NET: Registered protocol family 17
[    2.374076] Key type dns_resolver registered
[    2.376357] registered taskstats version 1
[    2.378668] Loading compiled-in X.509 certificates
[    2.381468] Loaded X.509 cert 'Build time autogenerated kernel key: 4e6a82653c7e3a258f066f23f1954299de63b157'
[    2.385398] zswap: loaded using pool lzo/zbud
[    2.397430] Key type trusted registered
[    2.406488] Key type encrypted registered
[    2.408270] AppArmor: AppArmor sha1 policy hashing enabled
[    2.410526] ima: No TPM chip found, activating TPM-bypass!
[    2.412748] ima: Allocated hash algorithm: sha1
[    2.415160] evm: HMAC attrs: 0x1
[    2.417200]   Magic number: 8:56:758
[    2.420137] tty ttyS9: hash matches
[    2.421802] rtc_cmos rtc_cmos: setting system clock to 2020-02-26 23:42:41 UTC (1582760561)
[    2.425501] BIOS EDD facility v0.16 2004-Jun-25, 0 devices found
[    2.427851] EDD information not available.
[    2.814386] Freeing unused kernel memory: 1488K
[    2.816260] Write protecting the kernel read-only data: 14336k
[    2.819291] Freeing unused kernel memory: 1604K
[    2.821496] Freeing unused kernel memory: 64K
Loading, please wait...
starting version 229
[    2.843707] random: systemd-udevd: uninitialized urandom read (16 bytes read, 3 bits of entropy available)
[    2.844550] random: udevadm: uninitialized urandom read (16 bytes read, 3 bits of entropy available)
[    2.844576] random: udevadm: uninitialized urandom read (16 bytes read, 3 bits of entropy available)
[    2.855931] random: systemd-udevd: uninitialized urandom read (16 bytes read, 3 bits of entropy available)
[    2.860536] random: systemd-udevd: uninitialized urandom read (16 bytes read, 3 bits of entropy available)
[    2.861665] random: udevadm: uninitialized urandom read (16 bytes read, 3 bits of entropy available)
[    2.861753] random: udevadm: uninitialized urandom read (16 bytes read, 3 bits of entropy available)
[    2.862099] random: udevadm: uninitialized urandom read (16 bytes read, 3 bits of entropy available)
[    2.862193] random: udevadm: uninitialized urandom read (16 bytes read, 3 bits of entropy available)
[    2.862283] random: udevadm: uninitialized urandom read (16 bytes read, 3 bits of entropy available)
[    2.942968] e1000: Intel(R) PRO/1000 Network Driver - version 7.3.21-k8-NAPI
[    2.945600] e1000: Copyright (c) 1999-2006 Intel Corporation.
[    2.948889] Fusion MPT base driver 3.04.20
[    2.950651] Copyright (c) 1999-2008 LSI Corporation
[    2.961107] Fusion MPT SPI Host driver 3.04.20
[    2.983627] AVX version of gcm_enc/dec engaged.
[    2.985496] AES CTR mode by8 optimization enabled
[    3.160550] input: ImExPS/2 Generic Explorer Mouse as /devices/platform/i8042/serio1/input/input4
[    3.407328] e1000 0000:00:03.0 eth0: (PCI:33MHz:32-bit) 02:bb:f4:57:e9:87
[    3.410117] e1000 0000:00:03.0 eth0: Intel(R) PRO/1000 Network Connection
[    3.413812] mptbase: ioc0: Initiating bringup
[    3.479038] ioc0: LSI53C1030 A0: Capabilities={Initiator}
[    3.644724] scsi host2: ioc0: LSI53C1030 A0, FwRev=00000000h, Ports=1, MaxQ=256, IRQ=20
[    3.763148] scsi 2:0:0:0: Direct-Access     VBOX     HARDDISK         1.0  PQ: 0 ANSI: 5
[    3.766872] scsi target2:0:0: Beginning Domain Validation
[    3.770865] scsi target2:0:0: Domain Validation skipping write tests
[    3.773091] scsi target2:0:0: Ending Domain Validation
[    3.775160] scsi target2:0:0: asynchronous
[    3.778657] scsi 2:0:1:0: Direct-Access     VBOX     HARDDISK         1.0  PQ: 0 ANSI: 5
[    3.781974] scsi target2:0:1: Beginning Domain Validation
[    3.785825] scsi target2:0:1: Domain Validation skipping write tests
[    3.788156] scsi target2:0:1: Ending Domain Validation
[    3.790302] scsi target2:0:1: asynchronous
[    3.794080] scsi 2:0:2:0: Direct-Access     VBOX     HARDDISK         1.0  PQ: 0 ANSI: 5
[    3.797588] scsi target2:0:2: Beginning Domain Validation
[    3.801268] scsi target2:0:2: Domain Validation skipping write tests
[    3.803610] scsi target2:0:2: Ending Domain Validation
[    3.805779] scsi target2:0:2: asynchronous
[    3.814042] scsi 2:0:3:0: Direct-Access     VBOX     HARDDISK         1.0  PQ: 0 ANSI: 5
[    3.817657] scsi target2:0:3: Beginning Domain Validation
[    3.821489] scsi target2:0:3: Domain Validation skipping write tests
[    3.823846] scsi target2:0:3: Ending Domain Validation
[    3.826055] scsi target2:0:3: asynchronous
[    3.843486] sd 2:0:0:0: Attached scsi generic sg0 type 0
[    3.846718] sd 2:0:1:0: [sdb] 20480 512-byte logical blocks: (10.5 MB/10.0 MiB)
[    3.849903] sd 2:0:1:0: Attached scsi generic sg1 type 0
[    3.851845] sd 2:0:0:0: [sda] 20971520 512-byte logical blocks: (10.7 GB/10.0 GiB)
[    3.855750] sd 2:0:1:0: [sdb] Write Protect is off
[    3.857893] sd 2:0:1:0: [sdb] Incomplete mode parameter data
[    3.860449] sd 2:0:1:0: [sdb] Assuming drive cache: write through
[    3.862828] sd 2:0:0:0: [sda] Write Protect is off
[    3.863888] sd 2:0:2:0: Attached scsi generic sg2 type 0
[    3.864676] sd 2:0:3:0: Attached scsi generic sg3 type 0
[    3.864971] sd 2:0:2:0: [sdc] 10485760 512-byte logical blocks: (5.37 GB/5.00 GiB)
[    3.865501] sd 2:0:2:0: [sdc] Write Protect is off
[    3.865674] sd 2:0:2:0: [sdc] Incomplete mode parameter data
[    3.865677] sd 2:0:2:0: [sdc] Assuming drive cache: write through
[    3.866677] sd 2:0:3:0: [sdd] 1048576 512-byte logical blocks: (537 MB/512 MiB)
[    3.866947] sd 2:0:3:0: [sdd] Write Protect is off
[    3.867081] sd 2:0:3:0: [sdd] Incomplete mode parameter data
[    3.867085] sd 2:0:3:0: [sdd] Assuming drive cache: write through
[    3.869383] sd 2:0:3:0: [sdd] Attached SCSI disk
[    3.869779] sd 2:0:2:0: [sdc] Attached SCSI disk
[    3.881316] sd 2:0:1:0: [sdb] Attached SCSI disk
[    3.895940] sd 2:0:0:0: [sda] Incomplete mode parameter data
[    3.898154] sd 2:0:0:0: [sda] Assuming drive cache: write through
[    3.901746]  sda: sda1
[    3.904068] sd 2:0:0:0: [sda] Attached SCSI disk
[    4.216788] e1000 0000:00:08.0 eth1: (PCI:33MHz:32-bit) 08:00:27:97:76:03
[    4.219413] e1000 0000:00:08.0 eth1: Intel(R) PRO/1000 Network Connection
[    4.223451] e1000 0000:00:08.0 enp0s8: renamed from eth1
[    4.234607] e1000 0000:00:03.0 enp0s3: renamed from eth0
Begin: Loading essential drivers ... [    6.111599] md: linear personality registered for level -1
[    6.117672] md: multipath personality registered for level -4
[    6.123862] md: raid0 personality registered for level 0
[    6.131581] md: raid1 personality registered for level 1
[    6.205879] raid6: sse2x1   gen()  2535 MB/s
[    6.273881] raid6: sse2x1   xor()  1545 MB/s
[    6.341978] raid6: sse2x2   gen()  4839 MB/s
[    6.410171] raid6: sse2x2   xor()  3041 MB/s
[    6.478233] raid6: sse2x4   gen()  7338 MB/s
[    6.545888] raid6: sse2x4   xor()  4217 MB/s
[    6.547840] raid6: using algorithm sse2x4 gen() 7338 MB/s
[    6.550008] raid6: .... xor() 4217 MB/s, rmw enabled
[    6.551924] raid6: using ssse3x2 recovery algorithm
[    6.555662] xor: automatically using best checksumming function:
[    6.597836]    avx       : 16584.000 MB/sec
[    6.601395] async_tx: api initialized (async)
[    6.620036] md: raid6 personality registered for level 6
[    6.622109] md: raid5 personality registered for level 5
[    6.624216] md: raid4 personality registered for level 4
[    6.635875] md: raid10 personality registered for level 10
done.
Begin: Running /scripts/init-premount ... done.
Begin: Mounting root file system ... Begin: Running /scripts/local-top ... done.
Begin: Running /scripts/local-premount ... [    6.692733] Btrfs loaded
Scanning for Btrfs filesystems
done.
Warning: fsck not present, so skipping root file system
[    6.738454] EXT4-fs (sda1): mounted filesystem with ordered data mode. Opts: (null)
done.
Begin: Running /scripts/local-bottom ... done.
Begin: Running /scripts/init-bottom ... done.
[    6.891655] systemd[1]: systemd 229 running in system mode. (+PAM +AUDIT +SELINUX +IMA +APPARMOR +SMACK +SYSVINIT +UTMP +LIBCRYPTSETUP +GCRYPT +GNUTLS +ACL +XZ -LZ4 +SECCOMP +BLKID +ELFUTILS +KMOD -IDN)
[    6.898725] systemd[1]: Detected virtualization oracle.
[    6.900702] systemd[1]: Detected architecture x86-64.

Welcome to [1mUbuntu 16.04.6 LTS[0m!

[    6.906126] systemd[1]: Set hostname to <ubuntu>.
[    6.910000] systemd[1]: Initializing machine ID from random generator.
[    6.912611] systemd[1]: Installed transient /etc/machine-id file.
[    7.197288] random: nonblocking pool is initialized
[    7.306432] systemd[1]: Created slice System Slice.
[[0;32m  OK  [0m] Created slice System Slice.
[    7.310035] systemd[1]: Listening on Journal Socket (/dev/log).
[[0;32m  OK  [0m] Listening on Journal Socket (/dev/log).
[    7.313958] systemd[1]: Listening on Journal Socket.
[[0;32m  OK  [0m] Listening on Journal Socket.
[    7.330282] systemd[1]: Mounting Huge Pages File System...
         Mounting Huge Pages File System...
[    7.334913] systemd[1]: Mounting POSIX Message Queue File System...
         Mounting POSIX Message Queue File System...
[    7.339581] systemd[1]: Starting Set console keymap...
         Starting Set console keymap...
[    7.343988] systemd[1]: Starting Uncomplicated firewall...
         Starting Uncomplicated firewall...
[    7.349648] systemd[1]: Mounting Debug File System...
         Mounting Debug File System...
[    7.353957] systemd[1]: Starting Create list of required static device nodes for the current kernel...
         Starting Create list of required st... nodes for the current kernel...
[    7.360085] systemd[1]: Listening on Device-mapper event daemon FIFOs.
[[0;32m  OK  [0m] Listening on Device-mapper event daemon FIFOs.
[    7.364811] systemd[1]: Created slice system-serial\x2dgetty.slice.
[[0;32m  OK  [0m] Created slice system-serial\x2dgetty.slice.
[    7.369197] systemd[1]: Created slice User and Session Slice.
[[0;32m  OK  [0m] Created slice User and Session Slice.
[    7.373788] systemd[1]: Started Trigger resolvconf update for networkd DNS.
[[0;32m  OK  [0m] Started Trigger resolvconf update for networkd DNS.
[    7.378140] systemd[1]: Reached target Swap.
[[0;32m  OK  [0m] Reached target Swap.
[    7.390495] systemd[1]: Started Forward Password Requests to Wall Directory Watch.
[[0;32m  OK  [0m] Started Forward Password Requests to Wall Directory Watch.
[    7.414085] systemd[1]: Starting Load Kernel Modules...
         Starting Load Kernel Modules...
[    7.419076] systemd[1]: Listening on Syslog Socket.
[[0;32m  OK  [0m] Listening on Syslog Socket.
[    7.426888] systemd[1]: Starting Remount Root and Kernel File Systems...
         Starting Remount Root and Kernel File Systems...
[    7.439529] systemd[1]: Set up automount Arbitrary Executable File Formats File System Automount Point.
[    7.453168] EXT4-fs (sda1): re-mounted. Opts: (null)
[[0;32m  OK  [0m] Set up automount Arbitrary Executab...ats File System Automount Point.
[    7.462203] Loading iSCSI transport class v2.0-870.
[    7.470181] systemd[1]: Starting Nameserver information manager...
         Starting Nameserver information manager...
[    7.477360] systemd[1]: Reached target User and Group Name Lookups.
[[0;32m  OK  [0m] Reached target User and Group Name Lookups.
[    7.485910] systemd[1]: Reached target System Time Synchronized.
[[0;32m  OK  [0m] Reached target System Time Synchronized.
[    7.489779] iscsi: registered transport (tcp)
[    7.491625] systemd[1]: Reached target Encrypted Volumes.
[[0;32m  OK  [0m] Reached target Encrypted Volumes.
[    7.495605] systemd[1]: Listening on LVM2 metadata daemon socket.
[[0;32m  OK  [0m] Listening on LVM2 metadata daemon socket.
[    7.500783] systemd[1]: Starting Monitoring of LVM2 mirrors, snapshots etc. using dmeventd or progress polling...
         Starting Monitoring of LVM2 mirrors... dmeventd or progress polling...
[    7.506656] systemd[1]: Listening on Journal Audit Socket.
[[0;32m  OK  [0m] Listening on Journal Audit Socket.
[    7.512016] systemd[1]: Listening on udev Kernel Socket.
[[0;32m  OK  [0m] Listening on udev Kernel Socket.
[    7.515954] systemd[1]: Reached target Slices.
[[0;32m  OK  [0m] Reached target Slices.
[    7.519760] systemd[1]: Listening on /dev/initctl Compatibility Named Pipe.
[[0;32m  OK  [0m] Listening on /dev/initctl Compatibility Named Pipe.
[    7.524596] systemd[1]: Listening on LVM2 poll daemon socket.
[[0;32m  OK  [0m] Listening on LVM2 poll daemon socket.
[    7.552244] systemd[1]: Starting Journal Service...
[    7.552735] iscsi: registered transport (iser)
         Starting Journal Service...
[    7.565439] systemd[1]: Listening on udev Control Socket.
[[0;32m  OK  [0m] Listening on udev Control Socket.
[    7.573861] systemd[1]: Mounted POSIX Message Queue File System.
[[0;32m  OK  [0m] Mounted POSIX Message Queue File System.
[    7.578733] systemd[1]: Mounted Huge Pages File System.
[[0;32m  OK  [0m] Mounted Huge Pages File System.
[    7.583170] systemd[1]: Mounted Debug File System.
[[0;32m  OK  [0m] Mounted Debug File System.
[    7.594877] systemd[1]: Started Set console keymap.
[[0;32m  OK  [0m] Started Set console keymap.
[    7.600608] systemd[1]: Started Uncomplicated firewall.
[[0;32m  OK  [0m] Started Uncomplicated firewall.
[    7.605287] systemd[1]: Started Create list of required static device nodes for the current kernel.
[[0;32m  OK  [0m] Started Create list of required sta...ce nodes for the current kernel.
[    7.612166] systemd[1]: Started Load Kernel Modules.
[[0;32m  OK  [0m] Started Load Kernel Modules.
[    7.617228] systemd[1]: Started Remount Root and Kernel File Systems.
[[0;32m  OK  [0m] Started Remount Root and Kernel File Systems.
[    7.629479] systemd[1]: Started Journal Service.
[[0;32m  OK  [0m] Started Journal Service.
[[0;32m  OK  [0m] Started Nameserver information manager.
[[0;32m  OK  [0m] Started LVM2 metadata daemon.
         Starting udev Coldplug all Devices...
         Starting Load/Save Random Seed...
         Starting Flush Journal to Persistent Storage...
         Starting Apply Kernel Variables...
         Mounting FUSE Control File System...
         Starting Create Static Device Nodes in /dev...
[[0;32m  OK  [0m] Started Load/Save Random Seed.
[[0;32m  OK  [0m] Mounted FUSE Control File System.
[    7.680830] systemd-journald[419]: Received request to flush runtime journal from PID 1
[[0;32m  OK  [0m] Started Flush Journal to Persistent Storage.
[[0;32m  OK  [0m] Started Apply Kernel Variables.
[[0;32m  OK  [0m] Started Create Static Device Nodes in /dev.
         Starting udev Kernel Device Manager...
[[0;32m  OK  [0m] Started Monitoring of LVM2 mirrors,...ng dmeventd or progress polling.
[[0;32m  OK  [0m] Reached target Local File Systems (Pre).
[[0;32m  OK  [0m] Reached target Local File Systems.
         Starting Set console font and keymap...
         Starting Initial cloud-init job (pre-networking)...
         Starting Create Volatile Files and Directories...
         Starting LSB: AppArmor initialization...
         Starting Commit a transient machine-id on disk...
         Starting Tell Plymouth To Write Out Runtime Data...
[[0;32m  OK  [0m] Started udev Kernel Device Manager.
[[0;32m  OK  [0m] Started udev Coldplug all Devices.
[[0;32m  OK  [0m] Started Create Volatile Files and Directories.
[[0;32m  OK  [0m] Started Tell Plymouth To Write Out Runtime Data.
[[0;32m  OK  [0m] Started Commit a transient machine-id on disk.
         Starting Update UTMP about System Boot/Shutdown...
[[0;32m  OK  [0m] Started Dispatch Password Requests to Console Directory Watch.
[[0;32m  OK  [0m] Started Update UTMP about System Boot/Shutdown.
[[0;32m  OK  [0m] Found device /dev/ttyS0.
[[0;32m  OK  [0m] Listening on Load/Save RF Kill Switch Status /dev/rfkill Watch.
[    9.665032] cloud-init[487]: Cloud-init v. 19.4-33-gbb4131a2-0ubuntu1~16.04.1 running 'init-local' at Wed, 26 Feb 2020 23:42:48 +0000. Up 8.84 seconds.
[[0;32m  OK  [0m] Started Initial cloud-init job (pre-networking).
[[0;32m  OK  [0m] Reached target Network (Pre).
[[0;32m  OK  [0m] Started Set console font and keymap.
[[0;32m  OK  [0m] Created slice system-getty.slice.
[[0;32m  OK  [0m] Started LSB: AppArmor initialization.
         Starting Raise network interfaces...
[[0;32m  OK  [0m] Started Raise network interfaces.
[[0;32m  OK  [0m] Reached target Network.
         Starting Initial cloud-init job (metadata service crawler)...
[   12.666142] cloud-init[1015]: Cloud-init v. 19.4-33-gbb4131a2-0ubuntu1~16.04.1 running 'init' at Wed, 26 Feb 2020 23:42:51 +0000. Up 11.84 seconds.
[   12.669362] cloud-init[1015]: ci-info: ++++++++++++++++++++++++++++++++++++++Net device info+++++++++++++++++++++++++++++++++++++++
[   12.674206] cloud-init[1015]: ci-info: +--------+-------+----------------------------+---------------+--------+-------------------+
[   12.676888] cloud-init[1015]: ci-info: | Device |   Up  |          Address           |      Mask     | Scope  |     Hw-Address    |
[   12.679423] cloud-init[1015]: ci-info: +--------+-------+----------------------------+---------------+--------+-------------------+
[   12.683301] cloud-init[1015]: ci-info: | enp0s3 |  True |         10.0.2.15          | 255.255.255.0 | global | 02:bb:f4:57:e9:87 |
[   12.686258] cloud-init[1015]: ci-info: | enp0s3 |  True | fe80::bb:f4ff:fe57:e987/64 |       .       |  link  | 02:bb:f4:57:e9:87 |
[   12.691866] cloud-init[1015]: ci-info: | enp0s8 | False |             .              |       .       |   .    | 08:00:27:97:76:03 |
[   12.694522] cloud-init[1015]: ci-info: |   lo   |  True |         127.0.0.1          |   255.0.0.0   |  host  |         .         |
[   12.697994] cloud-init[1015]: ci-info: |   lo   |  True |          ::1/128           |       .       |  host  |         .         |
[   12.700636] cloud-init[1015]: ci-info: +--------+-------+----------------------------+---------------+--------+-------------------+
[   12.704828] cloud-init[1015]: ci-info: +++++++++++++++++++++++++++Route IPv4 info++++++++++++++++++++++++++++
[   12.708115] cloud-init[1015]: ci-info: +-------+-------------+----------+---------------+-----------+-------+
[   12.711288] cloud-init[1015]: ci-info: | Route | Destination | Gateway  |    Genmask    | Interface | Flags |
[   12.720918] cloud-init[1015]: ci-info: +-------+-------------+----------+---------------+-----------+-------+
[   12.723494] cloud-init[1015]: ci-info: |   0   |   0.0.0.0   | 10.0.2.2 |    0.0.0.0    |   enp0s3  |   UG  |
[[0;32m  OK  [0m] Started Initial cloud-init job (metadata service crawler).
[[0;32m  OK  [0m] Reached target Cloud-config availability.
[[0;32m  OK  [0m] Reached target System Initialization.
[[0;32m  OK  [0m] Listening on UUID daemon activation socket.
[[0;32m  OK  [0m] Started Message of the Day.
[[0;32m  OK  [0m[   12.732511] cloud-init[1015]: ci-info: |   1   |   10.0.2.0  | 0.0.0.0  | 255.255.255.0 |   enp0s3  |   U   |
[   12.742123] cloud-init[1015]: ci-info: +-------+-------------+----------+---------------+-----------+-------+
[   12.744091] ] Listening on ACPID Listen Socket.
[[0;32m  OK  [0m] Listening on D-Bus System Message Bus Socket.
[[0;32m  OK  [0m] Started Daily apt download activities.
[[0;32m  OK  [0m] Started Daily apt upgrade and clean activities.
cloud-init[1015]: ci-info: +++++++++++++++++++Route IPv6 info+++++++++++++++++++
         Starting LXD - unix socket.
[[0;32m  OK  [0m] Started ACPI Events Check.
[[0;32m  OK  [0m] Reached target Paths.
[[0;32m  OK  [0m] Started Daily Cleanup of Temporary Directories.[   12.752526] cloud-init[1015]: ci-info: +-------+-------------+---------+-----------+-------+
[   12.758415] cloud-init[1015]: ci-info: | Route | Destination | Gateway | Interface | Flags |

         Starting Socket activation for snappy daemon.
[[0;32m  OK  [0m] Reached target Timers.
[[0;32m  OK  [0m] Reached target Network is Online.
[   12.764929] cloud-init[1015]: ci-info: +-------+-------------+---------+-----------+-------+
[   12.767119] cloud-init[1015]: ci-info: |   0   |  fe80::/64  |    ::   |   enp0s3  |   U   |
[   12.769348] cloud-init[1015]: ci-info: |   3   |   ff00::/8  |    ::   |   enp0s3  |   U   |
[   12.771539] cloud-init[1015]: ci-info: +-------+-------------+---------+-----------+-------+
[   12.773734] cloud-init[1015]: Generating public/private rsa key pair.
[   12.775565]          Starting iSCSI initiator daemon (iscsid)...
[[0;32m  OK  [0mcloud-init[1015]: Your identification has been saved in /etc/ssh/ssh_host_rsa_key.
[   12.777958] cloud-init[1015]: Your public key has been saved in /etc/ssh/ssh_host_rsa_key.pub.
[   12.778411] cloud-init[1015]: The key fingerprint is:
] Listening on LXD - unix socket.
[[0;32m  OK  [0m] Listening on Socket activation for snappy daemon.
[[0;32m  OK  [0m] Reached target Sockets.
[   12.778546] [[0;32m  OK  [0m] Reached target Basic System.
cloud-init[1015]: SHA256:EzA67qRjOwuCSoXkAaA0zEBJuwhVweLCcgRqXLzFKzY root@ubuntu-xenial
[   12.789322] [[0;32m  OK  [0m] Started Regular background program processing daemon.
cloud-init[1015]: The key's randomart image is:
[   12.800465]          Starting Virtualbox guest utils...
cloud-init[1015]: +---[RSA 2048]----+
[   12.803060]          Starting Pollinate to seed the pseudo random number generator...
cloud-init[1015]: |%*+++.o          |
         Starting LXD - container startup/shutdown...
[   12.808556] cloud-init         Starting /etc/rc.local Compatibility...
[1015]: |*=*..+ o         |[[0;32m  OK  [0m] Started ACPI event daemon.

         Starting LSB: MD monitoring daemon...
[   12.815066]          Starting Login Service...
[[0;32m  OK  [0m] Started D-Bus System Message Bus.
cloud-init[1015]: |=O .= . .        |
[   12.831063] cloud-init[1015]: |O.*E o   .       |
[   12.833600] cloud-init[1015]: |o*..=   S        |
[   12.841030] cloud-init[1015]: |. .+     .       |
[   12.842628] cloud-init[1015]: |+.+ .            |
[   12.844052] cloud-init[1015]: |+o.o             |
[   12.845724] cloud-init[1015]: |. oo             |
[   12.847612] cloud-init[1015]: +----[SHA256]-----+
[   12.849596] cloud-init[1015]: Generating public/private dsa key pair.
[   12.852030] cloud-init[1015]: Your identification has been saved in /etc/ssh/ssh_host_dsa_key.
[   12.854875] cloud-init[1015]: Your public key has been saved in /etc/ssh/ssh_host_dsa_key.pub.
[   12.857729] cloud-init[1015]: The key fingerprint is:
[   12.859495] cloud-init[1015]: SHA256:DkzMJrqh4yFAsisH6m8uK+XpzqDodyCfWXgCI7Pmsow root@ubuntu-xenial
[   12.861730] cloud-init[1015]: The key's randomart image is:
[   12.863832] cloud-init[1015]: +---[DSA 1024]----+
[   12.865372] cloud-init[1015]: |                 |
[   12.867008] cloud-init[1015]: |     o           |
[   12.868680] cloud-init[1015]: |..  . =          |
[   12.870071] cloud-init[1015]: |=+ . =           |
[   12.871767] cloud-init[1015]: |=o= . o S        |
[   12.873178] cloud-init[1015]: |+*.* o o         |
[   12.874526] cloud-init[1015]: |@+=.B   .        |
[   12.876411] cloud-init[1015]: |%B+* .           |
[   12.878355] cloud-init[1015]: |EX@o.            |
[   12.879649] cloud-init[1015]: +----[SHA256]-----+
[   12.880980] cloud-init[1015]: Generating public/private ecdsa key pair.
[   12.882667] cloud-init[1015]: Your identification has been saved in /etc/ssh/ssh_host_ecdsa_key.
[   12.885305] cloud-init[1015]: Your public key has been saved in /etc/ssh/ssh_host_ecdsa_key.pub.
[   12.887683] cloud-init[1015]: The key fingerprint is:
[   12.889650] cloud-init[1015]: SHA256:HWO/B0wwt/qMAe/6rgdkbRCK7WVCYsCpdcJO7JZkS8M root@ubuntu-xenial
[   12.891990] cloud-init[1015]: The key's randomart image is:
[   12.893966] cloud-init[1015]: +---[ECDSA 256]---+
[   12.898417] cloud-init[1015]: | =.oo . ..o .    |
[   12.913707] [[0;32m  OK  [0m] Started Deferred execution scheduler.
cloud-init[1015]: |  E..= ..  + .   |
[   12.918306]          cloud-initStarting LSB: Record successful boot for GRUB...[1015]: 
| X *. + +o+ o    |
[   12.923456]          cloud-initStarting Snappy daemon...[1015]: 
|. *  . +o=oB     |
[   12.932620]          cloud-initStarting System Logging Service...[1015]: 
| .    .oS.= +    |
[   12.934937] [cloud-init[0;32m  OK  [0m[1015]: ] |        .. = o   |Started FUSE filesystem for LXC.

[   12.935329] cloud-init         Starting Accounts Service...
[1015]: |         .o + .  |
[[0;32m  OK  [0m] Started /etc/rc.local Compatibility.
[   12.942687] cloud-init[1015]: |         ..  .   |
[   12.946987] cloud-init[1015]: |        o=o      |
[[0;32m  OK  [0m] Started Login Service.
[[0;32m  OK  [0m] Started Unattended Upgrades Shutdown.
[[0;32m  OK  [0m] Started iSCSI initiator daemon (iscsid).
         Starting Login to default iSCSI targets...
[   12.964651] cloud-init[1015]: +----[SHA256]-----+
[[0;32m  OK  [0m] Started System Logging Service.
[   12.994807] cloud-init[1015]: Generating public/private ed25519 key pair.
[   12.997572] cloud-init[1015]: Your identification has been saved in /etc/ssh/ssh_host_ed25519_key.
[   13.008613] cloud-init[1015]: Your public key has been saved in /etc/ssh/ssh_host_ed25519_key.pub.
[   13.021023] cloud-init[1015]: The key fingerprint is:
[   13.023030] cloud-init[1015]: SHA256:SA8yX7i0l104e69v+/04rz2BtuJIeY1GTuDStppGW+U root@ubuntu-xenial
[   13.035506] cloud-init[[0;32m  OK  [0m] Started LSB: MD monitoring daemon.
[1015]: The key's randomart image is:
[   13.052880] cloud-init[1015]: +--[ED25519 256]--+
[   13.055011] cloud-init[1015]: |                 |
[   13.056695] cloud-init[1015]: |       .   .     |
[   13.072028] cloud-init[1015]: |    o = ..o .    |
[   13.098108] [[0;32m  OK  [0m] Started Login to default iSCSI targets.
[[0;32m  OK  [0m] Reached target Remote File Systems (Pre).
[[0;32m  OK  [0m] Reached target Remote File Systems.
         Starting LSB: daemon to balance interrupts for SMP systems...
         Starting LSB: Set the CPU Frequency Scaling governor to "ondemand"...
         Starting LSB: automatic crash report generation...
         Starting Permit User Sessions...
cloud-init[1015]: |     * Boo.=     |
[   13.139764] cloud-init[1015]: |      =.S+=o. .  |
[   13.145332] cloud-init[1015]: |       oo.*Eo+ . |
[[0;32m  OK  [0m] Started LSB: Record successful boot for GRUB.
[   13.160446] cloud-init[1015]: |      . o+ =..o .|
[   13.160947] cloud-init[1015]: |       o+ +. oo+.|
[[0;32m  OK  [0m] Started Permit User Sessions.
[[0;32m  OK  [0m] Started LXD - container startup/shutdown.
[   13.161451] cloud-init[1015]: |      .o ...oo=*O|
[   13.173936] cloud-init[1015]: +----[SHA256]-----+
         Starting Authenticate and Authorize Users to Run Privileged Tasks...
         Starting Hold until boot process finishes up...
         Starting Terminate Plymouth Boot Screen...
[[0;32m  OK  [0m] Started Hold until boot process finishes up.
[[0;32m  OK  [0m] Started Terminate Plymouth Boot Screen.
         Starting Set console scheme...
[[0;32m  OK  [0m] Started Getty on tty1.
[[0;32m  OK  [0m] Started Serial Getty on ttyS0.
[[0;32m  OK  [0m] Reached target Login Prompts.
[[0;32m  OK  [0m] Started LSB: automatic crash report generation.
[[0;32m  OK  [0m] Started Set console scheme.
[[0;32m  OK  [0m] Started LSB: Set the CPU Frequency Scaling governor to "ondemand".
[[0;32m  OK  [0m] Started Authenticate and Authorize Users to Run Privileged Tasks.
[[0;32m  OK  [0m] Started Accounts Service.
[[0;32m  OK  [0m] Started LSB: daemon to balance interrupts for SMP systems.
[[0;32m  OK  [0m] Started Virtualbox guest utils.
[[0;32m  OK  [0m] Started Pollinate to seed the pseudo random number generator.
         Starting OpenBSD Secure Shell server...
[[0;32m  OK  [0m] Started Snappy daemon.
         Starting Wait until snapd is fully seeded...
[[0;32m  OK  [0m] Started OpenBSD Secure Shell server.
[[0;32m  OK  [0m] Started Wait until snapd is fully seeded.
[[0;32m  OK  [0m] Reached target Multi-User System.
[[0;32m  OK  [0m] Reached target Graphical Interface.
         Starting Update UTMP about System Runlevel Changes...
         Starting Apply the settings specified in cloud-config...
[[0;32m  OK  [0m] Started Update UTMP about System Runlevel Changes.
[   15.585062] cloud-init[1376]: Generating locales (this might take a while)...
[   17.884058] cloud-init[1376]:   en_US.UTF-8... done
[   17.886259] cloud-init[1376]: Generation complete.
[   18.519492] cloud-init[1376]: Cloud-init v. 19.4-33-gbb4131a2-0ubuntu1~16.04.1 running 'modules:config' at Wed, 26 Feb 2020 23:42:55 +0000. Up 15.39 seconds.

Ubuntu 16.04.6 LTS ubuntu-xenial ttyS0

ubuntu-xenial login: ci-info: no authorized SSH keys fingerprints found for user ubuntu.
<14>Feb 26 23:42:59 ec2: 
<14>Feb 26 23:42:59 ec2: #############################################################
<14>Feb 26 23:42:59 ec2: -----BEGIN SSH HOST KEY FINGERPRINTS-----
<14>Feb 26 23:42:59 ec2: 1024 SHA256:DkzMJrqh4yFAsisH6m8uK+XpzqDodyCfWXgCI7Pmsow root@ubuntu-xenial (DSA)
<14>Feb 26 23:42:59 ec2: 256 SHA256:HWO/B0wwt/qMAe/6rgdkbRCK7WVCYsCpdcJO7JZkS8M root@ubuntu-xenial (ECDSA)
<14>Feb 26 23:42:59 ec2: 256 SHA256:SA8yX7i0l104e69v+/04rz2BtuJIeY1GTuDStppGW+U root@ubuntu-xenial (ED25519)
<14>Feb 26 23:42:59 ec2: 2048 SHA256:EzA67qRjOwuCSoXkAaA0zEBJuwhVweLCcgRqXLzFKzY root@ubuntu-xenial (RSA)
<14>Feb 26 23:42:59 ec2: -----END SSH HOST KEY FINGERPRINTS-----
<14>Feb 26 23:42:59 ec2: #############################################################
-----BEGIN SSH HOST KEY KEYS-----
ecdsa-sha2-nistp256 AAAAE2VjZHNhLXNoYTItbmlzdHAyNTYAAAAIbmlzdHAyNTYAAABBBHwO8Y3MHB0lgqXmZkFONjGWtzHoxvm/WK8caf8LlPcz/jUZ/7ofykrPf0sVWzSQoDP6f26ycbvwFJxNA4E0Bss= root@ubuntu-xenial
ssh-ed25519 AAAAC3NzaC1lZDI1NTE5AAAAIOJtP/NXXTJyhV/T5sEEtV8sQv+NjfUyTYKtolf2Tovz root@ubuntu-xenial
ssh-rsa AAAAB3NzaC1yc2EAAAADAQABAAABAQDYKC25xTBTdzF2RnpYU1oUVpPzMFx074/4fQuYxlgcCsg1A/BXcPbDjCpAQIj7zl8VKdl0NIHSPBj7MIZHWXrLtogR+JHuPCI6brENcsjZKY+T9KmUc5r2GIpFqOGjzsHdIvl6lDQOSnanctz/s9PCITsGjEPqQQjZkIDYgmon70kQ934sOAOvBBYWNJUnoEFz3yjHvEQXj3154guBXeflqdUyhoOAiu2+yvqZ0+Tc7Y0+/mocKYscUuwhxWTtNxZj0IFPejK44fs3vP4+prlCdskI+LDgPR0x5RarR7hsxwshIXgNtbuX2OBFwZFUu/FTtGQNIzA2iTT3eua4kFol root@ubuntu-xenial
-----END SSH HOST KEY KEYS-----
[   19.572436] cloud-init[1458]: Cloud-init v. 19.4-33-gbb4131a2-0ubuntu1~16.04.1 running 'modules:final' at Wed, 26 Feb 2020 23:42:59 +0000. Up 19.26 seconds.
[   19.600593] cloud-init[1458]: ci-info: no authorized SSH keys fingerprints found for user ubuntu.
[   19.602776] cloud-init[1458]: Cloud-init v. 19.4-33-gbb4131a2-0ubuntu1~16.04.1 finished at Wed, 26 Feb 2020 23:42:59 +0000. Datasource DataSourceNoCloud [seed=/dev/sdb][dsmode=net].  Up 19.54 seconds
[[0;32m  OK  [0m] Stopped target Timers.
[[0;32m  OK  [0m] Stopped Daily apt upgrade and clean activities.
[[0;32m  OK  [0m] Closed Load/Save RF Kill Switch Status /dev/rfkill Watch.
[[0;32m  OK  [0m] Stopped Message of the Day.
         Stopping Session 3 of user vagrant.
[[0;32m  OK  [0m] Stopped target Graphical Interface.
[[0;32m  OK  [0m] Stopped target Cloud-init target.
[[0;32m  OK  [0m] Stopped Daily Cleanup of Temporary Directories.
         Stopping Authenticate and Authorize Users to Run Privileged Tasks...
         Unmounting /root...
[[0;32m  OK  [0m] Stopped Execute cloud user/final scripts.
[[0;32m  OK  [0m] Stopped Apply the settings specified in cloud-config.
[[0;32m  OK  [0m] Stopped target Cloud-config availability.
[[0;32m  OK  [0m] Stopped target Multi-User System.
[[0;32m  OK  [0m] Stopped Wait until snapd is fully seeded.
         Stopping System Logging Service...
[[0;32m  OK  [0m] Stopped target Login Prompts.
         Stopping Serial Getty on         Stopping LSB: daemon to balance interrupts for SMP systems...
         Stopping LSB: MD monitoring daemon...
         Stopping OpenBSD Secure Shell server...
         Stopping Regular background program processing daemon...
         Stopping LXD - container startup/shutdown...
         Stopping Virtualbox guest utils...
         Stopping D-Bus System Message Bus...
         Stopping Unattended Upgrades Shutdown...
         Stopping LSB: Set the CPU Frequency Scaling governor to "ondemand"...
         Stopping LSB: automatic crash report generation...
[[0;32m  OK  [0m] Stopped Daily apt download activities.
[[0;32m  OK  [0m] Stopped target System Time Synchronized.
         Stopping User Manager for UID 1000...
         Stopping LSB: Record successful boot for GRUB...
         Stopping FUSE filesystem for LXC...
         Stopping Deferred execution scheduler...
         Stopping Getty on tty1...
         Stopping ACPI event daemon...
         Stopping Accounts Service...
[[0;32m  OK  [0m] Unmounted /var/lib/lxcfs.
[[0;32m  OK  [0m] Stopped Regular background program processing daemon.
[[0;32m  OK  [0m] Stopped Deferred execution scheduler.
[[0;32m  OK  [0m] Stopped System Logging Service.
[[0;32m  OK  [0m] Stopped Accounts Service.
[[0;32m  OK  [0m] Stopped Authenticate and Authorize Users to Run Privileged Tasks.
[[0;32m  OK  [0m] Stopped Getty on tty1.
[[0;32m  OK  [0m] Stopped Unattended Upgrades Shutdown.
[[0;32m  OK  [0m] Stopped Serial Getty on ttyS0.
[[0;32m  OK  [0m] Stopped OpenBSD Secure Shell server.
[[0;32m  OK  [0m] Stopped ACPI event daemon.
[[0;32m  OK  [0m] Stopped User Manager for UID 1000.
[[0;32m  OK  [0m] Unmounted /root.
[[0;32m  OK  [0m] Stopped Session 3 of user vagrant.
[[0;32m  OK  [0m] Stopped D-Bus System Message Bus.
[[0;32m  OK  [0m] Stopped FUSE filesystem for LXC.
[[0;32m  OK  [0m] Stopped LXD - container startup/shutdown.
[[0;32m  OK  [0m] Stopped LSB: Record successful boot for GRUB.
[[0;32m  OK  [0m] Stopped LSB: daemon to balance interrupts for SMP systems.
[[0;32m  OK  [0m] Stopped LSB: MD monitoring daemon.
[[0;32m  OK  [0m] Stopped LSB: Set the CPU Frequency Scaling governor to "ondemand".
[[0;32m  OK  [0m] Stopped LSB: automatic crash report generation.
[[0;32m  OK  [0m] Removed slice User Slice of vagrant.
[[0;32m  OK  [0m] Removed slice system-serial\x2dgetty.slice.
         Stopping Login Service...
         Stopping Permit User Sessions...
[[0;32m  OK  [0m] Stopped /etc/rc.local Compatibility.
[[0;32m  OK  [0m] Removed slice system-getty.slice.
[[0;32m  OK  [0m] Stopped Permit User Sessions.
[[0;32m  OK  [0m] Stopped target Remote File Systems.
[[0;32m  OK  [0m] Stopped target Remote File Systems (Pre).
         Stopping Login to default iSCSI targets...
[[0;32m  OK  [0m] Stopped Virtualbox guest utils.
[[0;32m  OK  [0m] Stopped Login Service.
[[0;32m  OK  [0m] Stopped target User and Group Name Lookups.
[[0;32m  OK  [0m] Stopped Login to default iSCSI targets.
         Stopping iSCSI initiator daemon (iscsid)...
[[0;32m  OK  [0m] Stopped iSCSI initiator daemon (iscsid).
[[0;32m  OK  [0m] Stopped Elasticsearch.
[[0;32m  OK  [0m] Stopped target Network is Online.
[[0;32m  OK  [0m] Stopped target Network.
[[0;32m  OK  [0m] Stopped logstash.
[[0;32m  OK  [0m] Stopped target Basic System.
[[0;32m  OK  [0m] Stopped target Sockets.
[[0;32m  OK  [0m] Closed Socket activation for snappy daemon.
[[0;32m  OK  [0m] Closed LXD - unix socket.
[[0;32m  OK  [0m] Closed UUID daemon activation socket.
[[0;32m  OK  [0m] Closed ACPID Listen Socket.
[[0;32m  OK  [0m] Closed D-Bus System Message Bus Socket.
[[0;32m  OK  [0m] Closed Syslog Socket.
[[0;32m  OK  [0m] Stopped target Slices.
[[0;32m  OK  [0m] Removed slice User and Session Slice.
[[0;32m  OK  [0m] Stopped target Paths.
[[0;32m  OK  [0m] Stopped Forward Password Requests to Wall Directory Watch.
[[0;32m  OK  [0m] Stopped Dispatch Password Requests to Console Directory Watch.
[[0;32m  OK  [0m] Stopped ACPI Events Check.
[[0;32m  OK  [0m] Stopped target System Initialization.
         Stopping Update UTMP about System Boot/Shutdown...
[[0;32m  OK  [0m] Stopped target Swap.
         Deactivating swap /dev/disk/by-uuid...8-a2c4-4bff-859e-2cacabf239cf...
[[0;32m  OK  [0m] Stopped target Encrypted Volumes.
         Stopping Load/Save Random Seed...
[[0;32m  OK  [0m] Stopped Initial cloud-init job (metadata service crawler).
         Stopping Raise network interfaces...
[[0;32m  OK  [0m] Stopped Commit a transient machine-id on disk.
[[0;32m  OK  [0m] Deactivated swap /dev/disk/by-uuid/...248-a2c4-4bff-859e-2cacabf239cf.
[[0;32m  OK  [0m] Deactivated swap /dev/disk/by-path/...0000:00:14.0-scsi-0:0:3:0-part1.
[[0;32m  OK  [0m] Deactivated swap /dev/sdd1.
[[0;32m  OK  [0m] Stopped Load/Save Random Seed.
[[0;32m  OK  [0m] Stopped Update UTMP about System Boot/Shutdown.
[[0;32m  OK  [0m] Stopped Create Volatile Files and Directories.
[[0;32m  OK  [0m] Stopped Flush Journal to Persistent Storage.
[[0;32m  OK  [0m] Stopped Raise network interfaces.
[[0;32m  OK  [0m] Stopped Apply Kernel Variables.
[[0;32m  OK  [0m] Stopped target Local File Systems.
         Unmounting /vagrant...
         Unmounting /run/user/1000...
         Unmounting /var/log...
[[0;32m  OK  [0m] Stopped Load Kernel Modules.
[[0;32m  OK  [0m] Stopped target Network (Pre).
[[0;32m  OK  [0m] Stopped Initial cloud-init job (pre-networking).
         Unmounting /var/lib...
[[0;32m  OK  [0m] Unmounted /vagrant.
[[0;32m  OK  [0m] Unmounted /run/user/1000.
[[0;32m  OK  [0m] Unmounted /var/log.
[[0;32m  OK  [0m] Unmounted /var/lib.
[[0;32m  OK  [0m] Reached target Unmount All Filesystems.
[[0;32m  OK  [0m] Stopped target Local File Systems (Pre).
[[0;32m  OK  [0m] Stopped Remount Root and Kernel File Systems.
[[0;32m  OK  [0m] Stopped Create Static Device Nodes in /dev.
[[0;32m  OK  [0m] Reached target Shutdown.
[  418.296912] reboot: Power down
